{"numTotalTestSuites":80,"numPassedTestSuites":80,"numFailedTestSuites":0,"numPendingTestSuites":0,"numTotalTests":135,"numPassedTests":135,"numFailedTests":0,"numPendingTests":0,"numTodoTests":0,"snapshot":{"added":0,"failure":false,"filesAdded":0,"filesRemoved":0,"filesRemovedList":[],"filesUnmatched":0,"filesUpdated":0,"matched":0,"total":0,"unchecked":0,"uncheckedKeysByFile":[],"unmatched":0,"updated":0,"didUpdate":false},"startTime":1764732281777,"success":true,"testResults":[{"assertionResults":[{"ancestorTitles":["airside engine - full tests"],"fullName":"airside engine - full tests nominal fixture should be ok","status":"passed","title":"nominal fixture should be ok","duration":4.299800000000005,"failureMessages":[],"meta":{}},{"ancestorTitles":["airside engine - full tests"],"fullName":"airside engine - full tests lowflow fixture should indicate low airflow (alert or critical)","status":"passed","title":"lowflow fixture should indicate low airflow (alert or critical)","duration":0.7759999999999536,"failureMessages":[],"meta":{}},{"ancestorTitles":["airside engine - full tests"],"fullName":"airside engine - full tests frozen fixture should indicate critical overallFinding due to deltaT","status":"passed","title":"frozen fixture should indicate critical overallFinding due to deltaT","duration":0.6674000000000433,"failureMessages":[],"meta":{}}],"startTime":1764732282836,"endTime":1764732282841.6675,"status":"passed","message":"","name":"D:/DiagX-Omen/test/airside.engine.full.test.ts"},{"assertionResults":[{"ancestorTitles":["airside module - integration tests"],"fullName":"airside module - integration tests validate catches missing temps","status":"passed","title":"validate catches missing temps","duration":1.7060999999999922,"failureMessages":[],"meta":{}},{"ancestorTitles":["airside module - integration tests"],"fullName":"airside module - integration tests getMeasurementHelp returns MeasurementHelp for known keys","status":"passed","title":"getMeasurementHelp returns MeasurementHelp for known keys","duration":0.9874000000000365,"failureMessages":[],"meta":{}},{"ancestorTitles":["airside module - integration tests"],"fullName":"airside module - integration tests diagnose delegates to engine and explainDiagnosis returns structured object","status":"passed","title":"diagnose delegates to engine and explainDiagnosis returns structured object","duration":3.1012999999999806,"failureMessages":[],"meta":{}}],"startTime":1764732283010,"endTime":1764732283016.1013,"status":"passed","message":"","name":"D:/DiagX-Omen/test/airside.module.test.ts"},{"assertionResults":[{"ancestorTitles":["validateAirflowOverrideCFM","validation helper function"],"fullName":"validateAirflowOverrideCFM validation helper function accepts override within CFM/ton bounds for low TESP","status":"passed","title":"accepts override within CFM/ton bounds for low TESP","duration":2.0170000000000528,"failureMessages":[],"meta":{}},{"ancestorTitles":["validateAirflowOverrideCFM","validation helper function"],"fullName":"validateAirflowOverrideCFM validation helper function rejects override when CFM/ton too low for TESP","status":"passed","title":"rejects override when CFM/ton too low for TESP","duration":0.44649999999990087,"failureMessages":[],"meta":{}},{"ancestorTitles":["validateAirflowOverrideCFM","validation helper function"],"fullName":"validateAirflowOverrideCFM validation helper function rejects override when CFM/ton too high for TESP","status":"passed","title":"rejects override when CFM/ton too high for TESP","duration":0.3872000000000071,"failureMessages":[],"meta":{}},{"ancestorTitles":["validateAirflowOverrideCFM","validation helper function"],"fullName":"validateAirflowOverrideCFM validation helper function uses conservative default TESP (0.5) when not provided","status":"passed","title":"uses conservative default TESP (0.5) when not provided","duration":0.49739999999997053,"failureMessages":[],"meta":{}},{"ancestorTitles":["validateAirflowOverrideCFM","validation helper function"],"fullName":"validateAirflowOverrideCFM validation helper function rejects when nominalTons is zero or missing","status":"passed","title":"rejects when nominalTons is zero or missing","duration":0.24320000000000164,"failureMessages":[],"meta":{}},{"ancestorTitles":["validateAirflowOverrideCFM","validation helper function"],"fullName":"validateAirflowOverrideCFM validation helper function rejects negative override values","status":"passed","title":"rejects negative override values","duration":0.1852000000000089,"failureMessages":[],"meta":{}},{"ancestorTitles":["validateAirflowOverrideCFM","validation helper function"],"fullName":"validateAirflowOverrideCFM validation helper function handles high restriction scenario (TESP > 1.0)","status":"passed","title":"handles high restriction scenario (TESP > 1.0)","duration":0.25110000000006494,"failureMessages":[],"meta":{}},{"ancestorTitles":["AirsideDiagnosticModule with airflow override"],"fullName":"AirsideDiagnosticModule with airflow override accepts valid override and sets airflowSource to technician_override","status":"passed","title":"accepts valid override and sets airflowSource to technician_override","duration":1.9931000000000267,"failureMessages":[],"meta":{}},{"ancestorTitles":["AirsideDiagnosticModule with airflow override"],"fullName":"AirsideDiagnosticModule with airflow override includes technician note in disclaimer when provided","status":"passed","title":"includes technician note in disclaimer when provided","duration":0.5732000000000426,"failureMessages":[],"meta":{}},{"ancestorTitles":["AirsideDiagnosticModule with airflow override"],"fullName":"AirsideDiagnosticModule with airflow override rejects override and falls back to inferred when CFM/ton too low","status":"passed","title":"rejects override and falls back to inferred when CFM/ton too low","duration":0.9272999999999456,"failureMessages":[],"meta":{}},{"ancestorTitles":["AirsideDiagnosticModule with airflow override"],"fullName":"AirsideDiagnosticModule with airflow override rejects override and falls back when CFM/ton too high","status":"passed","title":"rejects override and falls back when CFM/ton too high","duration":0.3362000000000762,"failureMessages":[],"meta":{}},{"ancestorTitles":["AirsideDiagnosticModule with airflow override"],"fullName":"AirsideDiagnosticModule with airflow override uses externalStatic as fallback when totalExternalStatic not provided","status":"passed","title":"uses externalStatic as fallback when totalExternalStatic not provided","duration":0.3747000000000753,"failureMessages":[],"meta":{}},{"ancestorTitles":["AirsideDiagnosticModule with airflow override"],"fullName":"AirsideDiagnosticModule with airflow override infers airflow from deltaT when no override provided","status":"passed","title":"infers airflow from deltaT when no override provided","duration":0.2844000000000051,"failureMessages":[],"meta":{}},{"ancestorTitles":["AirsideDiagnosticModule with airflow override"],"fullName":"AirsideDiagnosticModule with airflow override uses measuredCFM when provided without override","status":"passed","title":"uses measuredCFM when provided without override","duration":0.23880000000008295,"failureMessages":[],"meta":{}},{"ancestorTitles":["AirsideDiagnosticModule with airflow override"],"fullName":"AirsideDiagnosticModule with airflow override override takes precedence over measuredCFM when valid","status":"passed","title":"override takes precedence over measuredCFM when valid","duration":0.22950000000003,"failureMessages":[],"meta":{}},{"ancestorTitles":["AirsideEngineResult structure"],"fullName":"AirsideEngineResult structure includes airflowCFM and airflowSource in values object","status":"passed","title":"includes airflowCFM and airflowSource in values object","duration":0.531400000000076,"failureMessages":[],"meta":{}},{"ancestorTitles":["AirsideEngineResult structure"],"fullName":"AirsideEngineResult structure preserves existing engine output fields","status":"passed","title":"preserves existing engine output fields","duration":0.4515999999999849,"failureMessages":[],"meta":{}}],"startTime":1764732282445,"endTime":1764732282455.5315,"status":"passed","message":"","name":"D:/DiagX-Omen/test/airside.override.test.ts"},{"assertionResults":[{"ancestorTitles":["airside recommendation helper"],"fullName":"airside recommendation helper generates critical recommendation for critical deltaT","status":"passed","title":"generates critical recommendation for critical deltaT","duration":4.227300000000014,"failureMessages":[],"meta":{}},{"ancestorTitles":["airside recommendation helper"],"fullName":"airside recommendation helper returns a preventive low-priority recommendation when conditions are normal","status":"passed","title":"returns a preventive low-priority recommendation when conditions are normal","duration":1.1625000000000227,"failureMessages":[],"meta":{}},{"ancestorTitles":["airside recommendation helper"],"fullName":"airside recommendation helper emits all required advisories for frozen_coil_like scenario","status":"passed","title":"emits all required advisories for frozen_coil_like scenario","duration":3.2998000000000047,"failureMessages":[],"meta":{}},{"ancestorTitles":["airside recommendation helper"],"fullName":"airside recommendation helper emits low airflow and abnormal deltaT advisories for low_delta_but_low_cfm scenario","status":"passed","title":"emits low airflow and abnormal deltaT advisories for low_delta_but_low_cfm scenario","duration":1.1585000000000036,"failureMessages":[],"meta":{}},{"ancestorTitles":["airside recommendation helper"],"fullName":"airside recommendation helper emits high airflow / low deltaT advisory for very_high_airflow scenario","status":"passed","title":"emits high airflow / low deltaT advisory for very_high_airflow scenario","duration":1.0920999999999594,"failureMessages":[],"meta":{}},{"ancestorTitles":["airside recommendation helper"],"fullName":"airside recommendation helper does not emit new advisory IDs for nominal cooling fixture","status":"passed","title":"does not emit new advisory IDs for nominal cooling fixture","duration":0.8577000000000226,"failureMessages":[],"meta":{}}],"startTime":1764732282567,"endTime":1764732282579.8577,"status":"passed","message":"","name":"D:/DiagX-Omen/test/airside.recommendations.test.ts"},{"assertionResults":[{"ancestorTitles":["airside validation (phase 2)"],"fullName":"airside validation (phase 2) flags missing critical field returnAirTemp as error","status":"passed","title":"flags missing critical field returnAirTemp as error","duration":1.5715999999999894,"failureMessages":[],"meta":{}},{"ancestorTitles":["airside validation (phase 2)"],"fullName":"airside validation (phase 2) accepts a minimal valid measurement set","status":"passed","title":"accepts a minimal valid measurement set","duration":0.3461000000000354,"failureMessages":[],"meta":{}}],"startTime":1764732283416,"endTime":1764732283418.3462,"status":"passed","message":"","name":"D:/DiagX-Omen/test/airside.validation.test.ts"},{"assertionResults":[{"ancestorTitles":[],"fullName":"combined profile refrigerant stress test - generate detailed log","status":"passed","title":"combined profile refrigerant stress test - generate detailed log","duration":13.157500000000027,"failureMessages":[],"meta":{}}],"startTime":1764732282712,"endTime":1764732282725.1575,"status":"passed","message":"","name":"D:/DiagX-Omen/test/combined.profile.refrigerant.stress.test.ts"},{"assertionResults":[{"ancestorTitles":[],"fullName":"combined profile stress run","status":"passed","title":"combined profile stress run","duration":22.486299999999915,"failureMessages":[],"meta":{}}],"startTime":1764732282569,"endTime":1764732282591.4863,"status":"passed","message":"","name":"D:/DiagX-Omen/test/combined.profile.stress.test.ts"},{"assertionResults":[{"ancestorTitles":["reciprocating compressor engine - full tests"],"fullName":"reciprocating compressor engine - full tests nominal should be ok or warning","status":"passed","title":"nominal should be ok or warning","duration":4.48660000000001,"failureMessages":[],"meta":{}},{"ancestorTitles":["reciprocating compressor engine - full tests"],"fullName":"reciprocating compressor engine - full tests highcurrent should show high/critical current status","status":"passed","title":"highcurrent should show high/critical current status","duration":0.8759000000000015,"failureMessages":[],"meta":{}},{"ancestorTitles":["reciprocating compressor engine - full tests"],"fullName":"reciprocating compressor engine - full tests low compression should show critical compression and include disclaimer for OTHER refrigerant","status":"passed","title":"low compression should show critical compression and include disclaimer for OTHER refrigerant","duration":0.8372999999999706,"failureMessages":[],"meta":{}}],"startTime":1764732282923,"endTime":1764732282928.8374,"status":"passed","message":"","name":"D:/DiagX-Omen/test/compressor.recip.engine.full.test.ts"},{"assertionResults":[{"ancestorTitles":["reciprocating compressor module - integration tests"],"fullName":"reciprocating compressor module - integration tests validate should return invalid when required fields missing","status":"passed","title":"validate should return invalid when required fields missing","duration":1.7667000000000144,"failureMessages":[],"meta":{}},{"ancestorTitles":["reciprocating compressor module - integration tests"],"fullName":"reciprocating compressor module - integration tests diagnose delegates to engine and summarizeForReport returns readable text including status","status":"passed","title":"diagnose delegates to engine and summarizeForReport returns readable text including status","duration":1.7749000000000024,"failureMessages":[],"meta":{}}],"startTime":1764732283077,"endTime":1764732283080.775,"status":"passed","message":"","name":"D:/DiagX-Omen/test/compressor.recip.module.test.ts"},{"assertionResults":[{"ancestorTitles":["reciprocating compressor recommendation generator"],"fullName":"reciprocating compressor recommendation generator produces critical internal bypass recommendation for very low compression","status":"passed","title":"produces critical internal bypass recommendation for very low compression","duration":5.6173,"failureMessages":[],"meta":{}},{"ancestorTitles":["reciprocating compressor recommendation generator"],"fullName":"reciprocating compressor recommendation generator produces critical current recommendation when current >> rla","status":"passed","title":"produces critical current recommendation when current >> rla","duration":1.0728000000000293,"failureMessages":[],"meta":{}},{"ancestorTitles":["reciprocating compressor recommendation generator"],"fullName":"reciprocating compressor recommendation generator produces critical compression recommendation when compressionStatus flag is critical (flags-driven)","status":"passed","title":"produces critical compression recommendation when compressionStatus flag is critical (flags-driven)","duration":0.6110999999999649,"failureMessages":[],"meta":{}},{"ancestorTitles":["reciprocating compressor recommendation generator"],"fullName":"reciprocating compressor recommendation generator produces critical current recommendation even when RLA is missing","status":"passed","title":"produces critical current recommendation even when RLA is missing","duration":0.8564000000000078,"failureMessages":[],"meta":{}},{"ancestorTitles":["reciprocating compressor recommendation generator"],"fullName":"reciprocating compressor recommendation generator produces critical current recommendation when flag is critical and current is missing","status":"passed","title":"produces critical current recommendation when flag is critical and current is missing","duration":1.3202999999999747,"failureMessages":[],"meta":{}},{"ancestorTitles":["reciprocating compressor recommendation generator"],"fullName":"reciprocating compressor recommendation generator produces both critical recommendations when both flags are critical","status":"passed","title":"produces both critical recommendations when both flags are critical","duration":0.5985999999999194,"failureMessages":[],"meta":{}},{"ancestorTitles":["reciprocating compressor recommendation generator"],"fullName":"reciprocating compressor recommendation generator produces a low-priority preventive recommendation for ok systems","status":"passed","title":"produces a low-priority preventive recommendation for ok systems","duration":0.8152000000000044,"failureMessages":[],"meta":{}},{"ancestorTitles":["reciprocating compressor recommendation generator"],"fullName":"reciprocating compressor recommendation generator produces current warning recommendation for currentStatus warning","status":"passed","title":"produces current warning recommendation for currentStatus warning","duration":0.4211999999999989,"failureMessages":[],"meta":{}},{"ancestorTitles":["reciprocating compressor recommendation generator"],"fullName":"reciprocating compressor recommendation generator produces current alert recommendation for currentStatus alert","status":"passed","title":"produces current alert recommendation for currentStatus alert","duration":0.730199999999968,"failureMessages":[],"meta":{}},{"ancestorTitles":["reciprocating compressor recommendation generator"],"fullName":"reciprocating compressor recommendation generator produces unloading warning recommendation for unloadingStatus warning","status":"passed","title":"produces unloading warning recommendation for unloadingStatus warning","duration":1.1078999999999724,"failureMessages":[],"meta":{}},{"ancestorTitles":["reciprocating compressor recommendation generator"],"fullName":"reciprocating compressor recommendation generator produces unloading alert recommendation for unloadingStatus alert","status":"passed","title":"produces unloading alert recommendation for unloadingStatus alert","duration":0.46889999999996235,"failureMessages":[],"meta":{}},{"ancestorTitles":["reciprocating compressor recommendation generator"],"fullName":"reciprocating compressor recommendation generator produces reed valve recommendation when reedValveSuspected is true","status":"passed","title":"produces reed valve recommendation when reedValveSuspected is true","duration":0.3788000000000693,"failureMessages":[],"meta":{}},{"ancestorTitles":["reciprocating compressor recommendation generator"],"fullName":"reciprocating compressor recommendation generator produces piston ring wear recommendation when pistonRingWearSuspected is true","status":"passed","title":"produces piston ring wear recommendation when pistonRingWearSuspected is true","duration":0.35159999999996217,"failureMessages":[],"meta":{}},{"ancestorTitles":["reciprocating compressor recommendation generator"],"fullName":"reciprocating compressor recommendation generator does not produce warning/alert recommendations for ok systems","status":"passed","title":"does not produce warning/alert recommendations for ok systems","duration":0.3890999999999849,"failureMessages":[],"meta":{}}],"startTime":1764732282595,"endTime":1764732282610.3892,"status":"passed","message":"","name":"D:/DiagX-Omen/test/compressor.recip.recommendations.test.ts"},{"assertionResults":[{"ancestorTitles":[],"fullName":"reciprocating compressor stress test - generate detailed log","status":"passed","title":"reciprocating compressor stress test - generate detailed log","duration":20.750400000000013,"failureMessages":[],"meta":{}}],"startTime":1764732282444,"endTime":1764732282464.7505,"status":"passed","message":"","name":"D:/DiagX-Omen/test/compressor.recip.stress.test.ts"},{"assertionResults":[{"ancestorTitles":["scroll compressor engine - full tests"],"fullName":"scroll compressor engine - full tests nominal should be ok or warning","status":"passed","title":"nominal should be ok or warning","duration":3.8865000000000123,"failureMessages":[],"meta":{}},{"ancestorTitles":["scroll compressor engine - full tests"],"fullName":"scroll compressor engine - full tests highcurrent should show high/critical current status","status":"passed","title":"highcurrent should show high/critical current status","duration":0.8084999999999809,"failureMessages":[],"meta":{}},{"ancestorTitles":["scroll compressor engine - full tests"],"fullName":"scroll compressor engine - full tests badcompression should show critical or alert compression issues","status":"passed","title":"badcompression should show critical or alert compression issues","duration":0.5761999999999716,"failureMessages":[],"meta":{}}],"startTime":1764732283182,"endTime":1764732283187.5762,"status":"passed","message":"","name":"D:/DiagX-Omen/test/compressor.scroll.engine.full.test.ts"},{"assertionResults":[{"ancestorTitles":["scroll compressor module - integration tests"],"fullName":"scroll compressor module - integration tests validate should return invalid when required fields missing","status":"passed","title":"validate should return invalid when required fields missing","duration":1.8619999999999663,"failureMessages":[],"meta":{}},{"ancestorTitles":["scroll compressor module - integration tests"],"fullName":"scroll compressor module - integration tests diagnose delegates to engine and explainDiagnosis returns structured object","status":"passed","title":"diagnose delegates to engine and explainDiagnosis returns structured object","duration":1.7192999999999756,"failureMessages":[],"meta":{}}],"startTime":1764732283238,"endTime":1764732283241.7192,"status":"passed","message":"","name":"D:/DiagX-Omen/test/compressor.scroll.module.test.ts"},{"assertionResults":[{"ancestorTitles":["scroll compressor recommendations"],"fullName":"scroll compressor recommendations produces a recommendation when compression ratio is critical","status":"passed","title":"produces a recommendation when compression ratio is critical","duration":15.620999999999981,"failureMessages":[],"meta":{}},{"ancestorTitles":["scroll compressor recommendations"],"fullName":"scroll compressor recommendations returns a low priority rec when all ok","status":"passed","title":"returns a low priority rec when all ok","duration":1.3392000000000053,"failureMessages":[],"meta":{}}],"startTime":1764732283183,"endTime":1764732283200.339,"status":"passed","message":"","name":"D:/DiagX-Omen/test/compressor.scroll.recommendations.test.ts"},{"assertionResults":[{"ancestorTitles":[],"fullName":"scroll compressor stress test - generate detailed log","status":"passed","title":"scroll compressor stress test - generate detailed log","duration":8.333799999999997,"failureMessages":[],"meta":{}}],"startTime":1764732282443,"endTime":1764732282451.3337,"status":"passed","message":"","name":"D:/DiagX-Omen/test/compressor.scroll.stress.test.ts"},{"assertionResults":[{"ancestorTitles":["CondenserApproachEngine - full engine behavior"],"fullName":"CondenserApproachEngine - full engine behavior populates approach & lift values for nominal input","status":"passed","title":"populates approach & lift values for nominal input","duration":2.041999999999973,"failureMessages":[],"meta":{}},{"ancestorTitles":["CondenserApproachEngine - full engine behavior"],"fullName":"CondenserApproachEngine - full engine behavior flags abnormal approach when values are out of threshold (placeholder)","status":"passed","title":"flags abnormal approach when values are out of threshold (placeholder)","duration":0.2989000000000033,"failureMessages":[],"meta":{}}],"startTime":1764732283383,"endTime":1764732283385.2988,"status":"passed","message":"","name":"D:/DiagX-Omen/test/condenser-approach.engine.full.test.ts"},{"assertionResults":[{"ancestorTitles":["CondenserApproach recommendations - flag-driven behavior"],"fullName":"CondenserApproach recommendations - flag-driven behavior emits critical approach recommendation when approachStatus is critical","status":"passed","title":"emits critical approach recommendation when approachStatus is critical","duration":1.4816000000000145,"failureMessages":[],"meta":{}},{"ancestorTitles":["CondenserApproach recommendations - flag-driven behavior"],"fullName":"CondenserApproach recommendations - flag-driven behavior emits subcooling alert when subcoolingStatus is alert","status":"passed","title":"emits subcooling alert when subcoolingStatus is alert","duration":0.36350000000004457,"failureMessages":[],"meta":{}},{"ancestorTitles":["CondenserApproach recommendations - flag-driven behavior"],"fullName":"CondenserApproach recommendations - flag-driven behavior emits preventive rec when all OK","status":"passed","title":"emits preventive rec when all OK","duration":0.24049999999999727,"failureMessages":[],"meta":{}}],"startTime":1764732283396,"endTime":1764732283397.4817,"status":"passed","message":"","name":"D:/DiagX-Omen/test/condenser-approach.recommendations.test.ts"},{"assertionResults":[{"ancestorTitles":["condenser approach engine - full tests"],"fullName":"condenser approach engine - full tests normal approach & subcooling should be ok (standard refrigerant)","status":"passed","title":"normal approach & subcooling should be ok (standard refrigerant)","duration":4.066500000000019,"failureMessages":[],"meta":{}},{"ancestorTitles":["condenser approach engine - full tests"],"fullName":"condenser approach engine - full tests missing pressure yields unknown approach","status":"passed","title":"missing pressure yields unknown approach","duration":0.414100000000019,"failureMessages":[],"meta":{}},{"ancestorTitles":["condenser approach engine - full tests"],"fullName":"condenser approach engine - full tests unknown refrigerant gets unknown_curve profile","status":"passed","title":"unknown refrigerant gets unknown_curve profile","duration":0.2529999999999859,"failureMessages":[],"meta":{}}],"startTime":1764732282864,"endTime":1764732282868.414,"status":"passed","message":"","name":"D:/DiagX-Omen/test/condenserApproach.engine.full.test.ts"},{"assertionResults":[{"ancestorTitles":["condenser approach module"],"fullName":"condenser approach module diagnose ok scenario","status":"passed","title":"diagnose ok scenario","duration":1.4843999999999937,"failureMessages":[],"meta":{}}],"startTime":1764732283441,"endTime":1764732283442.4844,"status":"passed","message":"","name":"D:/DiagX-Omen/test/condenserApproach.module.test.ts"},{"assertionResults":[{"ancestorTitles":["condenser approach recommendations"],"fullName":"condenser approach recommendations approach critical yields critical recommendation","status":"passed","title":"approach critical yields critical recommendation","duration":4.013900000000035,"failureMessages":[],"meta":{}},{"ancestorTitles":["condenser approach recommendations"],"fullName":"condenser approach recommendations ok status yields preventive rec","status":"passed","title":"ok status yields preventive rec","duration":0.9823000000000093,"failureMessages":[],"meta":{}}],"startTime":1764732283150,"endTime":1764732283155.9824,"status":"passed","message":"","name":"D:/DiagX-Omen/test/condenserApproach.recommendations.test.ts"},{"assertionResults":[{"ancestorTitles":[],"fullName":"debug airside - bad values produce critical frozen coil recommendation","status":"passed","title":"debug airside - bad values produce critical frozen coil recommendation","duration":9.278599999999983,"failureMessages":[],"meta":{}}],"startTime":1764732282523,"endTime":1764732282532.2786,"status":"passed","message":"","name":"D:/DiagX-Omen/test/debug.airside.badvalues.test.ts"},{"assertionResults":[{"ancestorTitles":[],"fullName":"runHydronicEngine should attach recommendations for critical deltaT","status":"passed","title":"runHydronicEngine should attach recommendations for critical deltaT","duration":2.822900000000004,"failureMessages":[],"meta":{}}],"startTime":1764732283474,"endTime":1764732283476.823,"status":"passed","message":"","name":"D:/DiagX-Omen/test/debug.hydronic.attach.test.ts"},{"assertionResults":[{"ancestorTitles":["HydronicSourceEngine - full engine behavior"],"fullName":"HydronicSourceEngine - full engine behavior returns ok status for nominal hydronic conditions","status":"passed","title":"returns ok status for nominal hydronic conditions","duration":1.6555999999999926,"failureMessages":[],"meta":{}},{"ancestorTitles":["HydronicSourceEngine - full engine behavior"],"fullName":"HydronicSourceEngine - full engine behavior flags abnormal deltaT when values are outside expected range (placeholder)","status":"passed","title":"flags abnormal deltaT when values are outside expected range (placeholder)","duration":0.26099999999996726,"failureMessages":[],"meta":{}}],"startTime":1764732283332,"endTime":1764732283334.261,"status":"passed","message":"","name":"D:/DiagX-Omen/test/hydronic-source.engine.full.test.ts"},{"assertionResults":[{"ancestorTitles":["HydronicSource module orchestration"],"fullName":"HydronicSource module orchestration runs hydronic source engine from combined profile/measurements","status":"passed","title":"runs hydronic source engine from combined profile/measurements","duration":2.09680000000003,"failureMessages":[],"meta":{}}],"startTime":1764732283417,"endTime":1764732283419.0967,"status":"passed","message":"","name":"D:/DiagX-Omen/test/hydronic-source.module.test.ts"},{"assertionResults":[{"ancestorTitles":["HydronicSource recommendations - flag-driven behavior"],"fullName":"HydronicSource recommendations - flag-driven behavior emits critical deltaT recommendation when deltaTStatus is critical","status":"passed","title":"emits critical deltaT recommendation when deltaTStatus is critical","duration":4.519600000000082,"failureMessages":[],"meta":{}},{"ancestorTitles":["HydronicSource recommendations - flag-driven behavior"],"fullName":"HydronicSource recommendations - flag-driven behavior emits preventive recommendation when all primary flags are ok","status":"passed","title":"emits preventive recommendation when all primary flags are ok","duration":1.210399999999936,"failureMessages":[],"meta":{}},{"ancestorTitles":["HydronicSource recommendations - flag-driven behavior"],"fullName":"HydronicSource recommendations - flag-driven behavior emits data quality recommendation when dataQualityStatus is warning","status":"passed","title":"emits data quality recommendation when dataQualityStatus is warning","duration":1.0168999999999642,"failureMessages":[],"meta":{}}],"startTime":1764732283038,"endTime":1764732283044.0168,"status":"passed","message":"","name":"D:/DiagX-Omen/test/hydronic-source.recommendations.test.ts"},{"assertionResults":[{"ancestorTitles":["hydronic engine - full tests"],"fullName":"hydronic engine - full tests normal deltaT & flow should be ok","status":"passed","title":"normal deltaT & flow should be ok","duration":2.195699999999988,"failureMessages":[],"meta":{}},{"ancestorTitles":["hydronic engine - full tests"],"fullName":"hydronic engine - full tests very low deltaT should be critical","status":"passed","title":"very low deltaT should be critical","duration":0.4189000000000078,"failureMessages":[],"meta":{}},{"ancestorTitles":["hydronic engine - full tests"],"fullName":"hydronic engine - full tests missing measurements yield unknown flags","status":"passed","title":"missing measurements yield unknown flags","duration":1.3068999999999846,"failureMessages":[],"meta":{}}],"startTime":1764732283070,"endTime":1764732283074.307,"status":"passed","message":"","name":"D:/DiagX-Omen/test/hydronic.engine.full.test.ts"},{"assertionResults":[{"ancestorTitles":["hydronic module"],"fullName":"hydronic module valid inputs yield ok result","status":"passed","title":"valid inputs yield ok result","duration":2.3584000000000174,"failureMessages":[],"meta":{}},{"ancestorTitles":["hydronic module"],"fullName":"hydronic module severe low deltaT propagates to findings","status":"passed","title":"severe low deltaT propagates to findings","duration":0.34180000000003474,"failureMessages":[],"meta":{}}],"startTime":1764732283375,"endTime":1764732283377.3584,"status":"passed","message":"","name":"D:/DiagX-Omen/test/hydronic.module.test.ts"},{"assertionResults":[{"ancestorTitles":["hydronic recommendations"],"fullName":"hydronic recommendations critical deltaT produces critical recommendation","status":"passed","title":"critical deltaT produces critical recommendation","duration":5.715800000000058,"failureMessages":[],"meta":{}},{"ancestorTitles":["hydronic recommendations"],"fullName":"hydronic recommendations flow alert produces flow recommendation","status":"passed","title":"flow alert produces flow recommendation","duration":1.0595999999999322,"failureMessages":[],"meta":{}},{"ancestorTitles":["hydronic recommendations"],"fullName":"hydronic recommendations ok status produces preventive recommendation","status":"passed","title":"ok status produces preventive recommendation","duration":1.2690000000000055,"failureMessages":[],"meta":{}}],"startTime":1764732283086,"endTime":1764732283094.269,"status":"passed","message":"","name":"D:/DiagX-Omen/test/hydronic.recommendations.test.ts"},{"assertionResults":[{"ancestorTitles":["localOverrides helpers"],"fullName":"localOverrides helpers save/load works","status":"passed","title":"save/load works","duration":15.79570000000001,"failureMessages":[],"meta":{}},{"ancestorTitles":["localOverrides helpers"],"fullName":"localOverrides helpers list entries shows saved","status":"passed","title":"list entries shows saved","duration":29.14749999999998,"failureMessages":[],"meta":{}},{"ancestorTitles":["localOverrides helpers"],"fullName":"localOverrides helpers remove entry works and returns false for missing","status":"passed","title":"remove entry works and returns false for missing","duration":14.627399999999966,"failureMessages":[],"meta":{}}],"startTime":1764732282299,"endTime":1764732282359.6274,"status":"passed","message":"","name":"D:/DiagX-Omen/test/localOverrides.test.ts"},{"assertionResults":[{"ancestorTitles":[],"fullName":"recommendation gap scan should produce a doc with expected structure and valid recommendations","status":"passed","title":"recommendation gap scan should produce a doc with expected structure and valid recommendations","duration":28.642400000000066,"failureMessages":[],"meta":{}}],"startTime":1764732282662,"endTime":1764732282690.6423,"status":"passed","message":"","name":"D:/DiagX-Omen/test/recommendation-gap-scan.test.ts"},{"assertionResults":[{"ancestorTitles":["recommendation safety policy"],"fullName":"recommendation safety policy generated recommendations do not contain time/price fields or procedural instructions (hydronic)","status":"passed","title":"generated recommendations do not contain time/price fields or procedural instructions (hydronic)","duration":4.823700000000031,"failureMessages":[],"meta":{}},{"ancestorTitles":["recommendation safety policy"],"fullName":"recommendation safety policy hydronic source recs safe","status":"passed","title":"hydronic source recs safe","duration":0.3926000000000158,"failureMessages":[],"meta":{}},{"ancestorTitles":["recommendation safety policy"],"fullName":"recommendation safety policy condenser approach recs safe","status":"passed","title":"condenser approach recs safe","duration":0.23550000000000182,"failureMessages":[],"meta":{}},{"ancestorTitles":["recommendation safety policy"],"fullName":"recommendation safety policy refrigeration recs safe","status":"passed","title":"refrigeration recs safe","duration":0.5217999999999847,"failureMessages":[],"meta":{}},{"ancestorTitles":["recommendation safety policy"],"fullName":"recommendation safety policy compressor recip recs safe","status":"passed","title":"compressor recip recs safe","duration":1.4202000000000226,"failureMessages":[],"meta":{}},{"ancestorTitles":["recommendation safety policy"],"fullName":"recommendation safety policy compressor scroll recs safe","status":"passed","title":"compressor scroll recs safe","duration":1.19500000000005,"failureMessages":[],"meta":{}},{"ancestorTitles":["recommendation safety policy"],"fullName":"recommendation safety policy airside recs safe","status":"passed","title":"airside recs safe","duration":0.9465000000000146,"failureMessages":[],"meta":{}},{"ancestorTitles":["recommendation safety policy"],"fullName":"recommendation safety policy reversing valve recs safe","status":"passed","title":"reversing valve recs safe","duration":0.641399999999976,"failureMessages":[],"meta":{}}],"startTime":1764732282613,"endTime":1764732282623.6414,"status":"passed","message":"","name":"D:/DiagX-Omen/test/recommendation.safety.test.ts"},{"assertionResults":[{"ancestorTitles":["refrigeration engine - full PT chart based tests"],"fullName":"refrigeration engine - full PT chart based tests nominal fixture should return ok status","status":"passed","title":"nominal fixture should return ok status","duration":4.910200000000032,"failureMessages":[],"meta":{}},{"ancestorTitles":["refrigeration engine - full PT chart based tests"],"fullName":"refrigeration engine - full PT chart based tests undercharge fixture should indicate undercharged overallFinding","status":"passed","title":"undercharge fixture should indicate undercharged overallFinding","duration":3.5495999999999412,"failureMessages":[],"meta":{}},{"ancestorTitles":["refrigeration engine - full PT chart based tests"],"fullName":"refrigeration engine - full PT chart based tests overcharge fixture should indicate overcharged overallFinding","status":"passed","title":"overcharge fixture should indicate overcharged overallFinding","duration":1.575399999999945,"failureMessages":[],"meta":{}}],"startTime":1764732282560,"endTime":1764732282570.5754,"status":"passed","message":"","name":"D:/DiagX-Omen/test/refrigeration.engine.full.test.ts"},{"assertionResults":[{"ancestorTitles":["refrigeration demo fixture"],"fullName":"refrigeration demo fixture runs diagnostics and returns a result structure","status":"passed","title":"runs diagnostics and returns a result structure","duration":6.813000000000045,"failureMessages":[],"meta":{}}],"startTime":1764732282756,"endTime":1764732282762.813,"status":"passed","message":"","name":"D:/DiagX-Omen/test/refrigeration.engine.test.ts"},{"assertionResults":[{"ancestorTitles":["refrigeration PT override behavior"],"fullName":"refrigeration PT override behavior uses ptOverride when refrigerant is OTHER","status":"passed","title":"uses ptOverride when refrigerant is OTHER","duration":3.0937000000000126,"failureMessages":[],"meta":{}},{"ancestorTitles":["refrigeration PT override behavior"],"fullName":"refrigeration PT override behavior ignores ptOverride for named refrigerants","status":"passed","title":"ignores ptOverride for named refrigerants","duration":1.5203000000000202,"failureMessages":[],"meta":{}}],"startTime":1764732283037,"endTime":1764732283042.5203,"status":"passed","message":"","name":"D:/DiagX-Omen/test/refrigeration.ptoverride.test.ts"},{"assertionResults":[{"ancestorTitles":["PT table validator"],"fullName":"PT table validator rejects empty or missing data","status":"passed","title":"rejects empty or missing data","duration":1.5466000000000122,"failureMessages":[],"meta":{}},{"ancestorTitles":["PT table validator"],"fullName":"PT table validator requires at least two points","status":"passed","title":"requires at least two points","duration":0.24979999999999336,"failureMessages":[],"meta":{}},{"ancestorTitles":["PT table validator"],"fullName":"PT table validator flags descending pressures","status":"passed","title":"flags descending pressures","duration":0.3313999999999737,"failureMessages":[],"meta":{}},{"ancestorTitles":["PT table validator"],"fullName":"PT table validator accepts a well-formed ascending PT chart","status":"passed","title":"accepts a well-formed ascending PT chart","duration":0.34600000000000364,"failureMessages":[],"meta":{}}],"startTime":1764732283283,"endTime":1764732283285.346,"status":"passed","message":"","name":"D:/DiagX-Omen/test/refrigeration.ptutils.test.ts"},{"assertionResults":[{"ancestorTitles":["generateRefrigerationRecommendations"],"fullName":"generateRefrigerationRecommendations generates undercharge-pattern recommendation for high superheat + low subcooling","status":"passed","title":"generates undercharge-pattern recommendation for high superheat + low subcooling","duration":7.3437999999999874,"failureMessages":[],"meta":{}},{"ancestorTitles":["generateRefrigerationRecommendations"],"fullName":"generateRefrigerationRecommendations generates elevated-loading pattern recommendation for alert superheat + high subcooling","status":"passed","title":"generates elevated-loading pattern recommendation for alert superheat + high subcooling","duration":1.41700000000003,"failureMessages":[],"meta":{}},{"ancestorTitles":["generateRefrigerationRecommendations"],"fullName":"generateRefrigerationRecommendations generates flow/heat-transfer limited recommendation for combined flags","status":"passed","title":"generates flow/heat-transfer limited recommendation for combined flags","duration":1.5971999999999298,"failureMessages":[],"meta":{}},{"ancestorTitles":["generateRefrigerationRecommendations"],"fullName":"generateRefrigerationRecommendations generates compression ratio abnormal recommendation","status":"passed","title":"generates compression ratio abnormal recommendation","duration":1.3576000000000477,"failureMessages":[],"meta":{}},{"ancestorTitles":["generateRefrigerationRecommendations"],"fullName":"generateRefrigerationRecommendations generates liquid slugging safety stop for critical superheat","status":"passed","title":"generates liquid slugging safety stop for critical superheat","duration":0.8020000000000209,"failureMessages":[],"meta":{}},{"ancestorTitles":["generateRefrigerationRecommendations"],"fullName":"generateRefrigerationRecommendations generates water transfer abnormal recommendation","status":"passed","title":"generates water transfer abnormal recommendation","duration":0.5593000000000075,"failureMessages":[],"meta":{}},{"ancestorTitles":["generateRefrigerationRecommendations"],"fullName":"generateRefrigerationRecommendations generates preventive trending for OK status","status":"passed","title":"generates preventive trending for OK status","duration":1.0955999999999904,"failureMessages":[],"meta":{}},{"ancestorTitles":["generateRefrigerationRecommendations"],"fullName":"generateRefrigerationRecommendations generates unknown refrigerant profile informational rec","status":"passed","title":"generates unknown refrigerant profile informational rec","duration":1.3635999999999058,"failureMessages":[],"meta":{}},{"ancestorTitles":["generateRefrigerationRecommendations"],"fullName":"generateRefrigerationRecommendations does not generate preventive rec when status is not OK","status":"passed","title":"does not generate preventive rec when status is not OK","duration":0.969600000000014,"failureMessages":[],"meta":{}},{"ancestorTitles":["generateRefrigerationRecommendations"],"fullName":"generateRefrigerationRecommendations can generate multiple recommendations for multiple flags","status":"passed","title":"can generate multiple recommendations for multiple flags","duration":0.8701999999999543,"failureMessages":[],"meta":{}}],"startTime":1764732282573,"endTime":1764732282589.87,"status":"passed","message":"","name":"D:/DiagX-Omen/test/refrigeration.recommendations.test.ts"},{"assertionResults":[{"ancestorTitles":["refrigeration validation (phase 1)"],"fullName":"refrigeration validation (phase 1) flags missing critical field with severity error","status":"passed","title":"flags missing critical field with severity error","duration":1.2846999999999866,"failureMessages":[],"meta":{}}],"startTime":1764732283437,"endTime":1764732283438.2847,"status":"passed","message":"","name":"D:/DiagX-Omen/test/refrigeration.validation.test.ts"},{"assertionResults":[{"ancestorTitles":["reversing valve engine - full tests"],"fullName":"reversing valve engine - full tests nominal should be ok","status":"passed","title":"nominal should be ok","duration":2.9177999999999997,"failureMessages":[],"meta":{}},{"ancestorTitles":["reversing valve engine - full tests"],"fullName":"reversing valve engine - full tests stuck should be critical with stuck pattern","status":"passed","title":"stuck should be critical with stuck pattern","duration":0.8356999999999744,"failureMessages":[],"meta":{}},{"ancestorTitles":["reversing valve engine - full tests"],"fullName":"reversing valve engine - full tests partial_leak should be alert (low compression ratio)","status":"passed","title":"partial_leak should be alert (low compression ratio)","duration":0.6040000000000418,"failureMessages":[],"meta":{}},{"ancestorTitles":["reversing valve engine - full tests"],"fullName":"reversing valve engine - full tests reversed pattern should show reversed and alert","status":"passed","title":"reversed pattern should show reversed and alert","duration":1.9341000000000577,"failureMessages":[],"meta":{}}],"startTime":1764732282404,"endTime":1764732282410.934,"status":"passed","message":"","name":"D:/DiagX-Omen/test/reversingvalve.engine.full.test.ts"},{"assertionResults":[{"ancestorTitles":["reversing valve module - integration tests"],"fullName":"reversing valve module - integration tests validate should require port temps and profile to have reversing valve","status":"passed","title":"validate should require port temps and profile to have reversing valve","duration":1.6709000000000174,"failureMessages":[],"meta":{}},{"ancestorTitles":["reversing valve module - integration tests"],"fullName":"reversing valve module - integration tests getMeasurementHelp returns help for reversingValvePortTemps","status":"passed","title":"getMeasurementHelp returns help for reversingValvePortTemps","duration":0.5101999999999975,"failureMessages":[],"meta":{}},{"ancestorTitles":["reversing valve module - integration tests"],"fullName":"reversing valve module - integration tests diagnose delegates and summarizeForReport includes key fields","status":"passed","title":"diagnose delegates and summarizeForReport includes key fields","duration":1.6417000000000144,"failureMessages":[],"meta":{}}],"startTime":1764732283194,"endTime":1764732283197.6416,"status":"passed","message":"","name":"D:/DiagX-Omen/test/reversingvalve.module.test.ts"},{"assertionResults":[{"ancestorTitles":["reversing valve recommendations"],"fullName":"reversing valve recommendations provides a critical recommendation when pattern is stuck/critical","status":"passed","title":"provides a critical recommendation when pattern is stuck/critical","duration":5.355800000000045,"failureMessages":[],"meta":{}},{"ancestorTitles":["reversing valve recommendations"],"fullName":"reversing valve recommendations returns a preventive low-priority rec when pattern ok","status":"passed","title":"returns a preventive low-priority rec when pattern ok","duration":1.4420999999999822,"failureMessages":[],"meta":{}}],"startTime":1764732283146,"endTime":1764732283152.4421,"status":"passed","message":"","name":"D:/DiagX-Omen/test/reversingvalve.recommendations.test.ts"},{"assertionResults":[{"ancestorTitles":[],"fullName":"validation rejects inverted pressures for refrigeration (discharge <= suction)","status":"passed","title":"validation rejects inverted pressures for refrigeration (discharge <= suction)","duration":1.8431000000000495,"failureMessages":[],"meta":{}},{"ancestorTitles":[],"fullName":"reciprocating compressor validation catches inverted pressures","status":"passed","title":"reciprocating compressor validation catches inverted pressures","duration":0.6033999999999651,"failureMessages":[],"meta":{}},{"ancestorTitles":[],"fullName":"engine flags extremely large current (likely extra-zero) as critical and produces a shutdown recommendation","status":"passed","title":"engine flags extremely large current (likely extra-zero) as critical and produces a shutdown recommendation","duration":1.231299999999976,"failureMessages":[],"meta":{}}],"startTime":1764732283261,"endTime":1764732283264.2312,"status":"passed","message":"","name":"D:/DiagX-Omen/test/validation.human-error.test.ts"},{"assertionResults":[{"ancestorTitles":[],"fullName":"runWshpDiagx correlates airside + refrigeration + compressor problems into controls findings","status":"passed","title":"runWshpDiagx correlates airside + refrigeration + compressor problems into controls findings","duration":7.218299999999999,"failureMessages":[],"meta":{}}],"startTime":1764732282717,"endTime":1764732282724.2183,"status":"passed","message":"","name":"D:/DiagX-Omen/test/wshp.orchestrator.correlation.test.ts"},{"assertionResults":[{"ancestorTitles":["integration: compiled artifacts should not contain forbidden Recommendation fields"],"fullName":"integration: compiled artifacts should not contain forbidden Recommendation fields dist files must not contain legacy recommendation fields","status":"passed","title":"dist files must not contain legacy recommendation fields","duration":13.564599999999984,"failureMessages":[],"meta":{}}],"startTime":1764732282288,"endTime":1764732282301.5647,"status":"passed","message":"","name":"D:/DiagX-Omen/test/integration/forbidden-in-dist.test.ts"}]}
