{"D:\\DiagX-Omen\\src\\cli\\localOverrides.ts": {"path":"D:\\DiagX-Omen\\src\\cli\\localOverrides.ts","statementMap":{"0":{"start":{"line":16,"column":14},"end":{"line":16,"column":null}},"1":{"start":{"line":17,"column":2},"end":{"line":17,"column":null}},"2":{"start":{"line":17,"column":25},"end":{"line":17,"column":null}},"3":{"start":{"line":18,"column":15},"end":{"line":18,"column":null}},"4":{"start":{"line":19,"column":2},"end":{"line":19,"column":null}},"5":{"start":{"line":23,"column":14},"end":{"line":23,"column":null}},"6":{"start":{"line":24,"column":2},"end":{"line":24,"column":null}},"7":{"start":{"line":24,"column":27},"end":{"line":24,"column":null}},"8":{"start":{"line":28,"column":2},"end":{"line":28,"column":null}},"9":{"start":{"line":32,"column":2},"end":{"line":40,"column":null}},"10":{"start":{"line":33,"column":14},"end":{"line":33,"column":null}},"11":{"start":{"line":34,"column":4},"end":{"line":34,"column":null}},"12":{"start":{"line":34,"column":27},"end":{"line":34,"column":null}},"13":{"start":{"line":35,"column":16},"end":{"line":35,"column":null}},"14":{"start":{"line":36,"column":4},"end":{"line":36,"column":null}},"15":{"start":{"line":39,"column":4},"end":{"line":39,"column":null}},"16":{"start":{"line":44,"column":2},"end":{"line":44,"column":null}},"17":{"start":{"line":45,"column":14},"end":{"line":45,"column":null}},"18":{"start":{"line":46,"column":2},"end":{"line":46,"column":null}},"19":{"start":{"line":47,"column":2},"end":{"line":47,"column":null}},"20":{"start":{"line":51,"column":14},"end":{"line":51,"column":null}},"21":{"start":{"line":52,"column":2},"end":{"line":52,"column":null}},"22":{"start":{"line":56,"column":14},"end":{"line":56,"column":null}},"23":{"start":{"line":57,"column":2},"end":{"line":57,"column":null}},"24":{"start":{"line":57,"column":23},"end":{"line":57,"column":null}},"25":{"start":{"line":58,"column":2},"end":{"line":58,"column":null}},"26":{"start":{"line":59,"column":2},"end":{"line":59,"column":null}},"27":{"start":{"line":60,"column":2},"end":{"line":60,"column":null}},"28":{"start":{"line":64,"column":14},"end":{"line":64,"column":null}},"29":{"start":{"line":65,"column":2},"end":{"line":65,"column":null}}},"fnMap":{"0":{"name":"getLocalStoragePath","decl":{"start":{"line":15,"column":16},"end":{"line":15,"column":46}},"loc":{"start":{"line":15,"column":46},"end":{"line":20,"column":null}},"line":15},"1":{"name":"ensureStorage","decl":{"start":{"line":22,"column":16},"end":{"line":22,"column":38}},"loc":{"start":{"line":22,"column":38},"end":{"line":25,"column":null}},"line":22},"2":{"name":"storageFile","decl":{"start":{"line":27,"column":16},"end":{"line":27,"column":38}},"loc":{"start":{"line":27,"column":38},"end":{"line":29,"column":null}},"line":27},"3":{"name":"readAllEntries","decl":{"start":{"line":31,"column":16},"end":{"line":31,"column":58}},"loc":{"start":{"line":31,"column":58},"end":{"line":41,"column":null}},"line":31},"4":{"name":"saveEntry","decl":{"start":{"line":43,"column":16},"end":{"line":43,"column":26}},"loc":{"start":{"line":43,"column":48},"end":{"line":48,"column":null}},"line":43},"5":{"name":"loadEntry","decl":{"start":{"line":50,"column":16},"end":{"line":50,"column":26}},"loc":{"start":{"line":50,"column":61},"end":{"line":53,"column":null}},"line":50},"6":{"name":"removeEntry","decl":{"start":{"line":55,"column":16},"end":{"line":55,"column":28}},"loc":{"start":{"line":55,"column":56},"end":{"line":61,"column":null}},"line":55},"7":{"name":"listEntries","decl":{"start":{"line":63,"column":16},"end":{"line":63,"column":41}},"loc":{"start":{"line":63,"column":41},"end":{"line":66,"column":null}},"line":63}},"branchMap":{"0":{"loc":{"start":{"line":17,"column":2},"end":{"line":17,"column":null}},"type":"if","locations":[{"start":{"line":17,"column":2},"end":{"line":17,"column":null}},{"start":{},"end":{}}],"line":17},"1":{"loc":{"start":{"line":17,"column":6},"end":{"line":17,"column":25}},"type":"binary-expr","locations":[{"start":{"line":17,"column":6},"end":{"line":17,"column":13}},{"start":{"line":17,"column":13},"end":{"line":17,"column":25}}],"line":17},"2":{"loc":{"start":{"line":18,"column":15},"end":{"line":18,"column":null}},"type":"cond-expr","locations":[{"start":{"line":18,"column":46},"end":{"line":18,"column":117}},{"start":{"line":18,"column":117},"end":{"line":18,"column":null}}],"line":18},"3":{"loc":{"start":{"line":18,"column":46},"end":{"line":18,"column":117}},"type":"binary-expr","locations":[{"start":{"line":18,"column":46},"end":{"line":18,"column":69}},{"start":{"line":18,"column":69},"end":{"line":18,"column":117}}],"line":18},"4":{"loc":{"start":{"line":24,"column":2},"end":{"line":24,"column":null}},"type":"if","locations":[{"start":{"line":24,"column":2},"end":{"line":24,"column":null}},{"start":{},"end":{}}],"line":24},"5":{"loc":{"start":{"line":34,"column":4},"end":{"line":34,"column":null}},"type":"if","locations":[{"start":{"line":34,"column":4},"end":{"line":34,"column":null}},{"start":{},"end":{}}],"line":34},"6":{"loc":{"start":{"line":36,"column":22},"end":{"line":36,"column":33}},"type":"binary-expr","locations":[{"start":{"line":36,"column":22},"end":{"line":36,"column":29}},{"start":{"line":36,"column":29},"end":{"line":36,"column":33}}],"line":36},"7":{"loc":{"start":{"line":52,"column":9},"end":{"line":52,"column":null}},"type":"binary-expr","locations":[{"start":{"line":52,"column":9},"end":{"line":52,"column":27}},{"start":{"line":52,"column":27},"end":{"line":52,"column":null}}],"line":52},"8":{"loc":{"start":{"line":57,"column":2},"end":{"line":57,"column":null}},"type":"if","locations":[{"start":{"line":57,"column":2},"end":{"line":57,"column":null}},{"start":{},"end":{}}],"line":57}},"s":{"0":18,"1":18,"2":18,"3":0,"4":18,"5":4,"6":4,"7":0,"8":14,"9":9,"10":9,"11":9,"12":3,"13":6,"14":6,"15":0,"16":4,"17":4,"18":4,"19":4,"20":2,"21":2,"22":2,"23":2,"24":1,"25":1,"26":1,"27":1,"28":1,"29":1},"f":{"0":18,"1":4,"2":14,"3":9,"4":4,"5":2,"6":2,"7":1},"b":{"0":[18,0],"1":[18,18],"2":[0,0],"3":[0,0],"4":[0,4],"5":[3,6],"6":[6,0],"7":[2,1],"8":[1,1]},"meta":{"lastBranch":9,"lastFunction":8,"lastStatement":30,"seen":{"f:15:16:15:46":0,"s:16:14:16:Infinity":0,"b:17:2:17:Infinity:undefined:undefined:undefined:undefined":0,"s:17:2:17:Infinity":1,"b:17:6:17:13:17:13:17:25":1,"s:17:25:17:Infinity":2,"s:18:15:18:Infinity":3,"b:18:46:18:117:18:117:18:Infinity":2,"b:18:46:18:69:18:69:18:117":3,"s:19:2:19:Infinity":4,"f:22:16:22:38":1,"s:23:14:23:Infinity":5,"b:24:2:24:Infinity:undefined:undefined:undefined:undefined":4,"s:24:2:24:Infinity":6,"s:24:27:24:Infinity":7,"f:27:16:27:38":2,"s:28:2:28:Infinity":8,"f:31:16:31:58":3,"s:32:2:40:Infinity":9,"s:33:14:33:Infinity":10,"b:34:4:34:Infinity:undefined:undefined:undefined:undefined":5,"s:34:4:34:Infinity":11,"s:34:27:34:Infinity":12,"s:35:16:35:Infinity":13,"s:36:4:36:Infinity":14,"b:36:22:36:29:36:29:36:33":6,"s:39:4:39:Infinity":15,"f:43:16:43:26":4,"s:44:2:44:Infinity":16,"s:45:14:45:Infinity":17,"s:46:2:46:Infinity":18,"s:47:2:47:Infinity":19,"f:50:16:50:26":5,"s:51:14:51:Infinity":20,"s:52:2:52:Infinity":21,"b:52:9:52:27:52:27:52:Infinity":7,"f:55:16:55:28":6,"s:56:14:56:Infinity":22,"b:57:2:57:Infinity:undefined:undefined:undefined:undefined":8,"s:57:2:57:Infinity":23,"s:57:23:57:Infinity":24,"s:58:2:58:Infinity":25,"s:59:2:59:Infinity":26,"s:60:2:60:Infinity":27,"f:63:16:63:41":7,"s:64:14:64:Infinity":28,"s:65:2:65:Infinity":29}}}
,"D:\\DiagX-Omen\\src\\modules\\airside\\airside.engine.ts": {"path":"D:\\DiagX-Omen\\src\\modules\\airside\\airside.engine.ts","statementMap":{"0":{"start":{"line":7,"column":13},"end":{"line":7,"column":null}},"1":{"start":{"line":8,"column":2},"end":{"line":10,"column":null}},"2":{"start":{"line":9,"column":4},"end":{"line":9,"column":null}},"3":{"start":{"line":13,"column":2},"end":{"line":13,"column":null}},"4":{"start":{"line":13,"column":27},"end":{"line":13,"column":null}},"5":{"start":{"line":14,"column":2},"end":{"line":14,"column":null}},"6":{"start":{"line":14,"column":26},"end":{"line":14,"column":null}},"7":{"start":{"line":15,"column":2},"end":{"line":15,"column":null}},"8":{"start":{"line":20,"column":13},"end":{"line":20,"column":null}},"9":{"start":{"line":21,"column":2},"end":{"line":23,"column":null}},"10":{"start":{"line":22,"column":4},"end":{"line":22,"column":null}},"11":{"start":{"line":25,"column":20},"end":{"line":25,"column":null}},"12":{"start":{"line":26,"column":2},"end":{"line":29,"column":null}},"13":{"start":{"line":27,"column":18},"end":{"line":27,"column":null}},"14":{"start":{"line":28,"column":4},"end":{"line":28,"column":null}},"15":{"start":{"line":31,"column":2},"end":{"line":31,"column":null}},"16":{"start":{"line":36,"column":2},"end":{"line":36,"column":null}},"17":{"start":{"line":40,"column":2},"end":{"line":40,"column":null}},"18":{"start":{"line":44,"column":27},"end":{"line":44,"column":null}},"19":{"start":{"line":45,"column":29},"end":{"line":45,"column":null}},"20":{"start":{"line":47,"column":2},"end":{"line":47,"column":null}},"21":{"start":{"line":47,"column":21},"end":{"line":47,"column":null}},"22":{"start":{"line":48,"column":2},"end":{"line":48,"column":null}},"23":{"start":{"line":48,"column":48},"end":{"line":48,"column":null}},"24":{"start":{"line":49,"column":2},"end":{"line":49,"column":null}},"25":{"start":{"line":49,"column":48},"end":{"line":49,"column":null}},"26":{"start":{"line":50,"column":2},"end":{"line":50,"column":null}},"27":{"start":{"line":50,"column":26},"end":{"line":50,"column":null}},"28":{"start":{"line":51,"column":17},"end":{"line":51,"column":null}},"29":{"start":{"line":52,"column":2},"end":{"line":52,"column":null}},"30":{"start":{"line":52,"column":18},"end":{"line":52,"column":null}},"31":{"start":{"line":54,"column":2},"end":{"line":54,"column":null}},"32":{"start":{"line":58,"column":2},"end":{"line":58,"column":null}},"33":{"start":{"line":58,"column":27},"end":{"line":58,"column":null}},"34":{"start":{"line":59,"column":2},"end":{"line":64,"column":null}},"35":{"start":{"line":60,"column":4},"end":{"line":60,"column":null}},"36":{"start":{"line":60,"column":21},"end":{"line":60,"column":null}},"37":{"start":{"line":61,"column":4},"end":{"line":61,"column":null}},"38":{"start":{"line":61,"column":36},"end":{"line":61,"column":null}},"39":{"start":{"line":62,"column":4},"end":{"line":62,"column":null}},"40":{"start":{"line":62,"column":36},"end":{"line":62,"column":null}},"41":{"start":{"line":63,"column":4},"end":{"line":63,"column":null}},"42":{"start":{"line":66,"column":2},"end":{"line":66,"column":null}},"43":{"start":{"line":66,"column":64},"end":{"line":66,"column":null}},"44":{"start":{"line":67,"column":2},"end":{"line":67,"column":null}},"45":{"start":{"line":71,"column":2},"end":{"line":71,"column":null}},"46":{"start":{"line":71,"column":18},"end":{"line":71,"column":null}},"47":{"start":{"line":72,"column":17},"end":{"line":72,"column":null}},"48":{"start":{"line":73,"column":21},"end":{"line":73,"column":null}},"49":{"start":{"line":74,"column":2},"end":{"line":74,"column":null}},"50":{"start":{"line":74,"column":23},"end":{"line":74,"column":null}},"51":{"start":{"line":75,"column":8},"end":{"line":75,"column":null}},"52":{"start":{"line":76,"column":2},"end":{"line":76,"column":null}},"53":{"start":{"line":76,"column":37},"end":{"line":76,"column":null}},"54":{"start":{"line":77,"column":2},"end":{"line":77,"column":null}},"55":{"start":{"line":77,"column":23},"end":{"line":77,"column":null}},"56":{"start":{"line":78,"column":2},"end":{"line":78,"column":null}},"57":{"start":{"line":78,"column":37},"end":{"line":78,"column":null}},"58":{"start":{"line":79,"column":2},"end":{"line":79,"column":null}},"59":{"start":{"line":83,"column":2},"end":{"line":83,"column":null}},"60":{"start":{"line":83,"column":37},"end":{"line":83,"column":null}},"61":{"start":{"line":84,"column":2},"end":{"line":84,"column":null}},"62":{"start":{"line":84,"column":31},"end":{"line":84,"column":null}},"63":{"start":{"line":85,"column":2},"end":{"line":85,"column":null}},"64":{"start":{"line":85,"column":37},"end":{"line":85,"column":null}},"65":{"start":{"line":86,"column":2},"end":{"line":86,"column":null}},"66":{"start":{"line":90,"column":44},"end":{"line":90,"column":null}},"67":{"start":{"line":91,"column":2},"end":{"line":106,"column":null}},"68":{"start":{"line":92,"column":4},"end":{"line":105,"column":null}},"69":{"start":{"line":107,"column":2},"end":{"line":123,"column":null}},"70":{"start":{"line":108,"column":22},"end":{"line":108,"column":null}},"71":{"start":{"line":109,"column":4},"end":{"line":122,"column":null}},"72":{"start":{"line":126,"column":2},"end":{"line":137,"column":null}},"73":{"start":{"line":127,"column":4},"end":{"line":136,"column":null}},"74":{"start":{"line":139,"column":2},"end":{"line":154,"column":null}},"75":{"start":{"line":140,"column":4},"end":{"line":153,"column":null}},"76":{"start":{"line":156,"column":2},"end":{"line":167,"column":null}},"77":{"start":{"line":157,"column":4},"end":{"line":166,"column":null}},"78":{"start":{"line":169,"column":2},"end":{"line":185,"column":null}},"79":{"start":{"line":174,"column":4},"end":{"line":184,"column":null}},"80":{"start":{"line":187,"column":2},"end":{"line":203,"column":null}},"81":{"start":{"line":192,"column":4},"end":{"line":202,"column":null}},"82":{"start":{"line":204,"column":2},"end":{"line":218,"column":null}},"83":{"start":{"line":205,"column":4},"end":{"line":217,"column":null}},"84":{"start":{"line":220,"column":2},"end":{"line":225,"column":null}},"85":{"start":{"line":221,"column":23},"end":{"line":221,"column":null}},"86":{"start":{"line":222,"column":15},"end":{"line":222,"column":null}},"87":{"start":{"line":223,"column":15},"end":{"line":223,"column":null}},"88":{"start":{"line":224,"column":4},"end":{"line":224,"column":null}},"89":{"start":{"line":229,"column":2},"end":{"line":229,"column":null}},"90":{"start":{"line":229,"column":37},"end":{"line":229,"column":null}},"91":{"start":{"line":230,"column":2},"end":{"line":230,"column":null}},"92":{"start":{"line":230,"column":34},"end":{"line":230,"column":null}},"93":{"start":{"line":231,"column":2},"end":{"line":231,"column":null}},"94":{"start":{"line":231,"column":36},"end":{"line":231,"column":null}},"95":{"start":{"line":232,"column":2},"end":{"line":232,"column":null}},"96":{"start":{"line":236,"column":32},"end":{"line":236,"column":null}},"97":{"start":{"line":237,"column":17},"end":{"line":237,"column":null}},"98":{"start":{"line":239,"column":31},"end":{"line":239,"column":null}},"99":{"start":{"line":240,"column":28},"end":{"line":240,"column":null}},"100":{"start":{"line":243,"column":2},"end":{"line":243,"column":null}},"101":{"start":{"line":244,"column":2},"end":{"line":246,"column":null}},"102":{"start":{"line":245,"column":4},"end":{"line":245,"column":null}},"103":{"start":{"line":251,"column":2},"end":{"line":255,"column":null}},"104":{"start":{"line":252,"column":4},"end":{"line":252,"column":null}},"105":{"start":{"line":254,"column":4},"end":{"line":254,"column":null}},"106":{"start":{"line":257,"column":2},"end":{"line":259,"column":null}},"107":{"start":{"line":258,"column":4},"end":{"line":258,"column":null}},"108":{"start":{"line":261,"column":25},"end":{"line":261,"column":null}},"109":{"start":{"line":262,"column":26},"end":{"line":262,"column":null}},"110":{"start":{"line":265,"column":2},"end":{"line":265,"column":null}},"111":{"start":{"line":265,"column":49},"end":{"line":265,"column":null}},"112":{"start":{"line":267,"column":19},"end":{"line":267,"column":null}},"113":{"start":{"line":268,"column":2},"end":{"line":268,"column":null}},"114":{"start":{"line":268,"column":30},"end":{"line":268,"column":null}},"115":{"start":{"line":270,"column":24},"end":{"line":270,"column":null}},"116":{"start":{"line":272,"column":26},"end":{"line":272,"column":null}},"117":{"start":{"line":274,"column":38},"end":{"line":284,"column":null}},"118":{"start":{"line":286,"column":36},"end":{"line":295,"column":null}},"119":{"start":{"line":297,"column":38},"end":{"line":322,"column":null}},"120":{"start":{"line":324,"column":2},"end":{"line":324,"column":null}}},"fnMap":{"0":{"name":"getExpectedDeltaT","decl":{"start":{"line":5,"column":16},"end":{"line":5,"column":34}},"loc":{"start":{"line":5,"column":100},"end":{"line":16,"column":null}},"line":5},"1":{"name":"getExpectedCFMPerTon","decl":{"start":{"line":18,"column":16},"end":{"line":18,"column":37}},"loc":{"start":{"line":18,"column":103},"end":{"line":32,"column":null}},"line":18},"2":{"name":"requiresManufacturerDataDisclaimer","decl":{"start":{"line":34,"column":16},"end":{"line":34,"column":51}},"loc":{"start":{"line":34,"column":101},"end":{"line":37,"column":null}},"line":34},"3":{"name":"getManufacturerDataDisclaimer","decl":{"start":{"line":39,"column":16},"end":{"line":39,"column":46}},"loc":{"start":{"line":39,"column":71},"end":{"line":41,"column":null}},"line":39},"4":{"name":"validateAirsideMeasurements","decl":{"start":{"line":43,"column":16},"end":{"line":43,"column":44}},"loc":{"start":{"line":43,"column":79},"end":{"line":55,"column":null}},"line":43},"5":{"name":"analyzeDeltaT","decl":{"start":{"line":57,"column":9},"end":{"line":57,"column":23}},"loc":{"start":{"line":57,"column":101},"end":{"line":68,"column":null}},"line":57},"6":{"name":"analyzeAirflow","decl":{"start":{"line":70,"column":9},"end":{"line":70,"column":24}},"loc":{"start":{"line":70,"column":108},"end":{"line":80,"column":null}},"line":70},"7":{"name":"analyzeStaticPressure","decl":{"start":{"line":82,"column":9},"end":{"line":82,"column":31}},"loc":{"start":{"line":82,"column":92},"end":{"line":87,"column":null}},"line":82},"8":{"name":"generateRecommendations","decl":{"start":{"line":89,"column":16},"end":{"line":89,"column":40}},"loc":{"start":{"line":89,"column":189},"end":{"line":226,"column":null}},"line":89},"9":{"name":"(anonymous_9)","decl":{"start":{"line":220,"column":30},"end":{"line":220,"column":31}},"loc":{"start":{"line":220,"column":40},"end":{"line":225,"column":3}},"line":220},"10":{"name":"getWorstStatus","decl":{"start":{"line":228,"column":9},"end":{"line":228,"column":24}},"loc":{"start":{"line":228,"column":72},"end":{"line":233,"column":null}},"line":228},"11":{"name":"runAirsideEngine","decl":{"start":{"line":235,"column":16},"end":{"line":235,"column":33}},"loc":{"start":{"line":235,"column":113},"end":{"line":325,"column":null}},"line":235}},"branchMap":{"0":{"loc":{"start":{"line":8,"column":2},"end":{"line":10,"column":null}},"type":"if","locations":[{"start":{"line":8,"column":2},"end":{"line":10,"column":null}},{"start":{},"end":{}}],"line":8},"1":{"loc":{"start":{"line":8,"column":6},"end":{"line":8,"column":98}},"type":"binary-expr","locations":[{"start":{"line":8,"column":6},"end":{"line":8,"column":11}},{"start":{"line":8,"column":11},"end":{"line":8,"column":40}},{"start":{"line":8,"column":40},"end":{"line":8,"column":71}},{"start":{"line":8,"column":71},"end":{"line":8,"column":98}}],"line":8},"2":{"loc":{"start":{"line":13,"column":2},"end":{"line":13,"column":null}},"type":"if","locations":[{"start":{"line":13,"column":2},"end":{"line":13,"column":null}},{"start":{},"end":{}}],"line":13},"3":{"loc":{"start":{"line":14,"column":2},"end":{"line":14,"column":null}},"type":"if","locations":[{"start":{"line":14,"column":2},"end":{"line":14,"column":null}},{"start":{},"end":{}}],"line":14},"4":{"loc":{"start":{"line":21,"column":2},"end":{"line":23,"column":null}},"type":"if","locations":[{"start":{"line":21,"column":2},"end":{"line":23,"column":null}},{"start":{},"end":{}}],"line":21},"5":{"loc":{"start":{"line":21,"column":6},"end":{"line":21,"column":98}},"type":"binary-expr","locations":[{"start":{"line":21,"column":6},"end":{"line":21,"column":11}},{"start":{"line":21,"column":11},"end":{"line":21,"column":40}},{"start":{"line":21,"column":40},"end":{"line":21,"column":71}},{"start":{"line":21,"column":71},"end":{"line":21,"column":98}}],"line":21},"6":{"loc":{"start":{"line":25,"column":20},"end":{"line":25,"column":null}},"type":"binary-expr","locations":[{"start":{"line":25,"column":20},"end":{"line":25,"column":96}},{"start":{"line":25,"column":96},"end":{"line":25,"column":null}}],"line":25},"7":{"loc":{"start":{"line":25,"column":49},"end":{"line":25,"column":91}},"type":"cond-expr","locations":[{"start":{"line":25,"column":70},"end":{"line":25,"column":82}},{"start":{"line":25,"column":82},"end":{"line":25,"column":91}}],"line":25},"8":{"loc":{"start":{"line":26,"column":2},"end":{"line":29,"column":null}},"type":"if","locations":[{"start":{"line":26,"column":2},"end":{"line":29,"column":null}},{"start":{},"end":{}}],"line":26},"9":{"loc":{"start":{"line":26,"column":6},"end":{"line":26,"column":40}},"type":"binary-expr","locations":[{"start":{"line":26,"column":6},"end":{"line":26,"column":19}},{"start":{"line":26,"column":19},"end":{"line":26,"column":40}}],"line":26},"10":{"loc":{"start":{"line":47,"column":2},"end":{"line":47,"column":null}},"type":"if","locations":[{"start":{"line":47,"column":2},"end":{"line":47,"column":null}},{"start":{},"end":{}}],"line":47},"11":{"loc":{"start":{"line":48,"column":2},"end":{"line":48,"column":null}},"type":"if","locations":[{"start":{"line":48,"column":2},"end":{"line":48,"column":null}},{"start":{},"end":{}}],"line":48},"12":{"loc":{"start":{"line":49,"column":2},"end":{"line":49,"column":null}},"type":"if","locations":[{"start":{"line":49,"column":2},"end":{"line":49,"column":null}},{"start":{},"end":{}}],"line":49},"13":{"loc":{"start":{"line":50,"column":2},"end":{"line":50,"column":null}},"type":"if","locations":[{"start":{"line":50,"column":2},"end":{"line":50,"column":null}},{"start":{},"end":{}}],"line":50},"14":{"loc":{"start":{"line":51,"column":27},"end":{"line":51,"column":63}},"type":"binary-expr","locations":[{"start":{"line":51,"column":27},"end":{"line":51,"column":57}},{"start":{"line":51,"column":57},"end":{"line":51,"column":63}}],"line":51},"15":{"loc":{"start":{"line":51,"column":63},"end":{"line":51,"column":95}},"type":"binary-expr","locations":[{"start":{"line":51,"column":63},"end":{"line":51,"column":93}},{"start":{"line":51,"column":93},"end":{"line":51,"column":95}}],"line":51},"16":{"loc":{"start":{"line":52,"column":2},"end":{"line":52,"column":null}},"type":"if","locations":[{"start":{"line":52,"column":2},"end":{"line":52,"column":null}},{"start":{},"end":{}}],"line":52},"17":{"loc":{"start":{"line":54,"column":72},"end":{"line":54,"column":108}},"type":"cond-expr","locations":[{"start":{"line":54,"column":88},"end":{"line":54,"column":97}},{"start":{"line":54,"column":97},"end":{"line":54,"column":108}}],"line":54},"18":{"loc":{"start":{"line":58,"column":2},"end":{"line":58,"column":null}},"type":"if","locations":[{"start":{"line":58,"column":2},"end":{"line":58,"column":null}},{"start":{},"end":{}}],"line":58},"19":{"loc":{"start":{"line":59,"column":2},"end":{"line":64,"column":null}},"type":"if","locations":[{"start":{"line":59,"column":2},"end":{"line":64,"column":null}},{"start":{},"end":{}}],"line":59},"20":{"loc":{"start":{"line":60,"column":4},"end":{"line":60,"column":null}},"type":"if","locations":[{"start":{"line":60,"column":4},"end":{"line":60,"column":null}},{"start":{},"end":{}}],"line":60},"21":{"loc":{"start":{"line":61,"column":4},"end":{"line":61,"column":null}},"type":"if","locations":[{"start":{"line":61,"column":4},"end":{"line":61,"column":null}},{"start":{},"end":{}}],"line":61},"22":{"loc":{"start":{"line":62,"column":4},"end":{"line":62,"column":null}},"type":"if","locations":[{"start":{"line":62,"column":4},"end":{"line":62,"column":null}},{"start":{},"end":{}}],"line":62},"23":{"loc":{"start":{"line":66,"column":2},"end":{"line":66,"column":null}},"type":"if","locations":[{"start":{"line":66,"column":2},"end":{"line":66,"column":null}},{"start":{},"end":{}}],"line":66},"24":{"loc":{"start":{"line":66,"column":6},"end":{"line":66,"column":64}},"type":"binary-expr","locations":[{"start":{"line":66,"column":6},"end":{"line":66,"column":36}},{"start":{"line":66,"column":36},"end":{"line":66,"column":64}}],"line":66},"25":{"loc":{"start":{"line":71,"column":2},"end":{"line":71,"column":null}},"type":"if","locations":[{"start":{"line":71,"column":2},"end":{"line":71,"column":null}},{"start":{},"end":{}}],"line":71},"26":{"loc":{"start":{"line":72,"column":17},"end":{"line":72,"column":null}},"type":"cond-expr","locations":[{"start":{"line":72,"column":28},"end":{"line":72,"column":41}},{"start":{"line":72,"column":41},"end":{"line":72,"column":null}}],"line":72},"27":{"loc":{"start":{"line":73,"column":21},"end":{"line":73,"column":null}},"type":"cond-expr","locations":[{"start":{"line":73,"column":71},"end":{"line":73,"column":102}},{"start":{"line":73,"column":102},"end":{"line":73,"column":null}}],"line":73},"28":{"loc":{"start":{"line":74,"column":2},"end":{"line":74,"column":null}},"type":"if","locations":[{"start":{"line":74,"column":2},"end":{"line":74,"column":null}},{"start":{},"end":{}}],"line":74},"29":{"loc":{"start":{"line":76,"column":2},"end":{"line":76,"column":null}},"type":"if","locations":[{"start":{"line":76,"column":2},"end":{"line":76,"column":null}},{"start":{},"end":{}}],"line":76},"30":{"loc":{"start":{"line":77,"column":2},"end":{"line":77,"column":null}},"type":"if","locations":[{"start":{"line":77,"column":2},"end":{"line":77,"column":null}},{"start":{},"end":{}}],"line":77},"31":{"loc":{"start":{"line":78,"column":2},"end":{"line":78,"column":null}},"type":"if","locations":[{"start":{"line":78,"column":2},"end":{"line":78,"column":null}},{"start":{},"end":{}}],"line":78},"32":{"loc":{"start":{"line":83,"column":2},"end":{"line":83,"column":null}},"type":"if","locations":[{"start":{"line":83,"column":2},"end":{"line":83,"column":null}},{"start":{},"end":{}}],"line":83},"33":{"loc":{"start":{"line":84,"column":2},"end":{"line":84,"column":null}},"type":"if","locations":[{"start":{"line":84,"column":2},"end":{"line":84,"column":null}},{"start":{},"end":{}}],"line":84},"34":{"loc":{"start":{"line":85,"column":2},"end":{"line":85,"column":null}},"type":"if","locations":[{"start":{"line":85,"column":2},"end":{"line":85,"column":null}},{"start":{},"end":{}}],"line":85},"35":{"loc":{"start":{"line":91,"column":2},"end":{"line":106,"column":null}},"type":"if","locations":[{"start":{"line":91,"column":2},"end":{"line":106,"column":null}},{"start":{},"end":{}}],"line":91},"36":{"loc":{"start":{"line":91,"column":6},"end":{"line":91,"column":79}},"type":"binary-expr","locations":[{"start":{"line":91,"column":6},"end":{"line":91,"column":46}},{"start":{"line":91,"column":46},"end":{"line":91,"column":79}}],"line":91},"37":{"loc":{"start":{"line":107,"column":2},"end":{"line":123,"column":null}},"type":"if","locations":[{"start":{"line":107,"column":2},"end":{"line":123,"column":null}},{"start":{},"end":{}}],"line":107},"38":{"loc":{"start":{"line":108,"column":22},"end":{"line":108,"column":null}},"type":"cond-expr","locations":[{"start":{"line":108,"column":56},"end":{"line":108,"column":92}},{"start":{"line":108,"column":92},"end":{"line":108,"column":null}}],"line":108},"39":{"loc":{"start":{"line":108,"column":92},"end":{"line":108,"column":null}},"type":"binary-expr","locations":[{"start":{"line":108,"column":92},"end":{"line":108,"column":129}},{"start":{"line":108,"column":129},"end":{"line":108,"column":null}}],"line":108},"40":{"loc":{"start":{"line":126,"column":2},"end":{"line":137,"column":null}},"type":"if","locations":[{"start":{"line":126,"column":2},"end":{"line":137,"column":null}},{"start":{},"end":{}}],"line":126},"41":{"loc":{"start":{"line":126,"column":6},"end":{"line":126,"column":120}},"type":"binary-expr","locations":[{"start":{"line":126,"column":6},"end":{"line":126,"column":42}},{"start":{"line":126,"column":42},"end":{"line":126,"column":80}},{"start":{"line":126,"column":80},"end":{"line":126,"column":120}}],"line":126},"42":{"loc":{"start":{"line":139,"column":2},"end":{"line":154,"column":null}},"type":"if","locations":[{"start":{"line":139,"column":2},"end":{"line":154,"column":null}},{"start":{},"end":{}}],"line":139},"43":{"loc":{"start":{"line":139,"column":6},"end":{"line":139,"column":75}},"type":"binary-expr","locations":[{"start":{"line":139,"column":6},"end":{"line":139,"column":32}},{"start":{"line":139,"column":32},"end":{"line":139,"column":75}}],"line":139},"44":{"loc":{"start":{"line":147,"column":22},"end":{"line":147,"column":56}},"type":"binary-expr","locations":[{"start":{"line":147,"column":22},"end":{"line":147,"column":53}},{"start":{"line":147,"column":53},"end":{"line":147,"column":56}}],"line":147},"45":{"loc":{"start":{"line":151,"column":28},"end":{"line":151,"column":62}},"type":"binary-expr","locations":[{"start":{"line":151,"column":28},"end":{"line":151,"column":59}},{"start":{"line":151,"column":59},"end":{"line":151,"column":62}}],"line":151},"46":{"loc":{"start":{"line":156,"column":2},"end":{"line":167,"column":null}},"type":"if","locations":[{"start":{"line":156,"column":2},"end":{"line":167,"column":null}},{"start":{},"end":{}}],"line":156},"47":{"loc":{"start":{"line":156,"column":6},"end":{"line":156,"column":160}},"type":"binary-expr","locations":[{"start":{"line":156,"column":6},"end":{"line":156,"column":41}},{"start":{"line":156,"column":41},"end":{"line":156,"column":68}},{"start":{"line":156,"column":68},"end":{"line":156,"column":113}},{"start":{"line":156,"column":113},"end":{"line":156,"column":160}}],"line":156},"48":{"loc":{"start":{"line":169,"column":2},"end":{"line":185,"column":null}},"type":"if","locations":[{"start":{"line":169,"column":2},"end":{"line":185,"column":null}},{"start":{},"end":{}}],"line":169},"49":{"loc":{"start":{"line":170,"column":4},"end":{"line":172,"column":null}},"type":"binary-expr","locations":[{"start":{"line":170,"column":4},"end":{"line":170,"column":null}},{"start":{"line":171,"column":5},"end":{"line":171,"column":44}},{"start":{"line":171,"column":44},"end":{"line":171,"column":null}},{"start":{"line":172,"column":4},"end":{"line":172,"column":null}}],"line":170},"50":{"loc":{"start":{"line":187,"column":2},"end":{"line":203,"column":null}},"type":"if","locations":[{"start":{"line":187,"column":2},"end":{"line":203,"column":null}},{"start":{},"end":{}}],"line":187},"51":{"loc":{"start":{"line":188,"column":4},"end":{"line":190,"column":null}},"type":"binary-expr","locations":[{"start":{"line":188,"column":4},"end":{"line":188,"column":null}},{"start":{"line":189,"column":5},"end":{"line":189,"column":44}},{"start":{"line":189,"column":44},"end":{"line":189,"column":null}},{"start":{"line":190,"column":4},"end":{"line":190,"column":null}}],"line":188},"52":{"loc":{"start":{"line":204,"column":2},"end":{"line":218,"column":null}},"type":"if","locations":[{"start":{"line":204,"column":2},"end":{"line":218,"column":null}},{"start":{},"end":{}}],"line":204},"53":{"loc":{"start":{"line":222,"column":15},"end":{"line":222,"column":null}},"type":"binary-expr","locations":[{"start":{"line":222,"column":15},"end":{"line":222,"column":29}},{"start":{"line":222,"column":29},"end":{"line":222,"column":null}}],"line":222},"54":{"loc":{"start":{"line":223,"column":15},"end":{"line":223,"column":null}},"type":"binary-expr","locations":[{"start":{"line":223,"column":15},"end":{"line":223,"column":29}},{"start":{"line":223,"column":29},"end":{"line":223,"column":null}}],"line":223},"55":{"loc":{"start":{"line":229,"column":2},"end":{"line":229,"column":null}},"type":"if","locations":[{"start":{"line":229,"column":2},"end":{"line":229,"column":null}},{"start":{},"end":{}}],"line":229},"56":{"loc":{"start":{"line":230,"column":2},"end":{"line":230,"column":null}},"type":"if","locations":[{"start":{"line":230,"column":2},"end":{"line":230,"column":null}},{"start":{},"end":{}}],"line":230},"57":{"loc":{"start":{"line":231,"column":2},"end":{"line":231,"column":null}},"type":"if","locations":[{"start":{"line":231,"column":2},"end":{"line":231,"column":null}},{"start":{},"end":{}}],"line":231},"58":{"loc":{"start":{"line":244,"column":2},"end":{"line":246,"column":null}},"type":"if","locations":[{"start":{"line":244,"column":2},"end":{"line":246,"column":null}},{"start":{},"end":{}}],"line":244},"59":{"loc":{"start":{"line":244,"column":6},"end":{"line":244,"column":117}},"type":"binary-expr","locations":[{"start":{"line":244,"column":6},"end":{"line":244,"column":52}},{"start":{"line":244,"column":52},"end":{"line":244,"column":117}}],"line":244},"60":{"loc":{"start":{"line":251,"column":2},"end":{"line":255,"column":null}},"type":"if","locations":[{"start":{"line":251,"column":2},"end":{"line":255,"column":null}},{"start":{},"end":{}}],"line":251},"61":{"loc":{"start":{"line":251,"column":6},"end":{"line":251,"column":125}},"type":"binary-expr","locations":[{"start":{"line":251,"column":6},"end":{"line":251,"column":42}},{"start":{"line":251,"column":42},"end":{"line":251,"column":85}},{"start":{"line":251,"column":85},"end":{"line":251,"column":112}},{"start":{"line":251,"column":112},"end":{"line":251,"column":125}}],"line":251},"62":{"loc":{"start":{"line":257,"column":2},"end":{"line":259,"column":null}},"type":"if","locations":[{"start":{"line":257,"column":2},"end":{"line":259,"column":null}},{"start":{},"end":{}}],"line":257},"63":{"loc":{"start":{"line":257,"column":6},"end":{"line":257,"column":69}},"type":"binary-expr","locations":[{"start":{"line":257,"column":6},"end":{"line":257,"column":48}},{"start":{"line":257,"column":48},"end":{"line":257,"column":69}}],"line":257},"64":{"loc":{"start":{"line":265,"column":2},"end":{"line":265,"column":null}},"type":"if","locations":[{"start":{"line":265,"column":2},"end":{"line":265,"column":null}},{"start":{},"end":{}}],"line":265},"65":{"loc":{"start":{"line":268,"column":2},"end":{"line":268,"column":null}},"type":"if","locations":[{"start":{"line":268,"column":2},"end":{"line":268,"column":null}},{"start":{},"end":{}}],"line":268},"66":{"loc":{"start":{"line":277,"column":18},"end":{"line":277,"column":null}},"type":"cond-expr","locations":[{"start":{"line":277,"column":18},"end":{"line":277,"column":58}},{"start":{"line":277,"column":58},"end":{"line":277,"column":null}}],"line":277},"67":{"loc":{"start":{"line":279,"column":15},"end":{"line":279,"column":null}},"type":"cond-expr","locations":[{"start":{"line":279,"column":15},"end":{"line":279,"column":49}},{"start":{"line":279,"column":49},"end":{"line":279,"column":null}}],"line":279}},"s":{"0":23,"1":23,"2":0,"3":23,"4":0,"5":23,"6":15,"7":8,"8":23,"9":23,"10":0,"11":23,"12":23,"13":23,"14":23,"15":0,"16":23,"17":23,"18":1,"19":1,"20":1,"21":0,"22":1,"23":1,"24":1,"25":1,"26":1,"27":1,"28":1,"29":1,"30":1,"31":1,"32":23,"33":0,"34":23,"35":15,"36":6,"37":9,"38":1,"39":8,"40":8,"41":4,"42":8,"43":0,"44":8,"45":23,"46":8,"47":15,"48":23,"49":23,"50":9,"51":6,"52":6,"53":0,"54":6,"55":6,"56":4,"57":0,"58":4,"59":15,"60":6,"61":9,"62":0,"63":9,"64":0,"65":9,"66":25,"67":25,"68":7,"69":25,"70":2,"71":2,"72":25,"73":11,"74":25,"75":0,"76":25,"77":6,"78":25,"79":8,"80":25,"81":2,"82":25,"83":13,"84":25,"85":24,"86":24,"87":24,"88":24,"89":23,"90":9,"91":14,"92":2,"93":12,"94":0,"95":12,"96":23,"97":23,"98":23,"99":23,"100":23,"101":23,"102":23,"103":23,"104":15,"105":15,"106":23,"107":15,"108":23,"109":23,"110":23,"111":15,"112":23,"113":23,"114":15,"115":23,"116":23,"117":23,"118":23,"119":23,"120":23},"f":{"0":23,"1":23,"2":23,"3":23,"4":1,"5":23,"6":23,"7":15,"8":25,"9":24,"10":23,"11":23},"b":{"0":[0,23],"1":[23,0,0,0],"2":[0,23],"3":[15,8],"4":[0,23],"5":[23,0,0,0],"6":[23,8],"7":[15,8],"8":[23,0],"9":[23,23],"10":[0,1],"11":[1,0],"12":[1,0],"13":[1,0],"14":[1,1],"15":[1,1],"16":[1,0],"17":[1,0],"18":[0,23],"19":[15,8],"20":[6,9],"21":[1,8],"22":[4,4],"23":[0,8],"24":[8,8],"25":[8,15],"26":[15,0],"27":[15,0],"28":[9,14],"29":[0,6],"30":[2,4],"31":[0,4],"32":[6,9],"33":[0,9],"34":[0,9],"35":[7,18],"36":[25,7],"37":[2,23],"38":[2,0],"39":[0,0],"40":[11,14],"41":[25,17,15],"42":[0,25],"43":[25,15],"44":[0,0],"45":[0,0],"46":[6,19],"47":[25,17,15,15],"48":[8,17],"49":[25,17,13,11],"50":[2,23],"51":[25,17,13,11],"52":[13,12],"53":[24,0],"54":[24,0],"55":[9,14],"56":[2,12],"57":[0,12],"58":[23,0],"59":[23,23],"60":[15,8],"61":[23,23,23,23],"62":[15,8],"63":[23,15],"64":[15,8],"65":[15,8],"66":[15,8],"67":[15,8]},"meta":{"lastBranch":68,"lastFunction":12,"lastStatement":121,"seen":{"f:5:16:5:34":0,"s:7:13:7:Infinity":0,"b:8:2:10:Infinity:undefined:undefined:undefined:undefined":0,"s:8:2:10:Infinity":1,"b:8:6:8:11:8:11:8:40:8:40:8:71:8:71:8:98":1,"s:9:4:9:Infinity":2,"b:13:2:13:Infinity:undefined:undefined:undefined:undefined":2,"s:13:2:13:Infinity":3,"s:13:27:13:Infinity":4,"b:14:2:14:Infinity:undefined:undefined:undefined:undefined":3,"s:14:2:14:Infinity":5,"s:14:26:14:Infinity":6,"s:15:2:15:Infinity":7,"f:18:16:18:37":1,"s:20:13:20:Infinity":8,"b:21:2:23:Infinity:undefined:undefined:undefined:undefined":4,"s:21:2:23:Infinity":9,"b:21:6:21:11:21:11:21:40:21:40:21:71:21:71:21:98":5,"s:22:4:22:Infinity":10,"s:25:20:25:Infinity":11,"b:25:20:25:96:25:96:25:Infinity":6,"b:25:70:25:82:25:82:25:91":7,"b:26:2:29:Infinity:undefined:undefined:undefined:undefined":8,"s:26:2:29:Infinity":12,"b:26:6:26:19:26:19:26:40":9,"s:27:18:27:Infinity":13,"s:28:4:28:Infinity":14,"s:31:2:31:Infinity":15,"f:34:16:34:51":2,"s:36:2:36:Infinity":16,"f:39:16:39:46":3,"s:40:2:40:Infinity":17,"f:43:16:43:44":4,"s:44:27:44:Infinity":18,"s:45:29:45:Infinity":19,"b:47:2:47:Infinity:undefined:undefined:undefined:undefined":10,"s:47:2:47:Infinity":20,"s:47:21:47:Infinity":21,"b:48:2:48:Infinity:undefined:undefined:undefined:undefined":11,"s:48:2:48:Infinity":22,"s:48:48:48:Infinity":23,"b:49:2:49:Infinity:undefined:undefined:undefined:undefined":12,"s:49:2:49:Infinity":24,"s:49:48:49:Infinity":25,"b:50:2:50:Infinity:undefined:undefined:undefined:undefined":13,"s:50:2:50:Infinity":26,"s:50:26:50:Infinity":27,"s:51:17:51:Infinity":28,"b:51:27:51:57:51:57:51:63":14,"b:51:63:51:93:51:93:51:95":15,"b:52:2:52:Infinity:undefined:undefined:undefined:undefined":16,"s:52:2:52:Infinity":29,"s:52:18:52:Infinity":30,"s:54:2:54:Infinity":31,"b:54:88:54:97:54:97:54:108":17,"f:57:9:57:23":5,"b:58:2:58:Infinity:undefined:undefined:undefined:undefined":18,"s:58:2:58:Infinity":32,"s:58:27:58:Infinity":33,"b:59:2:64:Infinity:undefined:undefined:undefined:undefined":19,"s:59:2:64:Infinity":34,"b:60:4:60:Infinity:undefined:undefined:undefined:undefined":20,"s:60:4:60:Infinity":35,"s:60:21:60:Infinity":36,"b:61:4:61:Infinity:undefined:undefined:undefined:undefined":21,"s:61:4:61:Infinity":37,"s:61:36:61:Infinity":38,"b:62:4:62:Infinity:undefined:undefined:undefined:undefined":22,"s:62:4:62:Infinity":39,"s:62:36:62:Infinity":40,"s:63:4:63:Infinity":41,"b:66:2:66:Infinity:undefined:undefined:undefined:undefined":23,"s:66:2:66:Infinity":42,"b:66:6:66:36:66:36:66:64":24,"s:66:64:66:Infinity":43,"s:67:2:67:Infinity":44,"f:70:9:70:24":6,"b:71:2:71:Infinity:undefined:undefined:undefined:undefined":25,"s:71:2:71:Infinity":45,"s:71:18:71:Infinity":46,"s:72:17:72:Infinity":47,"b:72:28:72:41:72:41:72:Infinity":26,"s:73:21:73:Infinity":48,"b:73:71:73:102:73:102:73:Infinity":27,"b:74:2:74:Infinity:undefined:undefined:undefined:undefined":28,"s:74:2:74:Infinity":49,"s:74:23:74:Infinity":50,"s:75:8:75:Infinity":51,"b:76:2:76:Infinity:undefined:undefined:undefined:undefined":29,"s:76:2:76:Infinity":52,"s:76:37:76:Infinity":53,"b:77:2:77:Infinity:undefined:undefined:undefined:undefined":30,"s:77:2:77:Infinity":54,"s:77:23:77:Infinity":55,"b:78:2:78:Infinity:undefined:undefined:undefined:undefined":31,"s:78:2:78:Infinity":56,"s:78:37:78:Infinity":57,"s:79:2:79:Infinity":58,"f:82:9:82:31":7,"b:83:2:83:Infinity:undefined:undefined:undefined:undefined":32,"s:83:2:83:Infinity":59,"s:83:37:83:Infinity":60,"b:84:2:84:Infinity:undefined:undefined:undefined:undefined":33,"s:84:2:84:Infinity":61,"s:84:31:84:Infinity":62,"b:85:2:85:Infinity:undefined:undefined:undefined:undefined":34,"s:85:2:85:Infinity":63,"s:85:37:85:Infinity":64,"s:86:2:86:Infinity":65,"f:89:16:89:40":8,"s:90:44:90:Infinity":66,"b:91:2:106:Infinity:undefined:undefined:undefined:undefined":35,"s:91:2:106:Infinity":67,"b:91:6:91:46:91:46:91:79":36,"s:92:4:105:Infinity":68,"b:107:2:123:Infinity:undefined:undefined:undefined:undefined":37,"s:107:2:123:Infinity":69,"s:108:22:108:Infinity":70,"b:108:56:108:92:108:92:108:Infinity":38,"b:108:92:108:129:108:129:108:Infinity":39,"s:109:4:122:Infinity":71,"b:126:2:137:Infinity:undefined:undefined:undefined:undefined":40,"s:126:2:137:Infinity":72,"b:126:6:126:42:126:42:126:80:126:80:126:120":41,"s:127:4:136:Infinity":73,"b:139:2:154:Infinity:undefined:undefined:undefined:undefined":42,"s:139:2:154:Infinity":74,"b:139:6:139:32:139:32:139:75":43,"s:140:4:153:Infinity":75,"b:147:22:147:53:147:53:147:56":44,"b:151:28:151:59:151:59:151:62":45,"b:156:2:167:Infinity:undefined:undefined:undefined:undefined":46,"s:156:2:167:Infinity":76,"b:156:6:156:41:156:41:156:68:156:68:156:113:156:113:156:160":47,"s:157:4:166:Infinity":77,"b:169:2:185:Infinity:undefined:undefined:undefined:undefined":48,"s:169:2:185:Infinity":78,"b:170:4:170:Infinity:171:5:171:44:171:44:171:Infinity:172:4:172:Infinity":49,"s:174:4:184:Infinity":79,"b:187:2:203:Infinity:undefined:undefined:undefined:undefined":50,"s:187:2:203:Infinity":80,"b:188:4:188:Infinity:189:5:189:44:189:44:189:Infinity:190:4:190:Infinity":51,"s:192:4:202:Infinity":81,"b:204:2:218:Infinity:undefined:undefined:undefined:undefined":52,"s:204:2:218:Infinity":82,"s:205:4:217:Infinity":83,"s:220:2:225:Infinity":84,"f:220:30:220:31":9,"s:221:23:221:Infinity":85,"s:222:15:222:Infinity":86,"b:222:15:222:29:222:29:222:Infinity":53,"s:223:15:223:Infinity":87,"b:223:15:223:29:223:29:223:Infinity":54,"s:224:4:224:Infinity":88,"f:228:9:228:24":10,"b:229:2:229:Infinity:undefined:undefined:undefined:undefined":55,"s:229:2:229:Infinity":89,"s:229:37:229:Infinity":90,"b:230:2:230:Infinity:undefined:undefined:undefined:undefined":56,"s:230:2:230:Infinity":91,"s:230:34:230:Infinity":92,"b:231:2:231:Infinity:undefined:undefined:undefined:undefined":57,"s:231:2:231:Infinity":93,"s:231:36:231:Infinity":94,"s:232:2:232:Infinity":95,"f:235:16:235:33":11,"s:236:32:236:Infinity":96,"s:237:17:237:Infinity":97,"s:239:31:239:Infinity":98,"s:240:28:240:Infinity":99,"s:243:2:243:Infinity":100,"b:244:2:246:Infinity:undefined:undefined:undefined:undefined":58,"s:244:2:246:Infinity":101,"b:244:6:244:52:244:52:244:117":59,"s:245:4:245:Infinity":102,"b:251:2:255:Infinity:undefined:undefined:undefined:undefined":60,"s:251:2:255:Infinity":103,"b:251:6:251:42:251:42:251:85:251:85:251:112:251:112:251:125":61,"s:252:4:252:Infinity":104,"s:254:4:254:Infinity":105,"b:257:2:259:Infinity:undefined:undefined:undefined:undefined":62,"s:257:2:259:Infinity":106,"b:257:6:257:48:257:48:257:69":63,"s:258:4:258:Infinity":107,"s:261:25:261:Infinity":108,"s:262:26:262:Infinity":109,"b:265:2:265:Infinity:undefined:undefined:undefined:undefined":64,"s:265:2:265:Infinity":110,"s:265:49:265:Infinity":111,"s:267:19:267:Infinity":112,"b:268:2:268:Infinity:undefined:undefined:undefined:undefined":65,"s:268:2:268:Infinity":113,"s:268:30:268:Infinity":114,"s:270:24:270:Infinity":115,"s:272:26:272:Infinity":116,"s:274:38:284:Infinity":117,"b:277:18:277:58:277:58:277:Infinity":66,"b:279:15:279:49:279:49:279:Infinity":67,"s:286:36:295:Infinity":118,"s:297:38:322:Infinity":119,"s:324:2:324:Infinity":120}}}
,"D:\\DiagX-Omen\\src\\modules\\airside\\airside.module.ts": {"path":"D:\\DiagX-Omen\\src\\modules\\airside\\airside.module.ts","statementMap":{"0":{"start":{"line":7,"column":47},"end":{"line":14,"column":null}},"1":{"start":{"line":16,"column":60},"end":{"line":34,"column":null}},"2":{"start":{"line":37,"column":2},"end":{"line":37,"column":null}},"3":{"start":{"line":38,"column":2},"end":{"line":38,"column":null}},"4":{"start":{"line":42,"column":4},"end":{"line":42,"column":null}},"5":{"start":{"line":47,"column":10},"end":{"line":47,"column":null}},"6":{"start":{"line":48,"column":4},"end":{"line":55,"column":null}},"7":{"start":{"line":49,"column":23},"end":{"line":49,"column":null}},"8":{"start":{"line":49,"column":51},"end":{"line":49,"column":73}},"9":{"start":{"line":50,"column":6},"end":{"line":54,"column":null}},"10":{"start":{"line":51,"column":25},"end":{"line":51,"column":null}},"11":{"start":{"line":52,"column":8},"end":{"line":52,"column":null}},"12":{"start":{"line":53,"column":8},"end":{"line":53,"column":null}},"13":{"start":{"line":57,"column":4},"end":{"line":57,"column":null}},"14":{"start":{"line":61,"column":4},"end":{"line":61,"column":null}},"15":{"start":{"line":65,"column":28},"end":{"line":65,"column":null}},"16":{"start":{"line":66,"column":4},"end":{"line":66,"column":null}},"17":{"start":{"line":67,"column":4},"end":{"line":67,"column":null}},"18":{"start":{"line":68,"column":4},"end":{"line":68,"column":null}},"19":{"start":{"line":69,"column":4},"end":{"line":69,"column":null}},"20":{"start":{"line":70,"column":4},"end":{"line":70,"column":null}},"21":{"start":{"line":70,"column":29},"end":{"line":70,"column":null}},"22":{"start":{"line":71,"column":4},"end":{"line":75,"column":null}},"23":{"start":{"line":72,"column":6},"end":{"line":72,"column":null}},"24":{"start":{"line":73,"column":6},"end":{"line":73,"column":null}},"25":{"start":{"line":74,"column":6},"end":{"line":74,"column":null}},"26":{"start":{"line":74,"column":51},"end":{"line":74,"column":71}},"27":{"start":{"line":76,"column":4},"end":{"line":76,"column":null}},"28":{"start":{"line":76,"column":50},"end":{"line":76,"column":null}},"29":{"start":{"line":77,"column":4},"end":{"line":77,"column":null}},"30":{"start":{"line":78,"column":10},"end":{"line":78,"column":null}},"31":{"start":{"line":78,"column":68},"end":{"line":78,"column":122}},"32":{"start":{"line":79,"column":20},"end":{"line":79,"column":null}},"33":{"start":{"line":80,"column":4},"end":{"line":80,"column":null}},"34":{"start":{"line":81,"column":4},"end":{"line":81,"column":null}},"35":{"start":{"line":86,"column":4},"end":{"line":86,"column":null}},"36":{"start":{"line":91,"column":22},"end":{"line":91,"column":null}},"37":{"start":{"line":91,"column":60},"end":{"line":91,"column":110}},"38":{"start":{"line":91,"column":121},"end":{"line":91,"column":163}},"39":{"start":{"line":92,"column":23},"end":{"line":92,"column":null}},"40":{"start":{"line":92,"column":61},"end":{"line":92,"column":84}},"41":{"start":{"line":92,"column":95},"end":{"line":92,"column":137}},"42":{"start":{"line":93,"column":19},"end":{"line":93,"column":null}},"43":{"start":{"line":93,"column":57},"end":{"line":93,"column":105}},"44":{"start":{"line":93,"column":116},"end":{"line":93,"column":158}},"45":{"start":{"line":95,"column":10},"end":{"line":95,"column":null}},"46":{"start":{"line":95,"column":69},"end":{"line":95,"column":123}},"47":{"start":{"line":96,"column":20},"end":{"line":96,"column":null}},"48":{"start":{"line":98,"column":4},"end":{"line":108,"column":null}},"49":{"start":{"line":101,"column":77},"end":{"line":101,"column":107}},"50":{"start":{"line":112,"column":29},"end":{"line":112,"column":null}}},"fnMap":{"0":{"name":"(anonymous_0)","decl":{"start":{"line":36,"column":7},"end":{"line":36,"column":13}},"loc":{"start":{"line":36,"column":7},"end":{"line":38,"column":null}},"line":36},"1":{"name":"(anonymous_1)","decl":{"start":{"line":40,"column":2},"end":{"line":40,"column":11}},"loc":{"start":{"line":40,"column":64},"end":{"line":43,"column":null}},"line":40},"2":{"name":"(anonymous_2)","decl":{"start":{"line":45,"column":2},"end":{"line":45,"column":11}},"loc":{"start":{"line":45,"column":79},"end":{"line":58,"column":null}},"line":45},"3":{"name":"(anonymous_3)","decl":{"start":{"line":49,"column":46},"end":{"line":49,"column":51}},"loc":{"start":{"line":49,"column":51},"end":{"line":49,"column":73}},"line":49},"4":{"name":"(anonymous_4)","decl":{"start":{"line":60,"column":2},"end":{"line":60,"column":21}},"loc":{"start":{"line":60,"column":53},"end":{"line":62,"column":null}},"line":60},"5":{"name":"(anonymous_5)","decl":{"start":{"line":64,"column":2},"end":{"line":64,"column":21}},"loc":{"start":{"line":64,"column":94},"end":{"line":82,"column":null}},"line":64},"6":{"name":"(anonymous_6)","decl":{"start":{"line":74,"column":36},"end":{"line":74,"column":37}},"loc":{"start":{"line":74,"column":51},"end":{"line":74,"column":71}},"line":74},"7":{"name":"(anonymous_7)","decl":{"start":{"line":78,"column":63},"end":{"line":78,"column":68}},"loc":{"start":{"line":78,"column":68},"end":{"line":78,"column":122}},"line":78},"8":{"name":"(anonymous_8)","decl":{"start":{"line":84,"column":2},"end":{"line":84,"column":21}},"loc":{"start":{"line":84,"column":84},"end":{"line":87,"column":null}},"line":84},"9":{"name":"(anonymous_9)","decl":{"start":{"line":89,"column":2},"end":{"line":89,"column":19}},"loc":{"start":{"line":89,"column":73},"end":{"line":109,"column":null}},"line":89},"10":{"name":"(anonymous_10)","decl":{"start":{"line":91,"column":55},"end":{"line":91,"column":60}},"loc":{"start":{"line":91,"column":60},"end":{"line":91,"column":110}},"line":91},"11":{"name":"(anonymous_11)","decl":{"start":{"line":91,"column":116},"end":{"line":91,"column":121}},"loc":{"start":{"line":91,"column":121},"end":{"line":91,"column":163}},"line":91},"12":{"name":"(anonymous_12)","decl":{"start":{"line":92,"column":56},"end":{"line":92,"column":61}},"loc":{"start":{"line":92,"column":61},"end":{"line":92,"column":84}},"line":92},"13":{"name":"(anonymous_13)","decl":{"start":{"line":92,"column":90},"end":{"line":92,"column":95}},"loc":{"start":{"line":92,"column":95},"end":{"line":92,"column":137}},"line":92},"14":{"name":"(anonymous_14)","decl":{"start":{"line":93,"column":52},"end":{"line":93,"column":57}},"loc":{"start":{"line":93,"column":57},"end":{"line":93,"column":105}},"line":93},"15":{"name":"(anonymous_15)","decl":{"start":{"line":93,"column":111},"end":{"line":93,"column":116}},"loc":{"start":{"line":93,"column":116},"end":{"line":93,"column":158}},"line":93},"16":{"name":"(anonymous_16)","decl":{"start":{"line":95,"column":64},"end":{"line":95,"column":69}},"loc":{"start":{"line":95,"column":69},"end":{"line":95,"column":123}},"line":95},"17":{"name":"(anonymous_17)","decl":{"start":{"line":101,"column":72},"end":{"line":101,"column":77}},"loc":{"start":{"line":101,"column":77},"end":{"line":101,"column":107}},"line":101}},"branchMap":{"0":{"loc":{"start":{"line":48,"column":4},"end":{"line":55,"column":null}},"type":"if","locations":[{"start":{"line":48,"column":4},"end":{"line":55,"column":null}},{"start":{},"end":{}}],"line":48},"1":{"loc":{"start":{"line":50,"column":6},"end":{"line":54,"column":null}},"type":"if","locations":[{"start":{"line":50,"column":6},"end":{"line":54,"column":null}},{"start":{},"end":{}}],"line":50},"2":{"loc":{"start":{"line":70,"column":4},"end":{"line":70,"column":null}},"type":"if","locations":[{"start":{"line":70,"column":4},"end":{"line":70,"column":null}},{"start":{},"end":{}}],"line":70},"3":{"loc":{"start":{"line":71,"column":4},"end":{"line":75,"column":null}},"type":"if","locations":[{"start":{"line":71,"column":4},"end":{"line":75,"column":null}},{"start":{},"end":{}}],"line":71},"4":{"loc":{"start":{"line":71,"column":8},"end":{"line":71,"column":63}},"type":"binary-expr","locations":[{"start":{"line":71,"column":8},"end":{"line":71,"column":33}},{"start":{"line":71,"column":33},"end":{"line":71,"column":63}}],"line":71},"5":{"loc":{"start":{"line":76,"column":4},"end":{"line":76,"column":null}},"type":"if","locations":[{"start":{"line":76,"column":4},"end":{"line":76,"column":null}},{"start":{},"end":{}}],"line":76},"6":{"loc":{"start":{"line":76,"column":8},"end":{"line":76,"column":50}},"type":"binary-expr","locations":[{"start":{"line":76,"column":8},"end":{"line":76,"column":30}},{"start":{"line":76,"column":30},"end":{"line":76,"column":50}}],"line":76},"7":{"loc":{"start":{"line":78,"column":25},"end":{"line":78,"column":58}},"type":"binary-expr","locations":[{"start":{"line":78,"column":25},"end":{"line":78,"column":54}},{"start":{"line":78,"column":54},"end":{"line":78,"column":58}}],"line":78},"8":{"loc":{"start":{"line":78,"column":68},"end":{"line":78,"column":122}},"type":"binary-expr","locations":[{"start":{"line":78,"column":68},"end":{"line":78,"column":97}},{"start":{"line":78,"column":97},"end":{"line":78,"column":122}}],"line":78},"9":{"loc":{"start":{"line":79,"column":20},"end":{"line":79,"column":null}},"type":"cond-expr","locations":[{"start":{"line":79,"column":35},"end":{"line":79,"column":113}},{"start":{"line":79,"column":113},"end":{"line":79,"column":null}}],"line":79},"10":{"loc":{"start":{"line":79,"column":35},"end":{"line":79,"column":113}},"type":"binary-expr","locations":[{"start":{"line":79,"column":35},"end":{"line":79,"column":56}},{"start":{"line":79,"column":56},"end":{"line":79,"column":83}},{"start":{"line":79,"column":83},"end":{"line":79,"column":113}}],"line":79},"11":{"loc":{"start":{"line":79,"column":113},"end":{"line":79,"column":null}},"type":"cond-expr","locations":[{"start":{"line":79,"column":141},"end":{"line":79,"column":206}},{"start":{"line":79,"column":206},"end":{"line":79,"column":null}}],"line":79},"12":{"loc":{"start":{"line":91,"column":60},"end":{"line":91,"column":110}},"type":"binary-expr","locations":[{"start":{"line":91,"column":60},"end":{"line":91,"column":89}},{"start":{"line":91,"column":89},"end":{"line":91,"column":110}}],"line":91},"13":{"loc":{"start":{"line":91,"column":121},"end":{"line":91,"column":163}},"type":"binary-expr","locations":[{"start":{"line":91,"column":121},"end":{"line":91,"column":133}},{"start":{"line":91,"column":133},"end":{"line":91,"column":150}},{"start":{"line":91,"column":150},"end":{"line":91,"column":161}},{"start":{"line":91,"column":161},"end":{"line":91,"column":163}}],"line":91},"14":{"loc":{"start":{"line":92,"column":95},"end":{"line":92,"column":137}},"type":"binary-expr","locations":[{"start":{"line":92,"column":95},"end":{"line":92,"column":107}},{"start":{"line":92,"column":107},"end":{"line":92,"column":124}},{"start":{"line":92,"column":124},"end":{"line":92,"column":135}},{"start":{"line":92,"column":135},"end":{"line":92,"column":137}}],"line":92},"15":{"loc":{"start":{"line":93,"column":57},"end":{"line":93,"column":105}},"type":"binary-expr","locations":[{"start":{"line":93,"column":57},"end":{"line":93,"column":81}},{"start":{"line":93,"column":81},"end":{"line":93,"column":105}}],"line":93},"16":{"loc":{"start":{"line":93,"column":116},"end":{"line":93,"column":158}},"type":"binary-expr","locations":[{"start":{"line":93,"column":116},"end":{"line":93,"column":128}},{"start":{"line":93,"column":128},"end":{"line":93,"column":145}},{"start":{"line":93,"column":145},"end":{"line":93,"column":156}},{"start":{"line":93,"column":156},"end":{"line":93,"column":158}}],"line":93},"17":{"loc":{"start":{"line":95,"column":26},"end":{"line":95,"column":59}},"type":"binary-expr","locations":[{"start":{"line":95,"column":26},"end":{"line":95,"column":55}},{"start":{"line":95,"column":55},"end":{"line":95,"column":59}}],"line":95},"18":{"loc":{"start":{"line":95,"column":69},"end":{"line":95,"column":123}},"type":"binary-expr","locations":[{"start":{"line":95,"column":69},"end":{"line":95,"column":98}},{"start":{"line":95,"column":98},"end":{"line":95,"column":123}}],"line":95},"19":{"loc":{"start":{"line":96,"column":20},"end":{"line":96,"column":null}},"type":"cond-expr","locations":[{"start":{"line":96,"column":36},"end":{"line":96,"column":93}},{"start":{"line":96,"column":93},"end":{"line":96,"column":null}}],"line":96},"20":{"loc":{"start":{"line":96,"column":36},"end":{"line":96,"column":93}},"type":"binary-expr","locations":[{"start":{"line":96,"column":36},"end":{"line":96,"column":58}},{"start":{"line":96,"column":58},"end":{"line":96,"column":86}},{"start":{"line":96,"column":86},"end":{"line":96,"column":93}}],"line":96},"21":{"loc":{"start":{"line":96,"column":93},"end":{"line":96,"column":null}},"type":"cond-expr","locations":[{"start":{"line":96,"column":121},"end":{"line":96,"column":152}},{"start":{"line":96,"column":152},"end":{"line":96,"column":null}}],"line":96},"22":{"loc":{"start":{"line":100,"column":74},"end":{"line":100,"column":102}},"type":"binary-expr","locations":[{"start":{"line":100,"column":74},"end":{"line":100,"column":97}},{"start":{"line":100,"column":97},"end":{"line":100,"column":102}}],"line":100},"23":{"loc":{"start":{"line":101,"column":23},"end":{"line":101,"column":56}},"type":"binary-expr","locations":[{"start":{"line":101,"column":23},"end":{"line":101,"column":52}},{"start":{"line":101,"column":52},"end":{"line":101,"column":56}}],"line":101},"24":{"loc":{"start":{"line":101,"column":77},"end":{"line":101,"column":107}},"type":"binary-expr","locations":[{"start":{"line":101,"column":77},"end":{"line":101,"column":94}},{"start":{"line":101,"column":94},"end":{"line":101,"column":105}},{"start":{"line":101,"column":105},"end":{"line":101,"column":107}}],"line":101},"25":{"loc":{"start":{"line":107,"column":21},"end":{"line":107,"column":null}},"type":"cond-expr","locations":[{"start":{"line":107,"column":40},"end":{"line":107,"column":55}},{"start":{"line":107,"column":55},"end":{"line":107,"column":null}}],"line":107},"26":{"loc":{"start":{"line":107,"column":55},"end":{"line":107,"column":null}},"type":"cond-expr","locations":[{"start":{"line":107,"column":75},"end":{"line":107,"column":89}},{"start":{"line":107,"column":89},"end":{"line":107,"column":null}}],"line":107}},"s":{"0":1,"1":1,"2":1,"3":1,"4":1,"5":1,"6":1,"7":0,"8":0,"9":0,"10":0,"11":0,"12":0,"13":1,"14":0,"15":0,"16":0,"17":0,"18":0,"19":0,"20":0,"21":0,"22":0,"23":0,"24":0,"25":0,"26":0,"27":0,"28":0,"29":0,"30":0,"31":0,"32":0,"33":0,"34":0,"35":1,"36":1,"37":1,"38":0,"39":1,"40":1,"41":0,"42":1,"43":1,"44":1,"45":1,"46":1,"47":1,"48":1,"49":1,"50":1},"f":{"0":1,"1":1,"2":1,"3":0,"4":0,"5":0,"6":0,"7":0,"8":1,"9":1,"10":1,"11":0,"12":1,"13":0,"14":1,"15":1,"16":1,"17":1},"b":{"0":[0,1],"1":[0,0],"2":[0,0],"3":[0,0],"4":[0,0],"5":[0,0],"6":[0,0],"7":[0,0],"8":[0,0],"9":[0,0],"10":[0,0,0],"11":[0,0],"12":[1,1],"13":[0,0,0,0],"14":[0,0,0,0],"15":[1,0],"16":[1,0,0,0],"17":[1,0],"18":[1,1],"19":[0,1],"20":[0,0,0],"21":[1,0],"22":[1,0],"23":[1,0],"24":[1,0,0],"25":[0,1],"26":[0,1]},"meta":{"lastBranch":27,"lastFunction":18,"lastStatement":51,"seen":{"s:7:47:14:Infinity":0,"s:16:60:34:Infinity":1,"f:36:7:36:13":0,"s:37:2:37:Infinity":2,"s:38:2:38:Infinity":3,"f:40:2:40:11":1,"s:42:4:42:Infinity":4,"f:45:2:45:11":2,"s:47:10:47:Infinity":5,"b:48:4:55:Infinity:undefined:undefined:undefined:undefined":0,"s:48:4:55:Infinity":6,"s:49:23:49:Infinity":7,"f:49:46:49:51":3,"s:49:51:49:73":8,"b:50:6:54:Infinity:undefined:undefined:undefined:undefined":1,"s:50:6:54:Infinity":9,"s:51:25:51:Infinity":10,"s:52:8:52:Infinity":11,"s:53:8:53:Infinity":12,"s:57:4:57:Infinity":13,"f:60:2:60:21":4,"s:61:4:61:Infinity":14,"f:64:2:64:21":5,"s:65:28:65:Infinity":15,"s:66:4:66:Infinity":16,"s:67:4:67:Infinity":17,"s:68:4:68:Infinity":18,"s:69:4:69:Infinity":19,"b:70:4:70:Infinity:undefined:undefined:undefined:undefined":2,"s:70:4:70:Infinity":20,"s:70:29:70:Infinity":21,"b:71:4:75:Infinity:undefined:undefined:undefined:undefined":3,"s:71:4:75:Infinity":22,"b:71:8:71:33:71:33:71:63":4,"s:72:6:72:Infinity":23,"s:73:6:73:Infinity":24,"s:74:6:74:Infinity":25,"f:74:36:74:37":6,"s:74:51:74:71":26,"b:76:4:76:Infinity:undefined:undefined:undefined:undefined":5,"s:76:4:76:Infinity":27,"b:76:8:76:30:76:30:76:50":6,"s:76:50:76:Infinity":28,"s:77:4:77:Infinity":29,"s:78:10:78:Infinity":30,"b:78:25:78:54:78:54:78:58":7,"f:78:63:78:68":7,"s:78:68:78:122":31,"b:78:68:78:97:78:97:78:122":8,"s:79:20:79:Infinity":32,"b:79:35:79:113:79:113:79:Infinity":9,"b:79:35:79:56:79:56:79:83:79:83:79:113":10,"b:79:141:79:206:79:206:79:Infinity":11,"s:80:4:80:Infinity":33,"s:81:4:81:Infinity":34,"f:84:2:84:21":8,"s:86:4:86:Infinity":35,"f:89:2:89:19":9,"s:91:22:91:Infinity":36,"f:91:55:91:60":10,"s:91:60:91:110":37,"b:91:60:91:89:91:89:91:110":12,"f:91:116:91:121":11,"s:91:121:91:163":38,"b:91:121:91:133:91:133:91:150:91:150:91:161:91:161:91:163":13,"s:92:23:92:Infinity":39,"f:92:56:92:61":12,"s:92:61:92:84":40,"f:92:90:92:95":13,"s:92:95:92:137":41,"b:92:95:92:107:92:107:92:124:92:124:92:135:92:135:92:137":14,"s:93:19:93:Infinity":42,"f:93:52:93:57":14,"s:93:57:93:105":43,"b:93:57:93:81:93:81:93:105":15,"f:93:111:93:116":15,"s:93:116:93:158":44,"b:93:116:93:128:93:128:93:145:93:145:93:156:93:156:93:158":16,"s:95:10:95:Infinity":45,"b:95:26:95:55:95:55:95:59":17,"f:95:64:95:69":16,"s:95:69:95:123":46,"b:95:69:95:98:95:98:95:123":18,"s:96:20:96:Infinity":47,"b:96:36:96:93:96:93:96:Infinity":19,"b:96:36:96:58:96:58:96:86:96:86:96:93":20,"b:96:121:96:152:96:152:96:Infinity":21,"s:98:4:108:Infinity":48,"b:100:74:100:97:100:97:100:102":22,"b:101:23:101:52:101:52:101:56":23,"f:101:72:101:77":17,"s:101:77:101:107":49,"b:101:77:101:94:101:94:101:105:101:105:101:107":24,"b:107:40:107:55:107:55:107:Infinity":25,"b:107:75:107:89:107:89:107:Infinity":26,"s:112:29:112:Infinity":50}}}
,"D:\\DiagX-Omen\\src\\modules\\airside\\airside.validation.ts": {"path":"D:\\DiagX-Omen\\src\\modules\\airside\\airside.validation.ts","statementMap":{"0":{"start":{"line":5,"column":36},"end":{"line":5,"column":null}},"1":{"start":{"line":8,"column":2},"end":{"line":10,"column":null}},"2":{"start":{"line":9,"column":4},"end":{"line":9,"column":null}},"3":{"start":{"line":11,"column":2},"end":{"line":13,"column":null}},"4":{"start":{"line":12,"column":4},"end":{"line":12,"column":null}},"5":{"start":{"line":16,"column":2},"end":{"line":18,"column":null}},"6":{"start":{"line":17,"column":4},"end":{"line":17,"column":null}},"7":{"start":{"line":19,"column":2},"end":{"line":21,"column":null}},"8":{"start":{"line":20,"column":4},"end":{"line":20,"column":null}},"9":{"start":{"line":24,"column":2},"end":{"line":26,"column":null}},"10":{"start":{"line":25,"column":4},"end":{"line":25,"column":null}},"11":{"start":{"line":29,"column":2},"end":{"line":34,"column":null}},"12":{"start":{"line":30,"column":19},"end":{"line":30,"column":null}},"13":{"start":{"line":31,"column":4},"end":{"line":33,"column":null}},"14":{"start":{"line":32,"column":6},"end":{"line":32,"column":null}},"15":{"start":{"line":36,"column":2},"end":{"line":36,"column":null}},"16":{"start":{"line":36,"column":33},"end":{"line":36,"column":55}}},"fnMap":{"0":{"name":"validateAirsideMeasurements","decl":{"start":{"line":4,"column":16},"end":{"line":4,"column":44}},"loc":{"start":{"line":4,"column":86},"end":{"line":37,"column":null}},"line":4},"1":{"name":"(anonymous_1)","decl":{"start":{"line":36,"column":28},"end":{"line":36,"column":33}},"loc":{"start":{"line":36,"column":33},"end":{"line":36,"column":55}},"line":36}},"branchMap":{"0":{"loc":{"start":{"line":8,"column":2},"end":{"line":10,"column":null}},"type":"if","locations":[{"start":{"line":8,"column":2},"end":{"line":10,"column":null}},{"start":{},"end":{}}],"line":8},"1":{"loc":{"start":{"line":11,"column":2},"end":{"line":13,"column":null}},"type":"if","locations":[{"start":{"line":11,"column":2},"end":{"line":13,"column":null}},{"start":{},"end":{}}],"line":11},"2":{"loc":{"start":{"line":16,"column":2},"end":{"line":18,"column":null}},"type":"if","locations":[{"start":{"line":16,"column":2},"end":{"line":18,"column":null}},{"start":{},"end":{}}],"line":16},"3":{"loc":{"start":{"line":16,"column":6},"end":{"line":16,"column":84}},"type":"binary-expr","locations":[{"start":{"line":16,"column":6},"end":{"line":16,"column":34}},{"start":{"line":16,"column":34},"end":{"line":16,"column":60}},{"start":{"line":16,"column":60},"end":{"line":16,"column":84}}],"line":16},"4":{"loc":{"start":{"line":19,"column":2},"end":{"line":21,"column":null}},"type":"if","locations":[{"start":{"line":19,"column":2},"end":{"line":21,"column":null}},{"start":{},"end":{}}],"line":19},"5":{"loc":{"start":{"line":19,"column":6},"end":{"line":19,"column":84}},"type":"binary-expr","locations":[{"start":{"line":19,"column":6},"end":{"line":19,"column":34}},{"start":{"line":19,"column":34},"end":{"line":19,"column":60}},{"start":{"line":19,"column":60},"end":{"line":19,"column":84}}],"line":19},"6":{"loc":{"start":{"line":24,"column":2},"end":{"line":26,"column":null}},"type":"if","locations":[{"start":{"line":24,"column":2},"end":{"line":26,"column":null}},{"start":{},"end":{}}],"line":24},"7":{"loc":{"start":{"line":24,"column":6},"end":{"line":24,"column":81}},"type":"binary-expr","locations":[{"start":{"line":24,"column":6},"end":{"line":24,"column":38}},{"start":{"line":24,"column":38},"end":{"line":24,"column":59}},{"start":{"line":24,"column":59},"end":{"line":24,"column":81}}],"line":24},"8":{"loc":{"start":{"line":29,"column":2},"end":{"line":34,"column":null}},"type":"if","locations":[{"start":{"line":29,"column":2},"end":{"line":34,"column":null}},{"start":{},"end":{}}],"line":29},"9":{"loc":{"start":{"line":29,"column":6},"end":{"line":29,"column":58}},"type":"binary-expr","locations":[{"start":{"line":29,"column":6},"end":{"line":29,"column":33}},{"start":{"line":29,"column":33},"end":{"line":29,"column":58}}],"line":29},"10":{"loc":{"start":{"line":31,"column":4},"end":{"line":33,"column":null}},"type":"if","locations":[{"start":{"line":31,"column":4},"end":{"line":33,"column":null}},{"start":{},"end":{}}],"line":31}},"s":{"0":3,"1":3,"2":1,"3":3,"4":0,"5":3,"6":0,"7":3,"8":0,"9":3,"10":0,"11":3,"12":2,"13":2,"14":0,"15":3,"16":1},"f":{"0":3,"1":1},"b":{"0":[1,2],"1":[0,3],"2":[0,3],"3":[3,2,2],"4":[0,3],"5":[3,3,3],"6":[0,3],"7":[3,0,0],"8":[2,1],"9":[3,2],"10":[0,2]},"meta":{"lastBranch":11,"lastFunction":2,"lastStatement":17,"seen":{"f:4:16:4:44":0,"s:5:36:5:Infinity":0,"b:8:2:10:Infinity:undefined:undefined:undefined:undefined":0,"s:8:2:10:Infinity":1,"s:9:4:9:Infinity":2,"b:11:2:13:Infinity:undefined:undefined:undefined:undefined":1,"s:11:2:13:Infinity":3,"s:12:4:12:Infinity":4,"b:16:2:18:Infinity:undefined:undefined:undefined:undefined":2,"s:16:2:18:Infinity":5,"b:16:6:16:34:16:34:16:60:16:60:16:84":3,"s:17:4:17:Infinity":6,"b:19:2:21:Infinity:undefined:undefined:undefined:undefined":4,"s:19:2:21:Infinity":7,"b:19:6:19:34:19:34:19:60:19:60:19:84":5,"s:20:4:20:Infinity":8,"b:24:2:26:Infinity:undefined:undefined:undefined:undefined":6,"s:24:2:26:Infinity":9,"b:24:6:24:38:24:38:24:59:24:59:24:81":7,"s:25:4:25:Infinity":10,"b:29:2:34:Infinity:undefined:undefined:undefined:undefined":8,"s:29:2:34:Infinity":11,"b:29:6:29:33:29:33:29:58":9,"s:30:19:30:Infinity":12,"b:31:4:33:Infinity:undefined:undefined:undefined:undefined":10,"s:31:4:33:Infinity":13,"s:32:6:32:Infinity":14,"s:36:2:36:Infinity":15,"f:36:28:36:33":1,"s:36:33:36:55":16}}}
,"D:\\DiagX-Omen\\src\\modules\\compressor\\recip.engine.ts": {"path":"D:\\DiagX-Omen\\src\\modules\\compressor\\recip.engine.ts","statementMap":{"0":{"start":{"line":19,"column":2},"end":{"line":21,"column":null}},"1":{"start":{"line":20,"column":4},"end":{"line":20,"column":null}},"2":{"start":{"line":23,"column":2},"end":{"line":25,"column":null}},"3":{"start":{"line":24,"column":4},"end":{"line":24,"column":null}},"4":{"start":{"line":27,"column":2},"end":{"line":29,"column":null}},"5":{"start":{"line":28,"column":4},"end":{"line":28,"column":null}},"6":{"start":{"line":31,"column":2},"end":{"line":33,"column":null}},"7":{"start":{"line":32,"column":4},"end":{"line":32,"column":null}},"8":{"start":{"line":35,"column":2},"end":{"line":37,"column":null}},"9":{"start":{"line":36,"column":4},"end":{"line":36,"column":null}},"10":{"start":{"line":39,"column":2},"end":{"line":39,"column":null}},"11":{"start":{"line":44,"column":2},"end":{"line":46,"column":null}},"12":{"start":{"line":45,"column":4},"end":{"line":45,"column":null}},"13":{"start":{"line":48,"column":14},"end":{"line":48,"column":null}},"14":{"start":{"line":50,"column":2},"end":{"line":52,"column":null}},"15":{"start":{"line":51,"column":4},"end":{"line":51,"column":null}},"16":{"start":{"line":54,"column":2},"end":{"line":56,"column":null}},"17":{"start":{"line":55,"column":4},"end":{"line":55,"column":null}},"18":{"start":{"line":58,"column":2},"end":{"line":60,"column":null}},"19":{"start":{"line":59,"column":4},"end":{"line":59,"column":null}},"20":{"start":{"line":62,"column":2},"end":{"line":62,"column":null}},"21":{"start":{"line":67,"column":2},"end":{"line":67,"column":null}},"22":{"start":{"line":67,"column":28},"end":{"line":67,"column":null}},"23":{"start":{"line":68,"column":2},"end":{"line":68,"column":null}},"24":{"start":{"line":68,"column":30},"end":{"line":68,"column":null}},"25":{"start":{"line":70,"column":35},"end":{"line":70,"column":null}},"26":{"start":{"line":73,"column":2},"end":{"line":73,"column":null}},"27":{"start":{"line":81,"column":86},"end":{"line":81,"column":null}},"28":{"start":{"line":82,"column":2},"end":{"line":82,"column":null}},"29":{"start":{"line":82,"column":82},"end":{"line":82,"column":null}},"30":{"start":{"line":83,"column":2},"end":{"line":83,"column":null}},"31":{"start":{"line":83,"column":83},"end":{"line":83,"column":null}},"32":{"start":{"line":84,"column":2},"end":{"line":84,"column":null}},"33":{"start":{"line":89,"column":2},"end":{"line":89,"column":null}},"34":{"start":{"line":89,"column":37},"end":{"line":89,"column":null}},"35":{"start":{"line":90,"column":2},"end":{"line":90,"column":null}},"36":{"start":{"line":90,"column":34},"end":{"line":90,"column":null}},"37":{"start":{"line":91,"column":2},"end":{"line":91,"column":null}},"38":{"start":{"line":91,"column":36},"end":{"line":91,"column":null}},"39":{"start":{"line":92,"column":2},"end":{"line":92,"column":null}},"40":{"start":{"line":97,"column":27},"end":{"line":97,"column":null}},"41":{"start":{"line":98,"column":29},"end":{"line":98,"column":null}},"42":{"start":{"line":100,"column":2},"end":{"line":100,"column":null}},"43":{"start":{"line":100,"column":87},"end":{"line":100,"column":null}},"44":{"start":{"line":101,"column":2},"end":{"line":101,"column":null}},"45":{"start":{"line":101,"column":91},"end":{"line":101,"column":null}},"46":{"start":{"line":102,"column":2},"end":{"line":102,"column":null}},"47":{"start":{"line":102,"column":164},"end":{"line":102,"column":null}},"48":{"start":{"line":103,"column":2},"end":{"line":103,"column":null}},"49":{"start":{"line":103,"column":72},"end":{"line":103,"column":null}},"50":{"start":{"line":104,"column":2},"end":{"line":107,"column":null}},"51":{"start":{"line":105,"column":4},"end":{"line":105,"column":null}},"52":{"start":{"line":105,"column":63},"end":{"line":105,"column":null}},"53":{"start":{"line":106,"column":4},"end":{"line":106,"column":null}},"54":{"start":{"line":106,"column":42},"end":{"line":106,"column":null}},"55":{"start":{"line":108,"column":2},"end":{"line":108,"column":null}},"56":{"start":{"line":108,"column":40},"end":{"line":108,"column":null}},"57":{"start":{"line":110,"column":2},"end":{"line":110,"column":null}},"58":{"start":{"line":125,"column":33},"end":{"line":125,"column":null}},"59":{"start":{"line":126,"column":122},"end":{"line":126,"column":null}},"60":{"start":{"line":131,"column":2},"end":{"line":147,"column":null}},"61":{"start":{"line":132,"column":4},"end":{"line":146,"column":null}},"62":{"start":{"line":149,"column":2},"end":{"line":172,"column":null}},"63":{"start":{"line":151,"column":4},"end":{"line":156,"column":null}},"64":{"start":{"line":152,"column":18},"end":{"line":152,"column":null}},"65":{"start":{"line":153,"column":6},"end":{"line":153,"column":null}},"66":{"start":{"line":155,"column":6},"end":{"line":155,"column":null}},"67":{"start":{"line":157,"column":4},"end":{"line":171,"column":null}},"68":{"start":{"line":174,"column":2},"end":{"line":188,"column":null}},"69":{"start":{"line":175,"column":4},"end":{"line":187,"column":null}},"70":{"start":{"line":190,"column":2},"end":{"line":204,"column":null}},"71":{"start":{"line":191,"column":4},"end":{"line":203,"column":null}},"72":{"start":{"line":206,"column":2},"end":{"line":220,"column":null}},"73":{"start":{"line":207,"column":4},"end":{"line":219,"column":null}},"74":{"start":{"line":222,"column":2},"end":{"line":236,"column":null}},"75":{"start":{"line":223,"column":4},"end":{"line":235,"column":null}},"76":{"start":{"line":238,"column":2},"end":{"line":252,"column":null}},"77":{"start":{"line":239,"column":4},"end":{"line":251,"column":null}},"78":{"start":{"line":254,"column":2},"end":{"line":268,"column":null}},"79":{"start":{"line":255,"column":4},"end":{"line":267,"column":null}},"80":{"start":{"line":270,"column":2},"end":{"line":285,"column":null}},"81":{"start":{"line":271,"column":4},"end":{"line":284,"column":null}},"82":{"start":{"line":287,"column":2},"end":{"line":287,"column":null}},"83":{"start":{"line":291,"column":25},"end":{"line":291,"column":null}},"84":{"start":{"line":293,"column":16},"end":{"line":293,"column":null}},"85":{"start":{"line":294,"column":15},"end":{"line":294,"column":null}},"86":{"start":{"line":296,"column":28},"end":{"line":296,"column":null}},"87":{"start":{"line":297,"column":14},"end":{"line":297,"column":null}},"88":{"start":{"line":299,"column":15},"end":{"line":299,"column":null}},"89":{"start":{"line":300,"column":28},"end":{"line":300,"column":null}},"90":{"start":{"line":301,"column":17},"end":{"line":301,"column":null}},"91":{"start":{"line":303,"column":2},"end":{"line":303,"column":null}},"92":{"start":{"line":303,"column":60},"end":{"line":303,"column":null}},"93":{"start":{"line":306,"column":34},"end":{"line":306,"column":null}},"94":{"start":{"line":307,"column":28},"end":{"line":307,"column":null}},"95":{"start":{"line":308,"column":18},"end":{"line":308,"column":null}},"96":{"start":{"line":309,"column":53},"end":{"line":309,"column":null}},"97":{"start":{"line":311,"column":2},"end":{"line":313,"column":null}},"98":{"start":{"line":312,"column":4},"end":{"line":312,"column":null}},"99":{"start":{"line":315,"column":39},"end":{"line":315,"column":null}},"100":{"start":{"line":316,"column":2},"end":{"line":316,"column":null}},"101":{"start":{"line":316,"column":25},"end":{"line":316,"column":null}},"102":{"start":{"line":318,"column":24},"end":{"line":318,"column":null}},"103":{"start":{"line":322,"column":44},"end":{"line":322,"column":null}},"104":{"start":{"line":324,"column":2},"end":{"line":338,"column":null}},"105":{"start":{"line":325,"column":4},"end":{"line":337,"column":null}},"106":{"start":{"line":341,"column":48},"end":{"line":346,"column":null}},"107":{"start":{"line":348,"column":46},"end":{"line":354,"column":null}},"108":{"start":{"line":356,"column":48},"end":{"line":371,"column":null}},"109":{"start":{"line":373,"column":2},"end":{"line":373,"column":null}}},"fnMap":{"0":{"name":"analyzeCompressionRatio","decl":{"start":{"line":18,"column":9},"end":{"line":18,"column":33}},"loc":{"start":{"line":18,"column":78},"end":{"line":40,"column":null}},"line":18},"1":{"name":"analyzeCurrent","decl":{"start":{"line":43,"column":9},"end":{"line":43,"column":24}},"loc":{"start":{"line":43,"column":109},"end":{"line":63,"column":null}},"line":43},"2":{"name":"analyzeUnloading","decl":{"start":{"line":66,"column":9},"end":{"line":66,"column":26}},"loc":{"start":{"line":66,"column":101},"end":{"line":74,"column":null}},"line":66},"3":{"name":"deriveRecipHealthFlags","decl":{"start":{"line":77,"column":9},"end":{"line":77,"column":null}},"loc":{"start":{"line":80,"column":71},"end":{"line":85,"column":null}},"line":80},"4":{"name":"worstStatus","decl":{"start":{"line":88,"column":9},"end":{"line":88,"column":21}},"loc":{"start":{"line":88,"column":69},"end":{"line":93,"column":null}},"line":88},"5":{"name":"validateReciprocatingCompressorMeasurements","decl":{"start":{"line":96,"column":16},"end":{"line":96,"column":60}},"loc":{"start":{"line":96,"column":129},"end":{"line":111,"column":null}},"line":96},"6":{"name":"generateRecipRecommendations","decl":{"start":{"line":114,"column":16},"end":{"line":114,"column":45}},"loc":{"start":{"line":124,"column":21},"end":{"line":288,"column":null}},"line":124},"7":{"name":"runReciprocatingCompressorEngine","decl":{"start":{"line":290,"column":16},"end":{"line":290,"column":49}},"loc":{"start":{"line":290,"column":164},"end":{"line":374,"column":null}},"line":290}},"branchMap":{"0":{"loc":{"start":{"line":19,"column":2},"end":{"line":21,"column":null}},"type":"if","locations":[{"start":{"line":19,"column":2},"end":{"line":21,"column":null}},{"start":{},"end":{}}],"line":19},"1":{"loc":{"start":{"line":19,"column":6},"end":{"line":19,"column":38}},"type":"binary-expr","locations":[{"start":{"line":19,"column":6},"end":{"line":19,"column":26}},{"start":{"line":19,"column":26},"end":{"line":19,"column":38}}],"line":19},"2":{"loc":{"start":{"line":23,"column":2},"end":{"line":25,"column":null}},"type":"if","locations":[{"start":{"line":23,"column":2},"end":{"line":25,"column":null}},{"start":{},"end":{}}],"line":23},"3":{"loc":{"start":{"line":27,"column":2},"end":{"line":29,"column":null}},"type":"if","locations":[{"start":{"line":27,"column":2},"end":{"line":29,"column":null}},{"start":{},"end":{}}],"line":27},"4":{"loc":{"start":{"line":31,"column":2},"end":{"line":33,"column":null}},"type":"if","locations":[{"start":{"line":31,"column":2},"end":{"line":33,"column":null}},{"start":{},"end":{}}],"line":31},"5":{"loc":{"start":{"line":35,"column":2},"end":{"line":37,"column":null}},"type":"if","locations":[{"start":{"line":35,"column":2},"end":{"line":37,"column":null}},{"start":{},"end":{}}],"line":35},"6":{"loc":{"start":{"line":44,"column":2},"end":{"line":46,"column":null}},"type":"if","locations":[{"start":{"line":44,"column":2},"end":{"line":46,"column":null}},{"start":{},"end":{}}],"line":44},"7":{"loc":{"start":{"line":44,"column":6},"end":{"line":44,"column":63}},"type":"binary-expr","locations":[{"start":{"line":44,"column":6},"end":{"line":44,"column":32}},{"start":{"line":44,"column":32},"end":{"line":44,"column":53}},{"start":{"line":44,"column":53},"end":{"line":44,"column":63}}],"line":44},"8":{"loc":{"start":{"line":50,"column":2},"end":{"line":52,"column":null}},"type":"if","locations":[{"start":{"line":50,"column":2},"end":{"line":52,"column":null}},{"start":{},"end":{}}],"line":50},"9":{"loc":{"start":{"line":54,"column":2},"end":{"line":56,"column":null}},"type":"if","locations":[{"start":{"line":54,"column":2},"end":{"line":56,"column":null}},{"start":{},"end":{}}],"line":54},"10":{"loc":{"start":{"line":58,"column":2},"end":{"line":60,"column":null}},"type":"if","locations":[{"start":{"line":58,"column":2},"end":{"line":60,"column":null}},{"start":{},"end":{}}],"line":58},"11":{"loc":{"start":{"line":67,"column":2},"end":{"line":67,"column":null}},"type":"if","locations":[{"start":{"line":67,"column":2},"end":{"line":67,"column":null}},{"start":{},"end":{}}],"line":67},"12":{"loc":{"start":{"line":67,"column":6},"end":{"line":67,"column":28}},"type":"binary-expr","locations":[{"start":{"line":67,"column":6},"end":{"line":67,"column":16}},{"start":{"line":67,"column":16},"end":{"line":67,"column":28}}],"line":67},"13":{"loc":{"start":{"line":68,"column":2},"end":{"line":68,"column":null}},"type":"if","locations":[{"start":{"line":68,"column":2},"end":{"line":68,"column":null}},{"start":{},"end":{}}],"line":68},"14":{"loc":{"start":{"line":70,"column":35},"end":{"line":70,"column":null}},"type":"cond-expr","locations":[{"start":{"line":70,"column":70},"end":{"line":70,"column":80}},{"start":{"line":70,"column":80},"end":{"line":70,"column":null}}],"line":70},"15":{"loc":{"start":{"line":70,"column":35},"end":{"line":70,"column":70}},"type":"binary-expr","locations"
[...]
,"D:\\DiagX-Omen\\src\\wshp\\wshp.config.refrigeration.ts": {"path":"D:\\DiagX-Omen\\src\\wshp\\wshp.config.refrigeration.ts","statementMap":{"0":{"start":{"line":6,"column":52},"end":{"line":6,"column":null}},"1":{"start":{"line":8,"column":2},"end":{"line":19,"column":null}}},"fnMap":{"0":{"name":"buildRefrigerationConfigFromWSHP","decl":{"start":{"line":5,"column":16},"end":{"line":5,"column":49}},"loc":{"start":{"line":5,"column":103},"end":{"line":20,"column":null}},"line":5}},"branchMap":{"0":{"loc":{"start":{"line":13,"column":24},"end":{"line":13,"column":null}},"type":"binary-expr","locations":[{"start":{"line":13,"column":24},"end":{"line":13,"column":48}},{"start":{"line":13,"column":48},"end":{"line":13,"column":null}}],"line":13},"1":{"loc":{"start":{"line":13,"column":48},"end":{"line":13,"column":null}},"type":"cond-expr","locations":[{"start":{"line":13,"column":82},"end":{"line":13,"column":102}},{"start":{"line":13,"column":102},"end":{"line":13,"column":null}}],"line":13}},"s":{"0":10,"1":10},"f":{"0":10},"b":{"0":[10,1],"1":[1,0]},"meta":{"lastBranch":2,"lastFunction":1,"lastStatement":2,"seen":{"f:5:16:5:49":0,"s:6:52:6:Infinity":0,"s:8:2:19:Infinity":1,"b:13:24:13:48:13:48:13:Infinity":0,"b:13:82:13:102:13:102:13:Infinity":1}}}
,"D:\\DiagX-Omen\\src\\wshp\\wshp.diagx.ts": {"path":"D:\\DiagX-Omen\\src\\wshp\\wshp.diagx.ts","statementMap":{"0":{"start":{"line":31,"column":36},"end":{"line":31,"column":null}},"1":{"start":{"line":32,"column":40},"end":{"line":32,"column":null}},"2":{"start":{"line":34,"column":23},"end":{"line":34,"column":null}},"3":{"start":{"line":35,"column":23},"end":{"line":35,"column":null}},"4":{"start":{"line":36,"column":25},"end":{"line":36,"column":null}},"5":{"start":{"line":37,"column":26},"end":{"line":37,"column":null}},"6":{"start":{"line":38,"column":23},"end":{"line":38,"column":null}},"7":{"start":{"line":40,"column":2},"end":{"line":43,"column":null}},"8":{"start":{"line":41,"column":4},"end":{"line":41,"column":null}},"9":{"start":{"line":42,"column":4},"end":{"line":42,"column":null}},"10":{"start":{"line":45,"column":2},"end":{"line":49,"column":null}},"11":{"start":{"line":46,"column":10},"end":{"line":46,"column":null}},"12":{"start":{"line":47,"column":4},"end":{"line":47,"column":null}},"13":{"start":{"line":48,"column":4},"end":{"line":48,"column":null}},"14":{"start":{"line":52,"column":2},"end":{"line":67,"column":null}},"15":{"start":{"line":53,"column":4},"end":{"line":66,"column":null}},"16":{"start":{"line":54,"column":35},"end":{"line":58,"column":null}},"17":{"start":{"line":59,"column":28},"end":{"line":61,"column":null}},"18":{"start":{"line":62,"column":24},"end":{"line":62,"column":null}},"19":{"start":{"line":63,"column":6},"end":{"line":63,"column":null}},"20":{"start":{"line":69,"column":2},"end":{"line":72,"column":null}},"21":{"start":{"line":70,"column":4},"end":{"line":70,"column":null}},"22":{"start":{"line":71,"column":4},"end":{"line":71,"column":null}},"23":{"start":{"line":75,"column":2},"end":{"line":88,"column":null}},"24":{"start":{"line":76,"column":4},"end":{"line":87,"column":null}},"25":{"start":{"line":77,"column":33},"end":{"line":81,"column":null}},"26":{"start":{"line":82,"column":28},"end":{"line":82,"column":null}},"27":{"start":{"line":83,"column":22},"end":{"line":83,"column":null}},"28":{"start":{"line":84,"column":6},"end":{"line":84,"column":null}},"29":{"start":{"line":90,"column":2},"end":{"line":93,"column":null}},"30":{"start":{"line":91,"column":4},"end":{"line":91,"column":null}},"31":{"start":{"line":92,"column":4},"end":{"line":92,"column":null}},"32":{"start":{"line":95,"column":2},"end":{"line":98,"column":null}},"33":{"start":{"line":96,"column":4},"end":{"line":96,"column":null}},"34":{"start":{"line":97,"column":4},"end":{"line":97,"column":null}},"35":{"start":{"line":100,"column":24},"end":{"line":100,"column":null}},"36":{"start":{"line":103,"column":40},"end":{"line":103,"column":null}},"37":{"start":{"line":106,"column":2},"end":{"line":108,"column":null}},"38":{"start":{"line":107,"column":4},"end":{"line":107,"column":null}},"39":{"start":{"line":111,"column":2},"end":{"line":113,"column":null}},"40":{"start":{"line":112,"column":4},"end":{"line":112,"column":null}},"41":{"start":{"line":116,"column":24},"end":{"line":116,"column":null}},"42":{"start":{"line":117,"column":25},"end":{"line":117,"column":null}},"43":{"start":{"line":118,"column":2},"end":{"line":120,"column":null}},"44":{"start":{"line":119,"column":4},"end":{"line":119,"column":null}},"45":{"start":{"line":122,"column":2},"end":{"line":124,"column":null}},"46":{"start":{"line":123,"column":4},"end":{"line":123,"column":null}},"47":{"start":{"line":126,"column":2},"end":{"line":126,"column":null}},"48":{"start":{"line":130,"column":39},"end":{"line":130,"column":null}},"49":{"start":{"line":130,"column":60},"end":{"line":130,"column":91}},"50":{"start":{"line":130,"column":80},"end":{"line":130,"column":90}},"51":{"start":{"line":132,"column":2},"end":{"line":132,"column":null}},"52":{"start":{"line":132,"column":37},"end":{"line":132,"column":null}},"53":{"start":{"line":133,"column":2},"end":{"line":133,"column":null}},"54":{"start":{"line":133,"column":34},"end":{"line":133,"column":null}},"55":{"start":{"line":134,"column":2},"end":{"line":134,"column":null}},"56":{"start":{"line":134,"column":36},"end":{"line":134,"column":null}},"57":{"start":{"line":135,"column":2},"end":{"line":135,"column":null}}},"fnMap":{"0":{"name":"runWshpDiagx","decl":{"start":{"line":30,"column":16},"end":{"line":30,"column":29}},"loc":{"start":{"line":30,"column":69},"end":{"line":127,"column":null}},"line":30},"1":{"name":"reduceOverallStatus","decl":{"start":{"line":129,"column":9},"end":{"line":129,"column":29}},"loc":{"start":{"line":129,"column":72},"end":{"line":136,"column":null}},"line":129},"2":{"name":"(anonymous_2)","decl":{"start":{"line":130,"column":55},"end":{"line":130,"column":60}},"loc":{"start":{"line":130,"column":60},"end":{"line":130,"column":91}},"line":130},"3":{"name":"(anonymous_3)","decl":{"start":{"line":130,"column":75},"end":{"line":130,"column":80}},"loc":{"start":{"line":130,"column":80},"end":{"line":130,"column":90}},"line":130}},"branchMap":{"0":{"loc":{"start":{"line":40,"column":2},"end":{"line":43,"column":null}},"type":"if","locations":[{"start":{"line":40,"column":2},"end":{"line":43,"column":null}},{"start":{},"end":{}}],"line":40},"1":{"loc":{"start":{"line":45,"column":2},"end":{"line":49,"column":null}},"type":"if","locations":[{"start":{"line":45,"column":2},"end":{"line":49,"column":null}},{"start":{},"end":{}}],"line":45},"2":{"loc":{"start":{"line":52,"column":2},"end":{"line":67,"column":null}},"type":"if","locations":[{"start":{"line":52,"column":2},"end":{"line":67,"column":null}},{"start":{},"end":{}}],"line":52},"3":{"loc":{"start":{"line":52,"column":6},"end":{"line":52,"column":180}},"type":"binary-expr","locations":[{"start":{"line":52,"column":6},"end":{"line":52,"column":27}},{"start":{"line":52,"column":27},"end":{"line":52,"column":58}},{"start":{"line":52,"column":58},"end":{"line":52,"column":120}},{"start":{"line":52,"column":120},"end":{"line":52,"column":180}}],"line":52},"4":{"loc":{"start":{"line":55,"column":27},"end":{"line":55,"column":null}},"type":"binary-expr","locations":[{"start":{"line":55,"column":27},"end":{"line":55,"column":75}},{"start":{"line":55,"column":75},"end":{"line":55,"column":null}}],"line":55},"5":{"loc":{"start":{"line":56,"column":26},"end":{"line":56,"column":null}},"type":"binary-expr","locations":[{"start":{"line":56,"column":26},"end":{"line":56,"column":73}},{"start":{"line":56,"column":73},"end":{"line":56,"column":null}}],"line":56},"6":{"loc":{"start":{"line":57,"column":21},"end":{"line":57,"column":null}},"type":"binary-expr","locations":[{"start":{"line":57,"column":21},"end":{"line":57,"column":52}},{"start":{"line":57,"column":52},"end":{"line":57,"column":null}}],"line":57},"7":{"loc":{"start":{"line":59,"column":28},"end":{"line":61,"column":null}},"type":"cond-expr","locations":[{"start":{"line":60,"column":10},"end":{"line":60,"column":null}},{"start":{"line":61,"column":10},"end":{"line":61,"column":null}}],"line":59},"8":{"loc":{"start":{"line":69,"column":2},"end":{"line":72,"column":null}},"type":"if","locations":[{"start":{"line":69,"column":2},"end":{"line":72,"column":null}},{"start":{},"end":{}}],"line":69},"9":{"loc":{"start":{"line":75,"column":2},"end":{"line":88,"column":null}},"type":"if","locations":[{"start":{"line":75,"column":2},"end":{"line":88,"column":null}},{"start":{},"end":{}}],"line":75},"10":{"loc":{"start":{"line":75,"column":6},"end":{"line":75,"column":155}},"type":"binary-expr","locations":[{"start":{"line":75,"column":6},"end":{"line":75,"column":37}},{"start":{"line":75,"column":37},"end":{"line":75,"column":93}},{"start":{"line":75,"column":93},"end":{"line":75,"column":155}}],"line":75},"11":{"loc":{"start":{"line":78,"column":21},"end":{"line":78,"column":null}},"type":"binary-expr","locations":[{"start":{"line":78,"column":21},"end":{"line":78,"column":63}},{"start":{"line":78,"column":63},"end":{"line":78,"column":null}}],"line":78},"12":{"loc":{"start":{"line":79,"column":28},"end":{"line":79,"column":null}},"type":"binary-expr","locations":[{"start":{"line":79,"column":28},"end":{"line":79,"column":77}},{"start":{"line":79,"column":77},"end":{"line":79,"column":null}}],"line":79},"13":{"loc":{"start":{"line":80,"column":24},"end":{"line":80,"column":null}},"type":"binary-expr","locations":[{"start":{"line":80,"column":24},"end":{"line":80,"column":65}},{"start":{"line":80,"column":65},"end":{"line":80,"column":null}}],"line":80},"14":{"loc":{"start":{"line":90,"column":2},"end":{"line":93,"column":null}},"type":"if","locations":[{"start":{"line":90,"column":2},"end":{"line":93,"column":null}},{"start":{},"end":{}}],"line":90},"15":{"loc":{"start":{"line":95,"column":2},"end":{"line":98,"column":null}},"type":"if","locations":[{"start":{"line":95,"column":2},"end":{"line":98,"column":null}},{"start":{},"end":{}}],"line":95},"16":{"loc":{"start":{"line":106,"column":2},"end":{"line":108,"column":null}},"type":"if","locations":[{"start":{"line":106,"column":2},"end":{"line":108,"column":null}},{"start":{},"end":{}}],"line":106},"17":{"loc":{"start":{"line":106,"column":6},"end":{"line":106,"column":133}},"type":"binary-expr","locations":[{"start":{"line":106,"column":6},"end":{"line":106,"column":19}},{"start":{"line":106,"column":19},"end":{"line":106,"column":39}},{"start":{"line":106,"column":39},"end":{"line":106,"column":86}},{"start":{"line":106,"column":86},"end":{"line":106,"column":133}}],"line":106},"18":{"loc":{"start":{"line":111,"column":2},"end":{"line":113,"column":null}},"type":"if","locations":[{"start":{"line":111,"column":2},"end":{"line":113,"column":null}},{"start":{},"end":{}}],"line":111},"19":{"loc":{"start":{"line":111,"column":6},"end":{"line":111,"column":123}},"type":"binary-expr","locations":[{"start":{"line":111,"column":6},"end":{"line":111,"column":19}},{"start":{"line":111,"column":19},"end":{"line":111,"column":40}},{"start":{"line":111,"column":40},"end":{"line":111,"column":67}},{"start":{"line":111,"column":67},"end":{"line":111,"column":123}}],"line":111},"20":{"loc":{"start":{"line":116,"column":24},"end":{"line":116,"column":null}},"type":"binary-expr","locations":[{"start":{"line":116,"column":24},"end":{"line":116,"column":39}},{"start":{"line":116,"column":39},"end":{"line":116,"column":60}},{"start":{"line":116,"column":60},"end":{"line":116,"column":null}}],"line":116},"21":{"loc":{"start":{"line":117,"column":25},"end":{"line":117,"column":null}},"type":"binary-expr","locations":[{"start":{"line":117,"column":25},"end":{"line":117,"column":41}},{"start":{"line":117,"column":41},"end":{"line":117,"column":63}},{"start":{"line":117,"column":63},"end":{"line":117,"column":null}}],"line":117},"22":{"loc":{"start":{"line":118,"column":2},"end":{"line":120,"column":null}},"type":"if","locations":[{"start":{"line":118,"column":2},"end":{"line":120,"column":null}},{"start":{},"end":{}}],"line":118},"23":{"loc":{"start":{"line":118,"column":2},"end":{"line":118,"column":170}},"type":"binary-expr","locations":[{"start":{"line":118,"column":7},"end":{"line":118,"column":24}},{"start":{"line":118,"column":24},"end":{"line":118,"column":44}},{"start":{"line":118,"column":44},"end":{"line":118,"column":57}},{"start":{"line":118,"column":57},"end":{"line":118,"column":93}},{"start":{"line":118,"column":93},"end":{"line":118,"column":106}},{"start":{"line":118,"column":106},"end":{"line":118,"column":127}},{"start":{"line":118,"column":127},"end":{"line":118,"column":170}}],"line":118},"24":{"loc":{"start":{"line":122,"column":2},"end":{"line":124,"column":null}},"type":"if","locations":[{"start":{"line":122,"column":2},"end":{"line":124,"column":null}},{"start":{},"end":{}}],"line":122},"25":{"loc":{"start":{"line":132,"column":2},"end":{"line":132,"column":null}},"type":"if","locations":[{"start":{"line":132,"column":2},"end":{"line":132,"column":null}},{"start":{},"end":{}}],"line":132},"26":{"loc":{"start":{"line":133,"column":2},"end":{"line":133,"column":null}},"type":"if","locations":[{"start":{"line":133,"column":2},"end":{"line":133,"column":null}},{"start":{},"end":{}}],"line":133},"27":{"loc":{"start":{"line":134,"column":2},"end":{"line":134,"column":null}},"type":"if","locations":[{"start":{"line":134,"column":2},"end":{"line":134,"column":null}},{"start":{},"end":{}}],"line":134}},"s":{"0":10,"1":10,"2":10,"3":10,"4":10,"5":10,"6":10,"7":10,"8":9,"9":9,"10":10,"11":10,"12":10,"13":10,"14":10,"15":1,"16":1,"17":1,"18":1,"19":1,"20":10,"21":9,"22":9,"23":10,"24":0,"25":0,"26":0,"27":0,"28":0,"29":10,"30":9,"31":9,"32":10,"33":9,"34":9,"35":10,"36":10,"37":10,"38":1,"39":10,"40":1,"41":10,"42":10,"43":10,"44":1,"45":10,"46":2,"47":10,"48":10,"49":47,"50":5,"51":10,"52":0,"53":10,"54":5,"55":5,"56":0,"57":5},"f":{"0":10,"1":10,"2":47,"3":5},"b":{"0":[9,1],"1":[10,0],"2":[1,9],"3":[10,9,9,8],"4":[1,0],"5":[1,0],"6":[1,0],"7":[0,1],"8":[9,1],"9":[0,10],"10":[10,10,10],"11":[0,0],"12":[0,0],"13":[0,0],"14":[9,1],"15":[9,1],"16":[1,9],"17":[10,9,9,8],"18":[1,9],"19":[10,10,10,10],"20":[10,9,9],"21":[10,9,9],"22":[1,9],"23":[10,9,1,1,0,0,0],"24":[2,8],"25":[0,10],"26":[5,5],"27":[0,5]},"meta":{"lastBranch":28,"lastFunction":4,"lastStatement":58,"seen":{"f:30:16:30:29":0,"s:31:36:31:Infinity":0,"s:32:40:32:Infinity":1,"s:34:23:34:Infinity":2,"s:35:23:35:Infinity":3,"s:36:25:36:Infinity":4,"s:37:26:37:Infinity":5,"s:38:23:38:Infinity":6,"b:40:2:43:Infinity:undefined:undefined:undefined:undefined":0,"s:40:2:43:Infinity":7,"s:41:4:41:Infinity":8,"s:42:4:42:Infinity":9,"b:45:2:49:Infinity:undefined:undefined:undefined:undefined":1,"s:45:2:49:Infinity":10,"s:46:10:46:Infinity":11,"s:47:4:47:Infinity":12,"s:48:4:48:Infinity":13,"b:52:2:67:Infinity:undefined:undefined:undefined:undefined":2,"s:52:2:67:Infinity":14,"b:52:6:52:27:52:27:52:58:52:58:52:120:52:120:52:180":3,"s:53:4:66:Infinity":15,"s:54:35:58:Infinity":16,"b:55:27:55:75:55:75:55:Infinity":4,"b:56:26:56:73:56:73:56:Infinity":5,"b:57:21:57:52:57:52:57:Infinity":6,"s:59:28:61:Infinity":17,"b:60:10:60:Infinity:61:10:61:Infinity":7,"s:62:24:62:Infinity":18,"s:63:6:63:Infinity":19,"b:69:2:72:Infinity:undefined:undefined:undefined:undefined":8,"s:69:2:72:Infinity":20,"s:70:4:70:Infinity":21,"s:71:4:71:Infinity":22,"b:75:2:88:Infinity:undefined:undefined:undefined:undefined":9,"s:75:2:88:Infinity":23,"b:75:6:75:37:75:37:75:93:75:93:75:155":10,"s:76:4:87:Infinity":24,"s:77:33:81:Infinity":25,"b:78:21:78:63:78:63:78:Infinity":11,"b:79:28:79:77:79:77:79:Infinity":12,"b:80:24:80:65:80:65:80:Infinity":13,"s:82:28:82:Infinity":26,"s:83:22:83:Infinity":27,"s:84:6:84:Infinity":28,"b:90:2:93:Infinity:undefined:undefined:undefined:undefined":14,"s:90:2:93:Infinity":29,"s:91:4:91:Infinity":30,"s:92:4:92:Infinity":31,"b:95:2:98:Infinity:undefined:undefined:undefined:undefined":15,"s:95:2:98:Infinity":32,"s:96:4:96:Infinity":33,"s:97:4:97:Infinity":34,"s:100:24:100:Infinity":35,"s:103:40:103:Infinity":36,"b:106:2:108:Infinity:undefined:undefined:undefined:undefined":16,"s:106:2:108:Infinity":37,"b:106:6:106:19:106:19:106:39:106:39:106:86:106:86:106:133":17,"s:107:4:107:Infinity":38,"b:111:2:113:Infinity:undefined:undefined:undefined:undefined":18,"s:111:2:113:Infinity":39,"b:111:6:111:19:111:19:111:40:111:40:111:67:111:67:111:123":19,"s:112:4:112:Infinity":40,"s:116:24:116:Infinity":41,"b:116:24:116:39:116:39:116:60:116:60:116:Infinity":20,"s:117:25:117:Infinity":42,"b:117:25:117:41:117:41:117:63:117:63:117:Infinity":21,"b:118:2:120:Infinity:undefined:undefined:undefined:undefined":22,"s:118:2:120:Infinity":43,"b:118:7:118:24:118:24:118:44:118:44:118:57:118:57:118:93:118:93:118:106:118:106:118:127:118:127:118:170":23,"s:119:4:119:Infinity":44,"b:122:2:124:Infinity:undefined:undefined:undefined:undefined":24,"s:122:2:124:Infinity":45,"s:123:4:123:Infinity":46,"s:126:2:126:Infinity":47,"f:129:9:129:29":1,"s:130:39:130:Infinity":48,"f:130:55:130:60":2,"s:130:60:130:91":49,"f:130:75:130:80":3,"s:130:80:130:90":50,"b:132:2:132:Infinity:undefined:undefined:undefined:undefined":25,"s:132:2:132:Infinity":51,"s:132:37:132:Infinity":52,"b:133:2:133:Infinity:undefined:undefined:undefined:undefined":26,"s:133:2:133:Infinity":53,"s:133:34:133:Infinity":54,"b:134:2:134:Infinity:undefined:undefined:undefined:undefined":27,"s:134:2:134:Infinity":55,"s:134:36:134:Infinity":56,"s:135:2:135:Infinity":57}}}
,"D:\\DiagX-Omen\\src\\wshp\\wshp.profile.ts": {"path":"D:\\DiagX-Omen\\src\\wshp\\wshp.profile.ts","statementMap":{"0":{"start":{"line":77,"column":2},"end":{"line":77,"column":null}},"1":{"start":{"line":81,"column":2},"end":{"line":81,"column":null}}},"fnMap":{"0":{"name":"hasReversingValve","decl":{"start":{"line":76,"column":16},"end":{"line":76,"column":34}},"loc":{"start":{"line":76,"column":76},"end":{"line":78,"column":null}},"line":76},"1":{"name":"hasVFD","decl":{"start":{"line":80,"column":16},"end":{"line":80,"column":23}},"loc":{"start":{"line":80,"column":65},"end":{"line":82,"column":null}},"line":80}},"branchMap":{"0":{"loc":{"start":{"line":77,"column":9},"end":{"line":77,"column":null}},"type":"binary-expr","locations":[{"start":{"line":77,"column":9},"end":{"line":77,"column":37}},{"start":{"line":77,"column":37},"end":{"line":77,"column":null}}],"line":77},"1":{"loc":{"start":{"line":81,"column":9},"end":{"line":81,"column":null}},"type":"binary-expr","locations":[{"start":{"line":81,"column":9},"end":{"line":81,"column":33}},{"start":{"line":81,"column":33},"end":{"line":81,"column":null}}],"line":81}},"s":{"0":1,"1":0},"f":{"0":1,"1":0},"b":{"0":[1,0],"1":[0,0]},"meta":{"lastBranch":2,"lastFunction":2,"lastStatement":2,"seen":{"f:76:16:76:34":0,"s:77:2:77:Infinity":0,"b:77:9:77:37:77:37:77:Infinity":0,"f:80:16:80:23":1,"s:81:2:81:Infinity":1,"b:81:9:81:33:81:33:81:Infinity":1}}}
}
