TN:
SF:src\cli\localOverrides.ts
FN:15,getLocalStoragePath
FN:22,ensureStorage
FN:27,storageFile
FN:31,readAllEntries
FN:43,saveEntry
FN:50,loadEntry
FN:55,removeEntry
FN:63,listEntries
FNF:8
FNH:8
FNDA:18,getLocalStoragePath
FNDA:4,ensureStorage
FNDA:14,storageFile
FNDA:9,readAllEntries
FNDA:4,saveEntry
FNDA:2,loadEntry
FNDA:2,removeEntry
FNDA:1,listEntries
DA:16,18
DA:17,18
DA:18,0
DA:19,18
DA:23,4
DA:24,4
DA:28,14
DA:32,9
DA:33,9
DA:34,9
DA:35,6
DA:36,6
DA:39,0
DA:44,4
DA:45,4
DA:46,4
DA:47,4
DA:51,2
DA:52,2
DA:56,2
DA:57,2
DA:58,1
DA:59,1
DA:60,1
DA:64,1
DA:65,1
LF:26
LH:24
BRDA:17,0,0,18
BRDA:17,0,1,0
BRDA:17,1,0,18
BRDA:17,1,1,18
BRDA:18,2,0,0
BRDA:18,2,1,0
BRDA:18,3,0,0
BRDA:18,3,1,0
BRDA:24,4,0,0
BRDA:24,4,1,4
BRDA:34,5,0,3
BRDA:34,5,1,6
BRDA:36,6,0,6
BRDA:36,6,1,0
BRDA:52,7,0,2
BRDA:52,7,1,1
BRDA:57,8,0,1
BRDA:57,8,1,1
BRF:18
BRH:11
end_of_record
TN:
SF:src\modules\airside\airside.engine.ts
FN:5,getExpectedDeltaT
FN:18,getExpectedCFMPerTon
FN:34,requiresManufacturerDataDisclaimer
FN:39,getManufacturerDataDisclaimer
FN:43,validateAirsideMeasurements
FN:57,analyzeDeltaT
FN:70,analyzeAirflow
FN:82,analyzeStaticPressure
FN:89,generateRecommendations
FN:220,(anonymous_9)
FN:228,getWorstStatus
FN:235,runAirsideEngine
FNF:12
FNH:12
FNDA:23,getExpectedDeltaT
FNDA:23,getExpectedCFMPerTon
FNDA:23,requiresManufacturerDataDisclaimer
FNDA:23,getManufacturerDataDisclaimer
FNDA:1,validateAirsideMeasurements
FNDA:23,analyzeDeltaT
FNDA:23,analyzeAirflow
FNDA:15,analyzeStaticPressure
FNDA:25,generateRecommendations
FNDA:24,(anonymous_9)
FNDA:23,getWorstStatus
FNDA:23,runAirsideEngine
DA:7,23
DA:8,23
DA:9,0
DA:13,23
DA:14,23
DA:15,8
DA:20,23
DA:21,23
DA:22,0
DA:25,23
DA:26,23
DA:27,23
DA:28,23
DA:31,0
DA:36,23
DA:40,23
DA:44,1
DA:45,1
DA:47,1
DA:48,1
DA:49,1
DA:50,1
DA:51,1
DA:52,1
DA:54,1
DA:58,23
DA:59,23
DA:60,15
DA:61,9
DA:62,8
DA:63,4
DA:66,8
DA:67,8
DA:71,23
DA:72,15
DA:73,23
DA:74,23
DA:75,6
DA:76,6
DA:77,6
DA:78,4
DA:79,4
DA:83,15
DA:84,9
DA:85,9
DA:86,9
DA:90,25
DA:91,25
DA:92,7
DA:107,25
DA:108,2
DA:109,2
DA:126,25
DA:127,11
DA:139,25
DA:140,0
DA:156,25
DA:157,6
DA:169,25
DA:174,8
DA:187,25
DA:192,2
DA:204,25
DA:205,13
DA:220,25
DA:221,24
DA:222,24
DA:223,24
DA:224,24
DA:229,23
DA:230,14
DA:231,12
DA:232,12
DA:236,23
DA:237,23
DA:239,23
DA:240,23
DA:243,23
DA:244,23
DA:245,23
DA:251,23
DA:252,15
DA:254,15
DA:257,23
DA:258,15
DA:261,23
DA:262,23
DA:265,23
DA:267,23
DA:268,23
DA:270,23
DA:272,23
DA:274,23
DA:286,23
DA:297,23
DA:324,23
LF:96
LH:92
BRDA:8,0,0,0
BRDA:8,0,1,23
BRDA:8,1,0,23
BRDA:8,1,1,0
BRDA:8,1,2,0
BRDA:8,1,3,0
BRDA:13,2,0,0
BRDA:13,2,1,23
BRDA:14,3,0,15
BRDA:14,3,1,8
BRDA:21,4,0,0
BRDA:21,4,1,23
BRDA:21,5,0,23
BRDA:21,5,1,0
BRDA:21,5,2,0
BRDA:21,5,3,0
BRDA:25,6,0,23
BRDA:25,6,1,8
BRDA:25,7,0,15
BRDA:25,7,1,8
BRDA:26,8,0,23
BRDA:26,8,1,0
BRDA:26,9,0,23
BRDA:26,9,1,23
BRDA:47,10,0,0
BRDA:47,10,1,1
BRDA:48,11,0,1
BRDA:48,11,1,0
BRDA:49,12,0,1
BRDA:49,12,1,0
BRDA:50,13,0,1
BRDA:50,13,1,0
BRDA:51,14,0,1
BRDA:51,14,1,1
BRDA:51,15,0,1
BRDA:51,15,1,1
BRDA:52,16,0,1
BRDA:52,16,1,0
BRDA:54,17,0,1
BRDA:54,17,1,0
BRDA:58,18,0,0
BRDA:58,18,1,23
BRDA:59,19,0,15
BRDA:59,19,1,8
BRDA:60,20,0,6
BRDA:60,20,1,9
BRDA:61,21,0,1
BRDA:61,21,1,8
BRDA:62,22,0,4
BRDA:62,22,1,4
BRDA:66,23,0,0
BRDA:66,23,1,8
BRDA:66,24,0,8
BRDA:66,24,1,8
BRDA:71,25,0,8
BRDA:71,25,1,15
BRDA:72,26,0,15
BRDA:72,26,1,0
BRDA:73,27,0,15
BRDA:73,27,1,0
BRDA:74,28,0,9
BRDA:74,28,1,14
BRDA:76,29,0,0
BRDA:76,29,1,6
BRDA:77,30,0,2
BRDA:77,30,1,4
BRDA:78,31,0,0
BRDA:78,31,1,4
BRDA:83,32,0,6
BRDA:83,32,1,9
BRDA:84,33,0,0
BRDA:84,33,1,9
BRDA:85,34,0,0
BRDA:85,34,1,9
BRDA:91,35,0,7
BRDA:91,35,1,18
BRDA:91,36,0,25
BRDA:91,36,1,7
BRDA:107,37,0,2
BRDA:107,37,1,23
BRDA:108,38,0,2
BRDA:108,38,1,0
BRDA:108,39,0,0
BRDA:108,39,1,0
BRDA:126,40,0,11
BRDA:126,40,1,14
BRDA:126,41,0,25
BRDA:126,41,1,17
BRDA:126,41,2,15
BRDA:139,42,0,0
BRDA:139,42,1,25
BRDA:139,43,0,25
BRDA:139,43,1,15
BRDA:147,44,0,0
BRDA:147,44,1,0
BRDA:151,45,0,0
BRDA:151,45,1,0
BRDA:156,46,0,6
BRDA:156,46,1,19
BRDA:156,47,0,25
BRDA:156,47,1,17
BRDA:156,47,2,15
BRDA:156,47,3,15
BRDA:169,48,0,8
BRDA:169,48,1,17
BRDA:170,49,0,25
BRDA:170,49,1,17
BRDA:170,49,2,13
BRDA:170,49,3,11
BRDA:187,50,0,2
BRDA:187,50,1,23
BRDA:188,51,0,25
BRDA:188,51,1,17
BRDA:188,51,2,13
BRDA:188,51,3,11
BRDA:204,52,0,13
BRDA:204,52,1,12
BRDA:222,53,0,24
BRDA:222,53,1,0
BRDA:223,54,0,24
BRDA:223,54,1,0
BRDA:229,55,0,9
BRDA:229,55,1,14
BRDA:230,56,0,2
BRDA:230,56,1,12
BRDA:231,57,0,0
BRDA:231,57,1,12
BRDA:244,58,0,23
BRDA:244,58,1,0
BRDA:244,59,0,23
BRDA:244,59,1,23
BRDA:251,60,0,15
BRDA:251,60,1,8
BRDA:251,61,0,23
BRDA:251,61,1,23
BRDA:251,61,2,23
BRDA:251,61,3,23
BRDA:257,62,0,15
BRDA:257,62,1,8
BRDA:257,63,0,23
BRDA:257,63,1,15
BRDA:265,64,0,15
BRDA:265,64,1,8
BRDA:268,65,0,15
BRDA:268,65,1,8
BRDA:277,66,0,15
BRDA:277,66,1,8
BRDA:279,67,0,15
BRDA:279,67,1,8
BRF:149
BRH:113
end_of_record
TN:
SF:src\modules\airside\airside.module.ts
FN:36,(anonymous_0)
FN:40,(anonymous_1)
FN:45,(anonymous_2)
FN:49,(anonymous_3)
FN:60,(anonymous_4)
FN:64,(anonymous_5)
FN:74,(anonymous_6)
FN:78,(anonymous_7)
FN:84,(anonymous_8)
FN:89,(anonymous_9)
FN:91,(anonymous_10)
FN:91,(anonymous_11)
FN:92,(anonymous_12)
FN:92,(anonymous_13)
FN:93,(anonymous_14)
FN:93,(anonymous_15)
FN:95,(anonymous_16)
FN:101,(anonymous_17)
FNF:18
FNH:11
FNDA:1,(anonymous_0)
FNDA:1,(anonymous_1)
FNDA:1,(anonymous_2)
FNDA:0,(anonymous_3)
FNDA:0,(anonymous_4)
FNDA:0,(anonymous_5)
FNDA:0,(anonymous_6)
FNDA:0,(anonymous_7)
FNDA:1,(anonymous_8)
FNDA:1,(anonymous_9)
FNDA:1,(anonymous_10)
FNDA:0,(anonymous_11)
FNDA:1,(anonymous_12)
FNDA:0,(anonymous_13)
FNDA:1,(anonymous_14)
FNDA:1,(anonymous_15)
FNDA:1,(anonymous_16)
FNDA:1,(anonymous_17)
DA:7,1
DA:16,1
DA:37,1
DA:38,1
DA:42,1
DA:47,1
DA:48,1
DA:49,0
DA:50,0
DA:51,0
DA:52,0
DA:53,0
DA:57,1
DA:61,0
DA:65,0
DA:66,0
DA:67,0
DA:68,0
DA:69,0
DA:70,0
DA:71,0
DA:72,0
DA:73,0
DA:74,0
DA:76,0
DA:77,0
DA:78,0
DA:79,0
DA:80,0
DA:81,0
DA:86,1
DA:91,1
DA:92,1
DA:93,1
DA:95,1
DA:96,1
DA:98,1
DA:101,1
DA:112,1
LF:39
LH:17
BRDA:48,0,0,0
BRDA:48,0,1,1
BRDA:50,1,0,0
BRDA:50,1,1,0
BRDA:70,2,0,0
BRDA:70,2,1,0
BRDA:71,3,0,0
BRDA:71,3,1,0
BRDA:71,4,0,0
BRDA:71,4,1,0
BRDA:76,5,0,0
BRDA:76,5,1,0
BRDA:76,6,0,0
BRDA:76,6,1,0
BRDA:78,7,0,0
BRDA:78,7,1,0
BRDA:78,8,0,0
BRDA:78,8,1,0
BRDA:79,9,0,0
BRDA:79,9,1,0
BRDA:79,10,0,0
BRDA:79,10,1,0
BRDA:79,10,2,0
BRDA:79,11,0,0
BRDA:79,11,1,0
BRDA:91,12,0,1
BRDA:91,12,1,1
BRDA:91,13,0,0
BRDA:91,13,1,0
BRDA:91,13,2,0
BRDA:91,13,3,0
BRDA:92,14,0,0
BRDA:92,14,1,0
BRDA:92,14,2,0
BRDA:92,14,3,0
BRDA:93,15,0,1
BRDA:93,15,1,0
BRDA:93,16,0,1
BRDA:93,16,1,0
BRDA:93,16,2,0
BRDA:93,16,3,0
BRDA:95,17,0,1
BRDA:95,17,1,0
BRDA:95,18,0,1
BRDA:95,18,1,1
BRDA:96,19,0,0
BRDA:96,19,1,1
BRDA:96,20,0,0
BRDA:96,20,1,0
BRDA:96,20,2,0
BRDA:96,21,0,1
BRDA:96,21,1,0
BRDA:100,22,0,1
BRDA:100,22,1,0
BRDA:101,23,0,1
BRDA:101,23,1,0
BRDA:101,24,0,1
BRDA:101,24,1,0
BRDA:101,24,2,0
BRDA:107,25,0,0
BRDA:107,25,1,1
BRDA:107,26,0,0
BRDA:107,26,1,1
BRF:63
BRH:15
end_of_record
TN:
SF:src\modules\airside\airside.validation.ts
FN:4,validateAirsideMeasurements
FN:36,(anonymous_1)
FNF:2
FNH:2
FNDA:3,validateAirsideMeasurements
FNDA:1,(anonymous_1)
DA:5,3
DA:8,3
DA:9,1
DA:11,3
DA:12,0
DA:16,3
DA:17,0
DA:19,3
DA:20,0
DA:24,3
DA:25,0
DA:29,3
DA:30,2
DA:31,2
DA:32,0
DA:36,3
LF:16
LH:11
BRDA:8,0,0,1
BRDA:8,0,1,2
BRDA:11,1,0,0
BRDA:11,1,1,3
BRDA:16,2,0,0
BRDA:16,2,1,3
BRDA:16,3,0,3
BRDA:16,3,1,2
BRDA:16,3,2,2
BRDA:19,4,0,0
BRDA:19,4,1,3
BRDA:19,5,0,3
BRDA:19,5,1,3
BRDA:19,5,2,3
BRDA:24,6,0,0
BRDA:24,6,1,3
BRDA:24,7,0,3
BRDA:24,7,1,0
BRDA:24,7,2,0
BRDA:29,8,0,2
BRDA:29,8,1,1
BRDA:29,9,0,3
BRDA:29,9,1,2
BRDA:31,10,0,0
BRDA:31,10,1,2
BRF:25
BRH:18
end_of_record
TN:
SF:src\modules\compressor\recip.engine.ts
FN:18,analyzeCompressionRatio
FN:43,analyzeCurrent
FN:66,analyzeUnloading
FN:77,deriveRecipHealthFlags
FN:88,worstStatus
FN:96,validateReciprocatingCompressorMeasurements
FN:114,generateRecipRecommendations
FN:290,runReciprocatingCompressorEngine
FNF:8
FNH:8
FNDA:32,analyzeCompressionRatio
FNDA:32,analyzeCurrent
FNDA:32,analyzeUnloading
FNDA:32,deriveRecipHealthFlags
FNDA:32,worstStatus
FNDA:1,validateReciprocatingCompressorMeasurements
FNDA:46,generateRecipRecommendations
FNDA:32,runReciprocatingCompressorEngine
DA:19,32
DA:20,0
DA:23,32
DA:24,5
DA:27,27
DA:28,4
DA:31,23
DA:32,2
DA:35,21
DA:36,2
DA:39,19
DA:44,32
DA:45,1
DA:48,31
DA:50,31
DA:51,6
DA:54,25
DA:55,1
DA:58,24
DA:59,1
DA:62,23
DA:67,32
DA:68,32
DA:70,17
DA:73,32
DA:81,32
DA:82,32
DA:83,32
DA:84,32
DA:89,32
DA:90,20
DA:91,12
DA:92,10
DA:97,1
DA:98,1
DA:100,1
DA:101,1
DA:102,1
DA:103,1
DA:104,1
DA:105,0
DA:106,0
DA:108,1
DA:110,1
DA:125,46
DA:126,46
DA:131,46
DA:132,10
DA:149,46
DA:151,10
DA:152,8
DA:153,8
DA:155,2
DA:157,10
DA:174,46
DA:175,2
DA:190,46
DA:191,2
DA:206,46
DA:207,2
DA:222,46
DA:223,2
DA:238,46
DA:239,2
DA:254,46
DA:255,2
DA:270,46
DA:271,12
DA:287,46
DA:291,32
DA:293,32
DA:294,32
DA:296,32
DA:297,32
DA:299,32
DA:300,32
DA:301,32
DA:303,32
DA:306,32
DA:307,32
DA:308,32
DA:309,32
DA:311,32
DA:312,6
DA:315,32
DA:316,32
DA:318,32
DA:322,32
DA:324,32
DA:325,6
DA:341,32
DA:348,32
DA:356,32
DA:373,32
LF:94
LH:91
BRDA:19,0,0,0
BRDA:19,0,1,32
BRDA:19,1,0,32
BRDA:19,1,1,32
BRDA:23,2,0,5
BRDA:23,2,1,27
BRDA:27,3,0,4
BRDA:27,3,1,23
BRDA:31,4,0,2
BRDA:31,4,1,21
BRDA:35,5,0,2
BRDA:35,5,1,19
BRDA:44,6,0,1
BRDA:44,6,1,31
BRDA:44,7,0,32
BRDA:44,7,1,32
BRDA:44,7,2,31
BRDA:50,8,0,6
BRDA:50,8,1,25
BRDA:54,9,0,1
BRDA:54,9,1,24
BRDA:58,10,0,1
BRDA:58,10,1,23
BRDA:67,11,0,0
BRDA:67,11,1,32
BRDA:67,12,0,32
BRDA:67,12,1,32
BRDA:68,13,0,15
BRDA:68,13,1,17
BRDA:70,14,0,1
BRDA:70,14,1,16
BRDA:70,15,0,17
BRDA:70,15,1,16
BRDA:70,16,0,15
BRDA:70,16,1,1
BRDA:82,17,0,1
BRDA:82,17,1,31
BRDA:82,18,0,32
BRDA:82,18,1,26
BRDA:82,18,2,13
BRDA:83,19,0,1
BRDA:83,19,1,31
BRDA:83,20,0,32
BRDA:83,20,1,26
BRDA:83,20,2,13
BRDA:89,21,0,12
BRDA:89,21,1,20
BRDA:90,22,0,8
BRDA:90,22,1,12
BRDA:91,23,0,2
BRDA:91,23,1,10
BRDA:100,24,0,1
BRDA:100,24,1,0
BRDA:100,25,0,1
BRDA:100,25,1,0
BRDA:101,26,0,1
BRDA:101,26,1,0
BRDA:101,27,0,1
BRDA:101,27,1,0
BRDA:102,28,0,0
BRDA:102,28,1,1
BRDA:102,29,0,1
BRDA:102,29,1,0
BRDA:102,29,2,0
BRDA:103,30,0,0
BRDA:103,30,1,1
BRDA:103,31,0,1
BRDA:103,31,1,1
BRDA:104,32,0,0
BRDA:104,32,1,1
BRDA:105,33,0,0
BRDA:105,33,1,0
BRDA:106,34,0,0
BRDA:106,34,1,0
BRDA:108,35,0,0
BRDA:108,35,1,1
BRDA:110,36,0,1
BRDA:110,36,1,0
BRDA:131,37,0,10
BRDA:131,37,1,36
BRDA:139,38,0,10
BRDA:139,38,1,0
BRDA:143,39,0,10
BRDA:143,39,1,0
BRDA:149,40,0,10
BRDA:149,40,1,36
BRDA:151,41,0,8
BRDA:151,41,1,2
BRDA:152,42,0,7
BRDA:152,42,1,1
BRDA:153,43,0,7
BRDA:153,43,1,1
BRDA:174,44,0,2
BRDA:174,44,1,44
BRDA:190,45,0,2
BRDA:190,45,1,44
BRDA:206,46,0,2
BRDA:206,46,1,44
BRDA:222,47,0,2
BRDA:222,47,1,44
BRDA:238,48,0,2
BRDA:238,48,1,44
BRDA:254,49,0,2
BRDA:254,49,1,44
BRDA:270,50,0,12
BRDA:270,50,1,34
BRDA:270,51,0,46
BRDA:270,51,1,16
BRDA:303,52,0,1
BRDA:303,52,1,31
BRDA:303,53,0,32
BRDA:303,53,1,1
BRDA:306,54,0,32
BRDA:306,54,1,2
BRDA:308,55,0,32
BRDA:308,55,1,0
BRDA:309,56,0,26
BRDA:309,56,1,6
BRDA:309,57,0,32
BRDA:309,57,1,32
BRDA:311,58,0,6
BRDA:311,58,1,26
BRDA:316,59,0,17
BRDA:316,59,1,15
BRDA:324,60,0,6
BRDA:324,60,1,26
BRDA:345,61,0,17
BRDA:345,61,1,15
BRDA:370,62,0,32
BRDA:370,62,1,0
BRF:130
BRH:109
end_of_record
TN:
SF:src\modules\compressor\recip.module.ts
FN:25,(anonymous_0)
FN:29,(anonymous_1)
FN:33,(anonymous_2)
FN:37,(anonymous_3)
FN:42,(anonymous_4)
FN:60,(anonymous_5)
FN:70,(anonymous_6)
FNF:7
FNH:5
FNDA:1,(anonymous_0)
FNDA:1,(anonymous_1)
FNDA:1,(anonymous_2)
FNDA:1,(anonymous_3)
FNDA:1,(anonymous_4)
FNDA:0,(anonymous_5)
FNDA:0,(anonymous_6)
DA:6,1
DA:15,1
DA:26,1
DA:27,1
DA:30,1
DA:34,1
DA:38,1
DA:39,1
DA:40,1
DA:41,1
DA:42,1
DA:44,1
DA:45,1
DA:46,1
DA:47,0
DA:48,0
DA:49,0
DA:50,0
DA:52,0
DA:53,0
DA:56,1
DA:57,1
DA:62,0
DA:63,0
DA:65,0
DA:66,0
DA:67,0
DA:70,0
DA:71,0
DA:72,0
DA:73,0
DA:74,0
DA:77,0
DA:86,1
LF:34
LH:17
BRDA:42,0,0,1
BRDA:42,0,1,0
BRDA:42,1,0,1
BRDA:42,1,1,1
BRDA:45,2,0,1
BRDA:45,2,1,0
BRDA:47,3,0,0
BRDA:47,3,1,0
BRDA:49,4,0,0
BRDA:49,4,1,0
BRDA:52,5,0,0
BRDA:52,5,1,0
BRDA:52,6,0,0
BRDA:52,6,1,0
BRDA:65,7,0,0
BRDA:65,7,1,0
BRDA:66,8,0,0
BRDA:66,8,1,0
BRDA:67,9,0,0
BRDA:67,9,1,0
BRDA:67,10,0,0
BRDA:67,10,1,0
BRDA:70,11,0,0
BRDA:70,11,1,0
BRDA:71,12,0,0
BRDA:71,12,1,0
BRDA:71,12,2,0
BRDA:72,13,0,0
BRDA:72,13,1,0
BRDA:72,14,0,0
BRDA:72,14,1,0
BRDA:73,15,0,0
BRDA:73,15,1,0
BRF:33
BRH:4
end_of_record
TN:
SF:src\modules\compressor\scroll.engine.ts
FN:4,analyzeCompressionRatio
FN:12,analyzeCurrent
FN:21,generateScrollRecommendations
FN:78,runScrollCompressorEngine
FNF:4
FNH:4
FNDA:22,analyzeCompressionRatio
FNDA:22,analyzeCurrent
FNDA:24,generateScrollRecommendations
FNDA:22,runScrollCompressorEngine
DA:5,22
DA:6,22
DA:7,18
DA:8,14
DA:9,14
DA:13,22
DA:14,14
DA:15,14
DA:16,10
DA:17,8
DA:18,7
DA:26,24
DA:27,24
DA:28,9
DA:43,24
DA:44,7
DA:59,24
DA:60,9
DA:75,24
DA:79,22
DA:81,22
DA:82,22
DA:85,22
DA:87,22
DA:89,22
DA:90,22
DA:92,20
DA:96,22
DA:97,22
DA:100,22
DA:101,22
DA:105,22
DA:109,22
DA:110,22
DA:111,0
DA:114,22
DA:122,22
DA:128,22
LF:38
LH:37
BRDA:5,0,0,0
BRDA:5,0,1,22
BRDA:6,1,0,4
BRDA:6,1,1,18
BRDA:7,2,0,4
BRDA:7,2,1,14
BRDA:8,3,0,0
BRDA:8,3,1,14
BRDA:13,4,0,8
BRDA:13,4,1,14
BRDA:13,5,0,22
BRDA:13,5,1,14
BRDA:15,6,0,4
BRDA:15,6,1,10
BRDA:16,7,0,2
BRDA:16,7,1,8
BRDA:17,8,0,1
BRDA:17,8,1,7
BRDA:27,9,0,9
BRDA:27,9,1,15
BRDA:36,10,0,1
BRDA:36,10,1,8
BRDA:43,11,0,7
BRDA:43,11,1,17
BRDA:51,12,0,7
BRDA:51,12,1,0
BRDA:52,13,0,4
BRDA:52,13,1,3
BRDA:55,14,0,7
BRDA:55,14,1,0
BRDA:59,15,0,9
BRDA:59,15,1,15
BRDA:90,16,0,20
BRDA:90,16,1,2
BRDA:96,17,0,22
BRDA:96,17,1,0
BRDA:96,18,0,22
BRDA:96,18,1,22
BRDA:101,19,0,4
BRDA:101,19,1,18
BRDA:101,20,0,9
BRDA:101,20,1,9
BRDA:101,21,0,1
BRDA:101,21,1,8
BRDA:109,22,0,22
BRDA:109,22,1,1
BRDA:110,23,0,0
BRDA:110,23,1,22
BRDA:110,24,0,22
BRDA:110,24,1,12
BRDA:110,24,2,0
BRDA:110,25,0,0
BRDA:110,25,1,0
BRF:53
BRH:44
end_of_record
TN:
SF:src\modules\compressor\scroll.module.ts
FN:29,(anonymous_0)
FN:33,(anonymous_1)
FN:40,(anonymous_2)
FN:44,(anonymous_3)
FN:48,(anonymous_4)
FN:57,(anonymous_5)
FN:60,(anonymous_6)
FN:66,(anonymous_7)
FN:71,(anonymous_8)
FN:72,(anonymous_9)
FN:72,(anonymous_10)
FN:73,(anonymous_11)
FN:73,(anonymous_12)
FN:74,(anonymous_13)
FN:74,(anonymous_14)
FN:76,(anonymous_15)
FN:81,(anonymous_16)
FNF:17
FNH:10
FNDA:1,(anonymous_0)
FNDA:1,(anonymous_1)
FNDA:1,(anonymous_2)
FNDA:0,(anonymous_3)
FNDA:0,(anonymous_4)
FNDA:0,(anonymous_5)
FNDA:0,(anonymous_6)
FNDA:0,(anonymous_7)
FNDA:1,(anonymous_8)
FNDA:1,(anonymous_9)
FNDA:0,(anonymous_10)
FNDA:1,(anonymous_11)
FNDA:0,(anonymous_12)
FNDA:1,(anonymous_13)
FNDA:1,(anonymous_14)
FNDA:1,(anonymous_15)
FNDA:1,(anonymous_16)
DA:6,1
DA:15,1
DA:30,1
DA:31,1
DA:34,1
DA:35,1
DA:36,1
DA:37,1
DA:41,1
DA:45,0
DA:49,0
DA:50,0
DA:51,0
DA:52,0
DA:53,0
DA:54,0
DA:55,0
DA:56,0
DA:57,0
DA:59,0
DA:60,0
DA:61,0
DA:62,0
DA:63,0
DA:68,0
DA:72,1
DA:73,1
DA:74,1
DA:76,1
DA:77,1
DA:78,1
DA:81,1
DA:88,1
LF:33
LH:17
BRDA:35,0,0,1
BRDA:35,0,1,0
BRDA:36,1,0,1
BRDA:36,1,1,0
BRDA:37,2,0,1
BRDA:37,2,1,0
BRDA:53,3,0,0
BRDA:53,3,1,0
BRDA:54,4,0,0
BRDA:54,4,1,0
BRDA:54,5,0,0
BRDA:54,5,1,0
BRDA:60,6,0,0
BRDA:60,6,1,0
BRDA:60,7,0,0
BRDA:60,7,1,0
BRDA:61,8,0,0
BRDA:61,8,1,0
BRDA:61,9,0,0
BRDA:61,9,1,0
BRDA:61,9,2,0
BRDA:61,10,0,0
BRDA:61,10,1,0
BRDA:72,11,0,1
BRDA:72,11,1,1
BRDA:72,12,0,0
BRDA:72,12,1,0
BRDA:72,12,2,0
BRDA:72,12,3,0
BRDA:73,13,0,0
BRDA:73,13,1,0
BRDA:73,13,2,0
BRDA:73,13,3,0
BRDA:74,14,0,1
BRDA:74,14,1,0
BRDA:74,15,0,1
BRDA:74,15,1,0
BRDA:74,15,2,0
BRDA:74,15,3,0
BRDA:76,16,0,1
BRDA:76,16,1,0
BRDA:76,17,0,1
BRDA:76,17,1,1
BRDA:77,18,0,0
BRDA:77,18,1,1
BRDA:77,19,0,0
BRDA:77,19,1,0
BRDA:77,19,2,0
BRDA:77,20,0,1
BRDA:77,20,1,0
BRDA:81,21,0,1
BRDA:81,21,1,0
BRDA:81,22,0,1
BRDA:81,22,1,0
BRDA:81,22,2,0
BRDA:83,23,0,0
BRDA:83,23,1,1
BRDA:83,24,0,0
BRDA:83,24,1,1
BRF:59
BRH:16
end_of_record
TN:
SF:src\modules\condenserApproach\condenserApproach.engine.ts
FN:6,interpolatePTForPressure
FN:32,runCondenserApproachEngine
FNF:2
FNH:2
FNDA:6,interpolatePTForPressure
FNDA:9,runCondenserApproachEngine
DA:9,6
DA:10,6
DA:11,159
DA:12,159
DA:14,159
DA:15,5
DA:16,5
DA:20,1
DA:21,1
DA:22,1
DA:23,35
DA:24,35
DA:25,34
DA:26,34
DA:29,1
DA:33,9
DA:35,9
DA:41,9
DA:48,9
DA:49,9
DA:50,1
DA:52,8
DA:56,9
DA:57,9
DA:58,9
DA:61,9
DA:62,7
DA:63,7
DA:64,6
DA:65,6
DA:66,6
DA:67,6
DA:71,1
DA:76,9
DA:78,7
DA:79,0
DA:83,9
DA:85,9
DA:86,2
DA:87,7
DA:88,3
DA:89,4
DA:90,0
DA:92,4
DA:96,9
DA:97,3
DA:98,6
DA:99,2
DA:100,4
DA:101,0
DA:102,4
DA:103,0
DA:105,4
DA:109,9
DA:110,9
DA:111,9
DA:112,6
DA:113,0
DA:115,9
DA:122,9
DA:123,9
DA:128,9
LF:62
LH:57
BRDA:9,0,0,0
BRDA:9,0,1,6
BRDA:9,1,0,6
BRDA:9,1,1,6
BRDA:14,2,0,5
BRDA:14,2,1,154
BRDA:14,3,0,159
BRDA:14,3,1,159
BRDA:14,3,2,154
BRDA:14,3,3,0
BRDA:24,4,0,34
BRDA:24,4,1,1
BRDA:33,5,0,9
BRDA:33,5,1,0
BRDA:48,6,0,9
BRDA:48,6,1,0
BRDA:49,7,0,1
BRDA:49,7,1,8
BRDA:56,8,0,9
BRDA:56,8,1,0
BRDA:57,9,0,9
BRDA:57,9,1,0
BRDA:58,10,0,9
BRDA:58,10,1,2
BRDA:61,11,0,7
BRDA:61,11,1,2
BRDA:61,12,0,9
BRDA:61,12,1,7
BRDA:63,13,0,6
BRDA:63,13,1,1
BRDA:63,14,0,7
BRDA:63,14,1,6
BRDA:66,15,0,6
BRDA:66,15,1,0
BRDA:66,16,0,6
BRDA:66,16,1,6
BRDA:76,17,0,7
BRDA:76,17,1,2
BRDA:76,18,0,9
BRDA:76,18,1,7
BRDA:78,19,0,7
BRDA:78,19,1,0
BRDA:78,20,0,0
BRDA:78,20,1,0
BRDA:83,21,0,9
BRDA:83,21,1,7
BRDA:85,22,0,2
BRDA:85,22,1,7
BRDA:87,23,0,3
BRDA:87,23,1,4
BRDA:88,24,0,2
BRDA:88,24,1,1
BRDA:89,25,0,0
BRDA:89,25,1,4
BRDA:89,26,0,4
BRDA:89,26,1,4
BRDA:96,27,0,3
BRDA:96,27,1,6
BRDA:98,28,0,2
BRDA:98,28,1,4
BRDA:100,29,0,0
BRDA:100,29,1,4
BRDA:102,30,0,0
BRDA:102,30,1,4
BRDA:111,31,0,2
BRDA:111,31,1,7
BRDA:111,32,0,1
BRDA:111,32,1,6
BRDA:112,33,0,0
BRDA:112,33,1,6
BRF:70
BRH:56
end_of_record
TN:
SF:src\modules\condenserApproach\condenserApproach.module.ts
FN:8,(anonymous_0)
FN:14,(anonymous_1)
FN:19,(anonymous_2)
FNF:3
FNH:1
FNDA:0,(anonymous_0)
FNDA:1,(anonymous_1)
FNDA:0,(anonymous_2)
DA:5,4
DA:9,0
DA:11,0
DA:12,0
DA:15,1
DA:16,1
DA:17,1
DA:20,0
LF:8
LH:4
BRDA:11,0,0,0
BRDA:11,0,1,0
BRF:2
BRH:0
end_of_record
TN:
SF:src\modules\condenserApproach\condenserApproach.recommendations.ts
FN:4,generateCondenserApproachRecommendations
FNF:1
FNH:1
FNDA:15,generateCondenserApproachRecommendations
DA:5,15
DA:6,15
DA:8,15
DA:9,4
DA:23,15
DA:24,2
DA:38,15
DA:39,1
DA:53,15
DA:54,11
DA:68,15
LF:11
LH:11
BRDA:8,0,0,4
BRDA:8,0,1,11
BRDA:23,1,0,2
BRDA:23,1,1,13
BRDA:38,2,0,1
BRDA:38,2,1,14
BRDA:38,3,0,15
BRDA:38,3,1,14
BRDA:43,4,0,1
BRDA:43,4,1,0
BRDA:44,5,0,1
BRDA:44,5,1,0
BRDA:53,6,0,11
BRDA:53,6,1,4
BRF:14
BRH:12
end_of_record
TN:
SF:src\modules\hydronic\hydronic-source.engine.ts
FN:10,computeDeltaT
FN:18,computeApproachToAmbient
FN:38,analyzeDeltaTForSource
FN:48,analyzeFlowForSource
FN:57,evaluateFlags
FN:60,(anonymous_5)
FN:65,(anonymous_6)
FN:70,(anonymous_7)
FN:88,(anonymous_8)
FN:109,summarizeStatus
FN:134,runHydronicSourceEngine
FNF:11
FNH:11
FNDA:3,computeDeltaT
FNDA:3,computeApproachToAmbient
FNDA:3,analyzeDeltaTForSource
FNDA:3,analyzeFlowForSource
FNDA:3,evaluateFlags
FNDA:3,(anonymous_5)
FNDA:3,(anonymous_6)
FNDA:3,(anonymous_7)
FNDA:3,(anonymous_8)
FNDA:3,summarizeStatus
FNDA:3,runHydronicSourceEngine
DA:14,3
DA:15,3
DA:24,3
DA:26,3
DA:27,3
DA:29,0
DA:30,0
DA:33,0
DA:39,3
DA:40,3
DA:41,3
DA:42,3
DA:43,2
DA:44,2
DA:45,2
DA:49,3
DA:50,3
DA:51,3
DA:52,0
DA:53,0
DA:54,0
DA:58,3
DA:60,3
DA:61,3
DA:62,3
DA:65,3
DA:66,3
DA:67,3
DA:70,3
DA:71,3
DA:72,3
DA:76,3
DA:77,3
DA:78,3
DA:81,3
DA:83,3
DA:86,3
DA:88,3
DA:89,3
DA:92,3
DA:93,3
DA:96,3
DA:98,3
DA:110,3
DA:115,3
DA:117,0
DA:122,0
DA:124,0
DA:129,0
DA:131,0
DA:146,3
DA:148,3
DA:149,3
DA:157,3
DA:158,3
DA:161,3
DA:163,3
DA:171,3
DA:172,3
DA:174,3
DA:181,3
DA:183,3
LF:62
LH:51
BRDA:14,0,0,0
BRDA:14,0,1,3
BRDA:14,1,0,3
BRDA:14,1,1,3
BRDA:24,2,0,0
BRDA:24,2,1,3
BRDA:26,3,0,3
BRDA:26,3,1,0
BRDA:26,4,0,3
BRDA:26,4,1,3
BRDA:29,5,0,0
BRDA:29,5,1,0
BRDA:29,6,0,0
BRDA:29,6,1,0
BRDA:39,7,0,0
BRDA:39,7,1,3
BRDA:40,8,0,0
BRDA:40,8,1,3
BRDA:41,9,0,0
BRDA:41,9,1,3
BRDA:42,10,0,1
BRDA:42,10,1,2
BRDA:43,11,0,0
BRDA:43,11,1,2
BRDA:44,12,0,0
BRDA:44,12,1,2
BRDA:49,13,0,0
BRDA:49,13,1,3
BRDA:49,14,0,3
BRDA:49,14,1,3
BRDA:51,15,0,3
BRDA:51,15,1,0
BRDA:52,16,0,0
BRDA:52,16,1,0
BRDA:53,17,0,0
BRDA:53,17,1,0
BRDA:53,18,0,0
BRDA:53,18,1,0
BRDA:61,19,0,0
BRDA:61,19,1,3
BRDA:66,20,0,0
BRDA:66,20,1,3
BRDA:71,21,0,0
BRDA:71,21,1,3
BRDA:77,22,0,3
BRDA:77,22,1,3
BRDA:78,23,0,3
BRDA:78,23,1,0
BRDA:78,24,0,3
BRDA:78,24,1,3
BRDA:78,24,2,3
BRDA:81,25,0,3
BRDA:81,25,1,3
BRDA:81,25,2,0
BRDA:83,26,0,3
BRDA:83,26,1,0
BRDA:86,27,0,3
BRDA:86,27,1,0
BRDA:90,28,0,0
BRDA:90,28,1,3
BRDA:91,29,0,0
BRDA:91,29,1,3
BRDA:92,30,0,0
BRDA:92,30,1,3
BRDA:110,31,0,3
BRDA:110,31,1,0
BRDA:111,32,0,3
BRDA:111,32,1,2
BRDA:111,32,2,2
BRDA:117,33,0,0
BRDA:117,33,1,0
BRDA:118,34,0,0
BRDA:118,34,1,0
BRDA:118,34,2,0
BRDA:124,35,0,0
BRDA:124,35,1,0
BRDA:125,36,0,0
BRDA:125,36,1,0
BRDA:125,36,2,0
BRDA:151,37,0,3
BRDA:151,37,1,0
BRDA:152,38,0,3
BRDA:152,38,1,1
BRDA:153,39,0,3
BRDA:153,39,1,0
BRDA:157,40,0,3
BRDA:157,40,1,3
BRDA:158,41,0,3
BRDA:158,41,1,0
BRDA:158,42,0,3
BRDA:158,42,1,3
BRDA:158,42,2,3
BRDA:161,43,0,3
BRDA:161,43,1,3
BRDA:161,43,2,3
BRDA:161,43,3,3
BRDA:161,43,4,0
BRDA:164,44,0,3
BRDA:164,44,1,0
BRDA:165,45,0,3
BRDA:165,45,1,0
BRDA:168,46,0,3
BRDA:168,46,1,0
BRDA:168,47,0,3
BRDA:168,47,1,3
BRF:105
BRH:57
end_of_record
TN:
SF:src\modules\hydronic\hydronic-source.module.ts
FN:12,buildHydronicSourceEngineInput
FN:43,runHydronicSourceModule
FNF:2
FNH:2
FNDA:1,buildHydronicSourceEngineInput
FNDA:1,runHydronicSourceModule
DA:16,1
DA:17,1
DA:19,1
DA:28,1
DA:37,1
DA:47,1
DA:48,1
DA:50,1
LF:8
LH:8
BRDA:16,0,0,1
BRDA:16,0,1,0
BRDA:17,1,0,1
BRDA:17,1,1,0
BRDA:21,2,0,1
BRDA:21,2,1,0
BRDA:22,3,0,1
BRDA:22,3,1,0
BRDA:29,4,0,1
BRDA:29,4,1,0
BRDA:30,5,0,1
BRDA:30,5,1,0
BRDA:31,6,0,1
BRDA:31,6,1,1
BRDA:32,7,0,1
BRDA:32,7,1,0
BRDA:33,8,0,1
BRDA:33,8,1,0
BRDA:34,9,0,1
BRDA:34,9,1,1
BRF:20
BRH:12
end_of_record
TN:
SF:src\modules\hydronic\hydronic-source.recommendations.ts
FN:7,generateHydronicSourceRecommendations
FNF:1
FNH:1
FNDA:6,generateHydronicSourceRecommendations
DA:11,6
DA:12,6
DA:14,6
DA:15,2
DA:31,6
DA:32,0
DA:48,6
DA:49,0
DA:65,6
DA:66,1
DA:82,6
DA:89,2
DA:105,6
LF:13
LH:11
BRDA:14,0,0,2
BRDA:14,0,1,4
BRDA:31,1,0,0
BRDA:31,1,1,6
BRDA:48,2,0,0
BRDA:48,2,1,6
BRDA:65,3,0,1
BRDA:65,3,1,5
BRDA:82,4,0,2
BRDA:82,4,1,4
BRDA:83,5,0,6
BRDA:83,5,1,2
BRDA:83,5,2,2
BRDA:83,5,3,2
BRDA:83,5,4,2
BRF:15
BRH:13
end_of_record
TN:
SF:src\modules\hydronic\hydronic.engine.ts
FN:7,getExpectedHydronicDeltaT
FN:12,validateHydronicMeasurements
FN:22,analyzeDeltaT
FN:35,analyzeFlow
FN:44,getWorstStatus
FN:51,runHydronicEngine
FNF:6
FNH:6
FNDA:17,getExpectedHydronicDeltaT
FNDA:3,validateHydronicMeasurements
FNDA:11,analyzeDeltaT
FNDA:11,analyzeFlow
FNDA:11,getWorstStatus
FNDA:11,runHydronicEngine
DA:5,10
DA:8,17
DA:9,13
DA:13,3
DA:14,3
DA:15,3
DA:17,3
DA:18,3
DA:19,3
DA:23,11
DA:26,9
DA:28,5
DA:29,3
DA:30,2
DA:31,2
DA:32,2
DA:36,11
DA:37,8
DA:38,8
DA:39,8
DA:40,8
DA:41,8
DA:45,11
DA:46,6
DA:47,4
DA:48,4
DA:52,11
DA:53,11
DA:55,11
DA:56,11
DA:57,7
DA:60,11
DA:64,11
DA:66,11
DA:67,11
DA:69,11
DA:70,11
DA:72,11
DA:78,11
DA:84,11
DA:92,11
DA:93,11
DA:98,11
LF:43
LH:43
BRDA:8,0,0,4
BRDA:8,0,1,13
BRDA:8,1,0,17
BRDA:8,1,1,17
BRDA:15,2,0,0
BRDA:15,2,1,3
BRDA:17,3,0,0
BRDA:17,3,1,3
BRDA:17,4,0,3
BRDA:17,4,1,3
BRDA:18,5,0,0
BRDA:18,5,1,3
BRDA:19,6,0,0
BRDA:19,6,1,3
BRDA:23,7,0,2
BRDA:23,7,1,9
BRDA:26,8,0,4
BRDA:26,8,1,5
BRDA:28,9,0,2
BRDA:28,9,1,3
BRDA:29,10,0,1
BRDA:29,10,1,2
BRDA:30,11,0,0
BRDA:30,11,1,2
BRDA:31,12,0,0
BRDA:31,12,1,2
BRDA:36,13,0,3
BRDA:36,13,1,8
BRDA:36,14,0,11
BRDA:36,14,1,8
BRDA:38,15,0,0
BRDA:38,15,1,8
BRDA:39,16,0,0
BRDA:39,16,1,8
BRDA:40,17,0,0
BRDA:40,17,1,8
BRDA:40,18,0,8
BRDA:40,18,1,8
BRDA:45,19,0,5
BRDA:45,19,1,6
BRDA:46,20,0,2
BRDA:46,20,1,4
BRDA:47,21,0,0
BRDA:47,21,1,4
BRDA:52,22,0,11
BRDA:52,22,1,0
BRDA:56,23,0,7
BRDA:56,23,1,4
BRDA:60,24,0,9
BRDA:60,24,1,2
BRDA:60,25,0,11
BRDA:60,25,1,9
BRDA:61,26,0,9
BRDA:61,26,1,0
BRDA:61,27,0,9
BRDA:61,27,1,0
BRDA:64,28,0,11
BRDA:64,28,1,3
BRDA:67,29,0,11
BRDA:67,29,1,0
BRF:60
BRH:46
end_of_record
TN:
SF:src\modules\hydronic\hydronic.module.ts
FN:36,(anonymous_0)
FN:40,(anonymous_1)
FN:44,(anonymous_2)
FN:60,(anonymous_3)
FN:64,(anonymous_4)
FN:75,(anonymous_5)
FN:80,(anonymous_6)
FN:84,(anonymous_7)
FN:85,(anonymous_8)
FN:86,(anonymous_9)
FNF:10
FNH:2
FNDA:4,(anonymous_0)
FNDA:0,(anonymous_1)
FNDA:3,(anonymous_2)
FNDA:0,(anonymous_3)
FNDA:0,(anonymous_4)
FNDA:0,(anonymous_5)
FNDA:0,(anonymous_6)
FNDA:0,(anonymous_7)
FNDA:0,(anonymous_8)
FNDA:0,(anonymous_9)
DA:6,4
DA:16,4
DA:37,4
DA:38,4
DA:41,0
DA:45,3
DA:47,3
DA:48,0
DA:49,0
DA:50,0
DA:53,3
DA:55,3
DA:57,3
DA:61,0
DA:65,0
DA:66,0
DA:67,0
DA:68,0
DA:69,0
DA:70,0
DA:71,0
DA:72,0
DA:73,0
DA:74,0
DA:75,0
DA:77,0
DA:81,0
DA:85,0
DA:86,0
DA:90,4
LF:30
LH:10
BRDA:47,0,0,0
BRDA:47,0,1,3
BRDA:47,1,0,3
BRDA:47,1,1,0
BRDA:47,1,2,0
BRDA:68,2,0,0
BRDA:68,2,1,0
BRDA:69,3,0,0
BRDA:69,3,1,0
BRDA:72,4,0,0
BRDA:72,4,1,0
BRDA:72,5,0,0
BRDA:72,5,1,0
BRDA:85,6,0,0
BRDA:85,6,1,0
BRDA:85,7,0,0
BRDA:85,7,1,0
BRDA:85,8,0,0
BRDA:85,8,1,0
BRDA:85,9,0,0
BRDA:85,9,1,0
BRDA:86,10,0,0
BRDA:86,10,1,0
BRDA:86,10,2,0
BRDA:86,10,3,0
BRF:25
BRH:2
end_of_record
TN:
SF:src\modules\hydronic\hydronic.recommendations.ts
FN:4,generateHydronicRecommendations
FNF:1
FNH:1
FNDA:18,generateHydronicRecommendations
DA:5,18
DA:6,18
DA:9,18
DA:10,8
DA:26,18
DA:27,3
DA:42,18
DA:43,1
DA:59,18
DA:60,4
DA:76,18
DA:77,3
DA:91,18
LF:13
LH:13
BRDA:9,0,0,8
BRDA:9,0,1,10
BRDA:19,1,0,8
BRDA:19,1,1,0
BRDA:26,2,0,3
BRDA:26,2,1,15
BRDA:36,3,0,3
BRDA:36,3,1,0
BRDA:42,4,0,1
BRDA:42,4,1,17
BRDA:42,5,0,18
BRDA:42,5,1,17
BRDA:47,6,0,0
BRDA:47,6,1,1
BRDA:48,7,0,0
BRDA:48,7,1,1
BRDA:52,8,0,1
BRDA:52,8,1,0
BRDA:59,9,0,4
BRDA:59,9,1,14
BRDA:59,10,0,18
BRDA:59,10,1,6
BRDA:59,10,2,4
BRDA:59,10,3,0
BRDA:76,11,0,3
BRDA:76,11,1,15
BRDA:76,12,0,18
BRDA:76,12,1,16
BRDA:84,13,0,2
BRDA:84,13,1,1
BRF:30
BRH:24
end_of_record
TN:
SF:src\modules\refrigeration\ptUtils.ts
FN:10,validatePTChart
FN:44,(anonymous_1)
FNF:2
FNH:2
FNDA:5,validatePTChart
FNDA:5,(anonymous_1)
DA:11,5
DA:12,5
DA:14,5
DA:15,2
DA:16,2
DA:19,3
DA:20,1
DA:21,1
DA:25,2
DA:26,2
DA:27,5
DA:28,5
DA:29,0
DA:30,0
DA:32,5
DA:33,5
DA:34,0
DA:36,5
DA:37,3
DA:38,3
DA:40,5
DA:44,5
DA:45,2
DA:46,2
DA:47,2
DA:48,0
DA:51,2
LF:27
LH:23
BRDA:14,0,0,2
BRDA:14,0,1,3
BRDA:19,1,0,1
BRDA:19,1,1,2
BRDA:19,2,0,3
BRDA:19,2,1,3
BRDA:28,3,0,0
BRDA:28,3,1,5
BRDA:28,4,0,5
BRDA:28,4,1,5
BRDA:33,5,0,0
BRDA:33,5,1,5
BRDA:33,6,0,5
BRDA:33,6,1,5
BRDA:33,6,2,5
BRDA:33,6,3,5
BRDA:36,7,0,3
BRDA:36,7,1,2
BRDA:37,8,0,0
BRDA:37,8,1,3
BRDA:38,9,0,1
BRDA:38,9,1,2
BRDA:47,10,0,0
BRDA:47,10,1,2
BRDA:47,11,0,2
BRDA:47,11,1,2
BRF:26
BRH:22
end_of_record
TN:
SF:src\modules\refrigeration\refrigerantData.ts
FN:158,getRefrigerantTypes
FN:162,getRefrigerantData
FN:166,isValidRefrigerant
FNF:3
FNH:2
FNDA:0,getRefrigerantTypes
FNDA:64,getRefrigerantData
FNDA:9,isValidRefrigerant
DA:19,11
DA:159,0
DA:163,64
DA:167,9
LF:4
LH:3
BRDA:163,0,0,64
BRDA:163,0,1,22
BRF:2
BRH:2
end_of_record
TN:
SF:src\modules\refrigeration\refrigeration.domain.ts
FN:5,runRefrigerationDomain
FNF:1
FNH:1
FNDA:10,runRefrigerationDomain
DA:9,10
DA:11,10
DA:14,10
DA:15,5
DA:24,10
DA:25,0
DA:34,10
DA:35,0
DA:43,10
DA:45,10
LF:10
LH:8
BRDA:14,0,0,5
BRDA:14,0,1,5
BRDA:14,1,0,10
BRDA:14,1,1,6
BRDA:24,2,0,0
BRDA:24,2,1,10
BRDA:24,3,0,10
BRDA:24,3,1,2
BRDA:34,4,0,0
BRDA:34,4,1,10
BRDA:34,5,0,10
BRDA:34,5,1,1
BRF:12
BRH:10
end_of_record
TN:
SF:src\modules\refrigeration\refrigeration.engine.ts
FN:72,interpolatePT
FN:104,getSaturationTemp
FN:113,validateRefrigerationMeasurements
FN:131,analyzeSuperheat
FN:145,analyzeSubcooling
FN:154,analyzeCompressionRatio
FN:163,analyzeWaterTransfer
FN:176,determineOverallFinding
FN:188,getWorstStatus
FN:195,generateRefrigerationRecommendations
FN:346,generateRecommendations
FN:399,runRefrigerationEngine
FNF:12
FNH:9
FNDA:20,interpolatePT
FNDA:38,getSaturationTemp
FNDA:0,validateRefrigerationMeasurements
FNDA:19,analyzeSuperheat
FNDA:19,analyzeSubcooling
FNDA:19,analyzeCompressionRatio
FNDA:19,analyzeWaterTransfer
FNDA:0,determineOverallFinding
FNDA:19,getWorstStatus
FNDA:29,generateRefrigerationRecommendations
FNDA:0,generateRecommendations
FNDA:19,runRefrigerationEngine
DA:73,20
DA:76,20
DA:77,323
DA:78,323
DA:79,323
DA:80,20
DA:81,20
DA:86,0
DA:87,0
DA:88,0
DA:89,0
DA:90,0
DA:91,0
DA:93,0
DA:94,0
DA:95,0
DA:96,0
DA:97,0
DA:101,0
DA:105,38
DA:106,38
DA:108,18
DA:109,18
DA:110,18
DA:114,0
DA:115,0
DA:117,0
DA:118,0
DA:119,0
DA:121,0
DA:122,0
DA:124,0
DA:125,0
DA:127,0
DA:128,0
DA:132,19
DA:133,19
DA:135,19
DA:137,19
DA:138,18
DA:139,16
DA:140,7
DA:141,4
DA:142,4
DA:146,19
DA:147,19
DA:148,4
DA:149,4
DA:150,0
DA:151,0
DA:155,19
DA:156,19
DA:157,17
DA:158,17
DA:159,17
DA:160,15
DA:164,19
DA:165,19
DA:166,19
DA:167,19
DA:169,19
DA:170,11
DA:171,11
DA:172,2
DA:173,2
DA:177,0
DA:178,0
DA:179,0
DA:180,0
DA:181,0
DA:182,0
DA:183,0
DA:184,0
DA:185,0
DA:189,19
DA:190,16
DA:191,0
DA:192,0
DA:196,29
DA:197,29
DA:200,29
DA:201,2
DA:216,27
DA:220,16
DA:234,11
DA:238,4
DA:252,7
DA:256,2
DA:273,29
DA:274,2
DA:291,29
DA:292,19
DA:309,29
DA:310,2
DA:327,29
DA:328,2
DA:343,29
DA:354,0
DA:355,0
DA:357,0
DA:358,0
DA:359,0
DA:376,0
DA:377,0
DA:380,0
DA:381,0
DA:384,0
DA:385,0
DA:388,0
DA:389,0
DA:392,0
DA:393,0
DA:396,0
DA:400,19
DA:401,19
DA:404,19
DA:405,19
DA:406,19
DA:407,18
DA:411,19
DA:412,18
DA:414,1
DA:418,19
DA:419,19
DA:420,19
DA:422,2
DA:423,2
DA:424,1
DA:425,1
DA:426,1
DA:427,1
DA:428,1
DA:435,19
DA:436,19
DA:438,19
DA:439,19
DA:443,19
DA:444,19
DA:446,19
DA:447,19
DA:448,19
DA:449,19
DA:451,19
DA:452,19
DA:456,19
DA:471,19
DA:480,19
DA:506,19
DA:508,19
LF:149
LH:97
BRDA:73,0,0,0
BRDA:73,0,1,20
BRDA:73,1,0,20
BRDA:73,1,1,20
BRDA:79,2,0,20
BRDA:79,2,1,303
BRDA:79,3,0,323
BRDA:79,3,1,323
BRDA:86,4,0,0
BRDA:86,4,1,0
BRDA:87,5,0,0
BRDA:87,5,1,0
BRDA:93,6,0,0
BRDA:93,6,1,0
BRDA:105,7,0,38
BRDA:105,7,1,20
BRDA:106,8,0,20
BRDA:106,8,1,18
BRDA:109,9,0,0
BRDA:109,9,1,18
BRDA:117,10,0,0
BRDA:117,10,1,0
BRDA:118,11,0,0
BRDA:118,11,1,0
BRDA:119,12,0,0
BRDA:119,12,1,0
BRDA:121,13,0,0
BRDA:121,13,1,0
BRDA:121,14,0,0
BRDA:121,14,1,0
BRDA:122,15,0,0
BRDA:122,15,1,0
BRDA:122,16,0,0
BRDA:122,16,1,0
BRDA:124,17,0,0
BRDA:124,17,1,0
BRDA:124,18,0,0
BRDA:124,18,1,0
BRDA:124,18,2,0
BRDA:125,19,0,0
BRDA:125,19,1,0
BRDA:125,20,0,0
BRDA:125,20,1,0
BRDA:125,20,2,0
BRDA:128,21,0,0
BRDA:128,21,1,0
BRDA:132,22,0,11
BRDA:132,22,1,8
BRDA:133,23,0,19
BRDA:133,23,1,18
BRDA:133,23,2,18
BRDA:135,24,0,11
BRDA:135,24,1,8
BRDA:135,25,0,1
BRDA:135,25,1,10
BRDA:137,26,0,1
BRDA:137,26,1,18
BRDA:138,27,0,2
BRDA:138,27,1,16
BRDA:139,28,0,9
BRDA:139,28,1,7
BRDA:140,29,0,3
BRDA:140,29,1,4
BRDA:141,30,0,0
BRDA:141,30,1,4
BRDA:147,31,0,15
BRDA:147,31,1,4
BRDA:148,32,0,0
BRDA:148,32,1,4
BRDA:149,33,0,4
BRDA:149,33,1,0
BRDA:150,34,0,0
BRDA:150,34,1,0
BRDA:156,35,0,2
BRDA:156,35,1,17
BRDA:157,36,0,0
BRDA:157,36,1,17
BRDA:158,37,0,0
BRDA:158,37,1,17
BRDA:159,38,0,2
BRDA:159,38,1,15
BRDA:169,39,0,8
BRDA:169,39,1,11
BRDA:170,40,0,0
BRDA:170,40,1,11
BRDA:171,41,0,9
BRDA:171,41,1,2
BRDA:172,42,0,0
BRDA:172,42,1,2
BRDA:177,43,0,0
BRDA:177,43,1,0
BRDA:178,44,0,0
BRDA:178,44,1,0
BRDA:179,45,0,0
BRDA:179,45,1,0
BRDA:179,46,0,0
BRDA:179,46,1,0
BRDA:180,47,0,0
BRDA:180,47,1,0
BRDA:180,48,0,0
BRDA:180,48,1,0
BRDA:181,49,0,0
BRDA:181,49,1,0
BRDA:181,50,0,0
BRDA:181,50,1,0
BRDA:182,51,0,0
BRDA:182,51,1,0
BRDA:182,52,0,0
BRDA:182,52,1,0
BRDA:182,52,2,0
BRDA:183,53,0,0
BRDA:183,53,1,0
BRDA:184,54,0,0
BRDA:184,54,1,0
BRDA:184,55,0,0
BRDA:184,55,1,0
BRDA:184,55,2,0
BRDA:184,55,3,0
BRDA:184,55,4,0
BRDA:184,55,5,0
BRDA:189,56,0,3
BRDA:189,56,1,16
BRDA:190,57,0,16
BRDA:190,57,1,0
BRDA:191,58,0,0
BRDA:191,58,1,0
BRDA:200,59,0,2
BRDA:200,59,1,27
BRDA:208,60,0,2
BRDA:208,60,1,0
BRDA:212,61,0,2
BRDA:212,61,1,0
BRDA:216,62,0,16
BRDA:216,62,1,11
BRDA:229,63,0,16
BRDA:229,63,1,0
BRDA:229,64,0,16
BRDA:229,64,1,0
BRDA:234,65,0,4
BRDA:234,65,1,7
BRDA:237,66,0,11
BRDA:237,66,1,4
BRDA:247,67,0,4
BRDA:247,67,1,0
BRDA:247,68,0,4
BRDA:247,68,1,0
BRDA:252,69,0,2
BRDA:252,69,1,5
BRDA:255,70,0,7
BRDA:255,70,1,2
BRDA:255,70,2,2
BRDA:265,71,0,2
BRDA:265,71,1,0
BRDA:265,72,0,2
BRDA:265,72,1,0
BRDA:273,73,0,2
BRDA:273,73,1,27
BRDA:283,74,0,2
BRDA:283,74,1,0
BRDA:291,75,0,19
BRDA:291,75,1,10
BRDA:291,76,0,29
BRDA:291,76,1,10
BRDA:301,77,0,19
BRDA:301,77,1,0
BRDA:309,78,0,2
BRDA:309,78,1,27
BRDA:327,79,0,2
BRDA:327,79,1,27
BRDA:357,80,0,0
BRDA:357,80,1,0
BRDA:376,81,0,0
BRDA:376,81,1,0
BRDA:380,82,0,0
BRDA:380,82,1,0
BRDA:380,83,0,0
BRDA:380,83,1,0
BRDA:384,84,0,0
BRDA:384,84,1,0
BRDA:384,85,0,0
BRDA:384,85,1,0
BRDA:388,86,0,0
BRDA:388,86,1,0
BRDA:388,87,0,0
BRDA:388,87,1,0
BRDA:392,88,0,0
BRDA:392,88,1,0
BRDA:405,89,0,9
BRDA:405,89,1,10
BRDA:406,90,0,18
BRDA:406,90,1,1
BRDA:411,91,0,18
BRDA:411,91,1,1
BRDA:420,92,0,2
BRDA:420,92,1,17
BRDA:422,93,0,2
BRDA:422,93,1,0
BRDA:423,94,0,1
BRDA:423,94,1,1
BRDA:427,95,0,1
BRDA:427,95,1,0
BRDA:428,96,0,1
BRDA:428,96,1,0
BRDA:439,97,0,11
BRDA:439,97,1,8
BRDA:439,98,0,19
BRDA:439,98,1,11
BRDA:444,99,0,8
BRDA:444,99,1,11
BRDA:447,100,0,19
BRDA:447,100,1,8
BRDA:468,101,0,8
BRDA:468,101,1,11
BRF:213
BRH:105
end_of_record
TN:
SF:src\modules\refrigeration\refrigeration.validation.ts
FN:4,validateRefrigerationMeasurements
FN:22,(anonymous_1)
FN:53,(anonymous_2)
FNF:3
FNH:3
FNDA:1,validateRefrigerationMeasurements
FNDA:1,(anonymous_1)
FNDA:1,(anonymous_2)
DA:5,1
DA:8,1
DA:9,1
DA:11,1
DA:12,0
DA:14,1
DA:15,0
DA:17,1
DA:18,0
DA:22,1
DA:24,1
DA:26,0
DA:27,0
DA:29,0
DA:30,0
DA:32,0
DA:33,0
DA:37,0
DA:38,0
DA:40,0
DA:41,0
DA:45,0
DA:46,0
DA:48,0
DA:49,0
DA:53,1
LF:26
LH:9
BRDA:8,0,0,1
BRDA:8,0,1,0
BRDA:11,1,0,0
BRDA:11,1,1,1
BRDA:14,2,0,0
BRDA:14,2,1,1
BRDA:17,3,0,0
BRDA:17,3,1,1
BRDA:24,4,0,0
BRDA:24,4,1,1
BRDA:26,5,0,0
BRDA:26,5,1,0
BRDA:29,6,0,0
BRDA:29,6,1,0
BRDA:32,7,0,0
BRDA:32,7,1,0
BRDA:37,8,0,0
BRDA:37,8,1,0
BRDA:37,9,0,0
BRDA:37,9,1,0
BRDA:40,10,0,0
BRDA:40,10,1,0
BRDA:40,11,0,0
BRDA:40,11,1,0
BRDA:45,12,0,0
BRDA:45,12,1,0
BRDA:45,13,0,0
BRDA:45,13,1,0
BRDA:45,13,2,0
BRDA:48,14,0,0
BRDA:48,14,1,0
BRDA:48,15,0,0
BRDA:48,15,1,0
BRDA:48,15,2,0
BRF:34
BRH:5
end_of_record
TN:
SF:src\modules\reversingValve\reversing.engine.ts
FN:5,validateReversingValveMeasurements
FN:34,getExpectedPattern
FN:39,analyzeSolenoid
FN:46,analyzeValvePattern
FN:79,generateRecommendations
FN:97,(anonymous_5)
FN:105,runReversingValveEngine
FNF:7
FNH:6
FNDA:1,validateReversingValveMeasurements
FNDA:28,getExpectedPattern
FNDA:10,analyzeSolenoid
FNDA:18,analyzeValvePattern
FNDA:20,generateRecommendations
FNDA:0,(anonymous_5)
FNDA:18,runReversingValveEngine
DA:6,1
DA:7,1
DA:9,1
DA:11,1
DA:12,1
DA:14,0
DA:15,0
DA:16,0
DA:17,0
DA:19,0
DA:20,0
DA:21,0
DA:24,1
DA:26,1
DA:27,0
DA:28,0
DA:31,1
DA:35,28
DA:36,12
DA:40,10
DA:41,10
DA:42,10
DA:43,10
DA:47,18
DA:48,2
DA:54,16
DA:55,16
DA:56,16
DA:57,16
DA:58,16
DA:60,16
DA:61,18
DA:62,4
DA:63,1
DA:65,3
DA:66,0
DA:68,3
DA:71,12
DA:72,18
DA:73,4
DA:76,8
DA:80,20
DA:81,20
DA:82,3
DA:84,20
DA:85,4
DA:87,20
DA:88,1
DA:90,20
DA:91,0
DA:93,20
DA:94,4
DA:97,20
DA:98,0
DA:99,0
DA:100,0
DA:101,0
DA:106,18
DA:107,18
DA:108,18
DA:109,18
DA:110,18
DA:112,18
DA:113,18
DA:114,18
DA:115,18
DA:116,18
DA:117,18
DA:118,18
DA:120,18
DA:122,18
DA:125,18
DA:126,10
DA:127,10
DA:131,18
DA:132,18
DA:134,18
DA:136,18
DA:144,18
DA:149,18
LF:80
LH:65
BRDA:9,0,0,1
BRDA:9,0,1,0
BRDA:12,1,0,1
BRDA:12,1,1,0
BRDA:14,2,0,0
BRDA:14,2,1,0
BRDA:14,3,0,0
BRDA:14,3,1,0
BRDA:15,4,0,0
BRDA:15,4,1,0
BRDA:15,5,0,0
BRDA:15,5,1,0
BRDA:16,6,0,0
BRDA:16,6,1,0
BRDA:16,7,0,0
BRDA:16,7,1,0
BRDA:17,8,0,0
BRDA:17,8,1,0
BRDA:17,9,0,0
BRDA:17,9,1,0
BRDA:21,10,0,0
BRDA:21,10,1,0
BRDA:24,11,0,0
BRDA:24,11,1,1
BRDA:26,12,0,0
BRDA:26,12,1,1
BRDA:27,13,0,0
BRDA:27,13,1,0
BRDA:27,14,0,0
BRDA:27,14,1,0
BRDA:28,15,0,0
BRDA:28,15,1,0
BRDA:31,16,0,1
BRDA:31,16,1,0
BRDA:35,17,0,16
BRDA:35,17,1,12
BRDA:40,18,0,0
BRDA:40,18,1,10
BRDA:42,19,0,0
BRDA:42,19,1,10
BRDA:47,20,0,2
BRDA:47,20,1,16
BRDA:60,21,0,16
BRDA:60,21,1,4
BRDA:61,22,0,4
BRDA:61,22,1,14
BRDA:62,23,0,1
BRDA:62,23,1,3
BRDA:65,24,0,0
BRDA:65,24,1,3
BRDA:71,25,0,12
BRDA:71,25,1,0
BRDA:72,26,0,4
BRDA:72,26,1,14
BRDA:72,27,0,18
BRDA:72,27,1,4
BRDA:81,28,0,3
BRDA:81,28,1,17
BRDA:81,29,0,20
BRDA:81,29,1,11
BRDA:84,30,0,4
BRDA:84,30,1,16
BRDA:87,31,0,1
BRDA:87,31,1,19
BRDA:87,32,0,20
BRDA:87,32,1,1
BRDA:90,33,0,0
BRDA:90,33,1,20
BRDA:93,34,0,4
BRDA:93,34,1,16
BRDA:93,35,0,20
BRDA:93,35,1,4
BRDA:99,36,0,0
BRDA:99,36,1,0
BRDA:100,37,0,0
BRDA:100,37,1,0
BRDA:115,38,0,17
BRDA:115,38,1,1
BRDA:116,39,0,2
BRDA:116,39,1,16
BRDA:117,40,0,6
BRDA:117,40,1,12
BRDA:118,41,0,6
BRDA:118,41,1,12
BRDA:125,42,0,10
BRDA:125,42,1,8
BRDA:125,43,0,18
BRDA:125,43,1,18
BRDA:132,44,0,0
BRDA:132,44,1,18
BRF:90
BRH:51
end_of_record
TN:
SF:src\modules\reversingValve\reversing.module.ts
FN:25,(anonymous_0)
FN:29,(anonymous_1)
FN:33,(anonymous_2)
FN:37,(anonymous_3)
FN:41,(anonymous_4)
FN:63,(anonymous_5)
FN:66,(anonymous_6)
FN:71,(anonymous_7)
FN:75,(anonymous_8)
FN:77,(anonymous_9)
FN:77,(anonymous_10)
FN:78,(anonymous_11)
FN:78,(anonymous_12)
FN:79,(anonymous_13)
FN:79,(anonymous_14)
FN:81,(anonymous_15)
FNF:16
FNH:7
FNDA:1,(anonymous_0)
FNDA:1,(anonymous_1)
FNDA:1,(anonymous_2)
FNDA:0,(anonymous_3)
FNDA:1,(anonymous_4)
FNDA:1,(anonymous_5)
FNDA:1,(anonymous_6)
FNDA:1,(anonymous_7)
FNDA:0,(anonymous_8)
FNDA:0,(anonymous_9)
FNDA:0,(anonymous_10)
FNDA:0,(anonymous_11)
FNDA:0,(anonymous_12)
FNDA:0,(anonymous_13)
FNDA:0,(anonymous_14)
FNDA:0,(anonymous_15)
DA:6,1
DA:15,1
DA:26,1
DA:27,1
DA:30,1
DA:34,1
DA:38,0
DA:42,1
DA:43,1
DA:44,1
DA:45,1
DA:46,1
DA:47,1
DA:48,1
DA:49,1
DA:50,1
DA:51,1
DA:52,1
DA:53,1
DA:54,1
DA:55,1
DA:56,1
DA:57,1
DA:58,1
DA:59,1
DA:60,1
DA:61,1
DA:62,1
DA:63,1
DA:64,1
DA:65,1
DA:66,1
DA:67,1
DA:68,1
DA:72,1
DA:77,0
DA:78,0
DA:79,0
DA:81,0
DA:82,0
DA:83,0
DA:90,1
LF:42
LH:35
BRDA:46,0,0,1
BRDA:46,0,1,0
BRDA:60,1,0,1
BRDA:60,1,1,0
BRDA:63,2,0,1
BRDA:63,2,1,0
BRDA:63,3,0,1
BRDA:63,3,1,1
BRDA:64,4,0,0
BRDA:64,4,1,1
BRDA:64,5,0,0
BRDA:64,5,1,0
BRDA:64,5,2,0
BRDA:64,6,0,1
BRDA:64,6,1,0
BRDA:66,7,0,1
BRDA:66,7,1,1
BRDA:66,8,0,1
BRDA:66,8,1,0
BRDA:66,9,0,1
BRDA:66,9,1,0
BRDA:67,10,0,0
BRDA:67,10,1,1
BRDA:77,11,0,0
BRDA:77,11,1,0
BRDA:77,12,0,0
BRDA:77,12,1,0
BRDA:77,12,2,0
BRDA:77,12,3,0
BRDA:78,13,0,0
BRDA:78,13,1,0
BRDA:78,13,2,0
BRDA:78,13,3,0
BRDA:79,14,0,0
BRDA:79,14,1,0
BRDA:79,15,0,0
BRDA:79,15,1,0
BRDA:79,15,2,0
BRDA:79,15,3,0
BRDA:81,16,0,0
BRDA:81,16,1,0
BRDA:81,17,0,0
BRDA:81,17,1,0
BRDA:82,18,0,0
BRDA:82,18,1,0
BRDA:82,19,0,0
BRDA:82,19,1,0
BRDA:82,19,2,0
BRDA:82,20,0,0
BRDA:82,20,1,0
BRF:50
BRH:12
end_of_record
TN:
SF:src\shared\wshp.types.ts
FN:106,formatPressure
FN:110,formatCurrent
FN:114,formatVoltage
FN:118,formatFlow
FN:122,formatPercentage
FN:158,round
FN:163,formatTemperature
FNF:7
FNH:2
FNDA:0,formatPressure
FNDA:0,formatCurrent
FNDA:0,formatVoltage
FNDA:0,formatFlow
FNDA:0,formatPercentage
FNDA:456,round
FNDA:19,formatTemperature
DA:107,0
DA:111,0
DA:115,0
DA:119,0
DA:123,0
DA:150,28
DA:159,456
DA:160,456
DA:164,19
LF:9
LH:4
BRDA:158,0,0,456
BRF:1
BRH:1
end_of_record
TN:
SF:src\wshp\wshp.config.refrigeration.ts
FN:5,buildRefrigerationConfigFromWSHP
FNF:1
FNH:1
FNDA:10,buildRefrigerationConfigFromWSHP
DA:6,10
DA:8,10
LF:2
LH:2
BRDA:13,0,0,10
BRDA:13,0,1,1
BRDA:13,1,0,1
BRDA:13,1,1,0
BRF:4
BRH:3
end_of_record
TN:
SF:src\wshp\wshp.diagx.ts
FN:30,runWshpDiagx
FN:129,reduceOverallStatus
FN:130,(anonymous_2)
FN:130,(anonymous_3)
FNF:4
FNH:4
FNDA:10,runWshpDiagx
FNDA:10,reduceOverallStatus
FNDA:47,(anonymous_2)
FNDA:5,(anonymous_3)
DA:31,10
DA:32,10
DA:34,10
DA:35,10
DA:36,10
DA:37,10
DA:38,10
DA:40,10
DA:41,9
DA:42,9
DA:45,10
DA:46,10
DA:47,10
DA:48,10
DA:52,10
DA:53,1
DA:54,1
DA:59,1
DA:62,1
DA:63,1
DA:69,10
DA:70,9
DA:71,9
DA:75,10
DA:76,0
DA:77,0
DA:82,0
DA:83,0
DA:84,0
DA:90,10
DA:91,9
DA:92,9
DA:95,10
DA:96,9
DA:97,9
DA:100,10
DA:103,10
DA:106,10
DA:107,1
DA:111,10
DA:112,1
DA:116,10
DA:117,10
DA:118,10
DA:119,1
DA:122,10
DA:123,2
DA:126,10
DA:130,47
DA:132,10
DA:133,10
DA:134,5
DA:135,5
LF:53
LH:48
BRDA:40,0,0,9
BRDA:40,0,1,1
BRDA:45,1,0,10
BRDA:45,1,1,0
BRDA:52,2,0,1
BRDA:52,2,1,9
BRDA:52,3,0,10
BRDA:52,3,1,9
BRDA:52,3,2,9
BRDA:52,3,3,8
BRDA:55,4,0,1
BRDA:55,4,1,0
BRDA:56,5,0,1
BRDA:56,5,1,0
BRDA:57,6,0,1
BRDA:57,6,1,0
BRDA:59,7,0,0
BRDA:59,7,1,1
BRDA:69,8,0,9
BRDA:69,8,1,1
BRDA:75,9,0,0
BRDA:75,9,1,10
BRDA:75,10,0,10
BRDA:75,10,1,10
BRDA:75,10,2,10
BRDA:78,11,0,0
BRDA:78,11,1,0
BRDA:79,12,0,0
BRDA:79,12,1,0
BRDA:80,13,0,0
BRDA:80,13,1,0
BRDA:90,14,0,9
BRDA:90,14,1,1
BRDA:95,15,0,9
BRDA:95,15,1,1
BRDA:106,16,0,1
BRDA:106,16,1,9
BRDA:106,17,0,10
BRDA:106,17,1,9
BRDA:106,17,2,9
BRDA:106,17,3,8
BRDA:111,18,0,1
BRDA:111,18,1,9
BRDA:111,19,0,10
BRDA:111,19,1,10
BRDA:111,19,2,10
BRDA:111,19,3,10
BRDA:116,20,0,10
BRDA:116,20,1,9
BRDA:116,20,2,9
BRDA:117,21,0,10
BRDA:117,21,1,9
BRDA:117,21,2,9
BRDA:118,22,0,1
BRDA:118,22,1,9
BRDA:118,23,0,10
BRDA:118,23,1,9
BRDA:118,23,2,1
BRDA:118,23,3,1
BRDA:118,23,4,0
BRDA:118,23,5,0
BRDA:118,23,6,0
BRDA:122,24,0,2
BRDA:122,24,1,8
BRDA:132,25,0,0
BRDA:132,25,1,10
BRDA:133,26,0,5
BRDA:133,26,1,5
BRDA:134,27,0,0
BRDA:134,27,1,5
BRF:70
BRH:53
end_of_record
TN:
SF:src\wshp\wshp.profile.ts
FN:76,hasReversingValve
FN:80,hasVFD
FNF:2
FNH:1
FNDA:1,hasReversingValve
FNDA:0,hasVFD
DA:77,1
DA:81,0
LF:2
LH:1
BRDA:77,0,0,1
BRDA:77,0,1,0
BRDA:81,1,0,0
BRDA:81,1,1,0
BRF:4
BRH:1
end_of_record
